{"/Users/dena/githubDena/miniProjectDTeam/app.js": {"path":"/Users/dena/githubDena/miniProjectDTeam/app.js","statementMap":{"0":{"start":{"line":1,"column":16},"end":{"line":1,"column":34}},"1":{"start":{"line":2,"column":19},"end":{"line":2,"column":48}},"2":{"start":{"line":3,"column":13},"end":{"line":3,"column":28}},"3":{"start":{"line":6,"column":15},"end":{"line":6,"column":40}},"4":{"start":{"line":9,"column":21},"end":{"line":9,"column":58}},"5":{"start":{"line":11,"column":20},"end":{"line":22,"column":1}},"6":{"start":{"line":25,"column":13},"end":{"line":25,"column":37}},"7":{"start":{"line":28,"column":12},"end":{"line":28,"column":21}},"8":{"start":{"line":30,"column":0},"end":{"line":30,"column":27}},"9":{"start":{"line":33,"column":0},"end":{"line":33,"column":24}},"10":{"start":{"line":34,"column":0},"end":{"line":34,"column":48}},"11":{"start":{"line":37,"column":0},"end":{"line":37,"column":22}},"12":{"start":{"line":42,"column":0},"end":{"line":42,"column":34}},"13":{"start":{"line":45,"column":0},"end":{"line":45,"column":21}},"14":{"start":{"line":48,"column":0},"end":{"line":50,"column":3}},"15":{"start":{"line":49,"column":2},"end":{"line":49,"column":59}},"16":{"start":{"line":53,"column":0},"end":{"line":53,"column":22}},"17":{"start":{"line":55,"column":0},"end":{"line":58,"column":1}},"18":{"start":{"line":57,"column":2},"end":{"line":57,"column":67}},"19":{"start":{"line":57,"column":25},"end":{"line":57,"column":65}},"20":{"start":{"line":60,"column":0},"end":{"line":60,"column":21}}},"fnMap":{"0":{"name":"(anonymous_0)","decl":{"start":{"line":48,"column":13},"end":{"line":48,"column":14}},"loc":{"start":{"line":48,"column":33},"end":{"line":50,"column":1}},"line":48},"1":{"name":"(anonymous_1)","decl":{"start":{"line":57,"column":19},"end":{"line":57,"column":20}},"loc":{"start":{"line":57,"column":25},"end":{"line":57,"column":65}},"line":57}},"branchMap":{"0":{"loc":{"start":{"line":25,"column":13},"end":{"line":25,"column":37}},"type":"binary-expr","locations":[{"start":{"line":25,"column":13},"end":{"line":25,"column":29}},{"start":{"line":25,"column":33},"end":{"line":25,"column":37}}],"line":25},"1":{"loc":{"start":{"line":55,"column":0},"end":{"line":58,"column":1}},"type":"if","locations":[{"start":{"line":55,"column":0},"end":{"line":58,"column":1}},{"start":{},"end":{}}],"line":55}},"s":{"0":3,"1":3,"2":3,"3":3,"4":3,"5":3,"6":3,"7":3,"8":3,"9":3,"10":3,"11":3,"12":3,"13":3,"14":3,"15":0,"16":3,"17":3,"18":0,"19":0,"20":3},"f":{"0":0,"1":0},"b":{"0":[3,3],"1":[0,3]},"_coverageSchema":"1a1c01bbd47fc00a2c39e90264f33305004495a9","hash":"d45707880ca66f634beebd2bd16743275be2eff8"}
,"/Users/dena/githubDena/miniProjectDTeam/config/config.js": {"path":"/Users/dena/githubDena/miniProjectDTeam/config/config.js","statementMap":{"0":{"start":{"line":1,"column":0},"end":{"line":1,"column":67}},"1":{"start":{"line":3,"column":0},"end":{"line":35,"column":2}}},"fnMap":{},"branchMap":{},"s":{"0":3,"1":3},"f":{},"b":{},"_coverageSchema":"1a1c01bbd47fc00a2c39e90264f33305004495a9","hash":"cae3d365bb2aae4a9623c0e64dc25a67706c2161"}
,"/Users/dena/githubDena/miniProjectDTeam/controllers/bookmark.js": {"path":"/Users/dena/githubDena/miniProjectDTeam/controllers/bookmark.js","statementMap":{"0":{"start":{"line":1,"column":44},"end":{"line":1,"column":64}},"1":{"start":{"line":2,"column":15},"end":{"line":2,"column":35}},"2":{"start":{"line":6,"column":4},"end":{"line":58,"column":5}},"3":{"start":{"line":8,"column":28},"end":{"line":13,"column":7}},"4":{"start":{"line":9,"column":22},"end":{"line":9,"column":38}},"5":{"start":{"line":10,"column":23},"end":{"line":10,"column":46}},"6":{"start":{"line":12,"column":8},"end":{"line":12,"column":33}},"7":{"start":{"line":16,"column":28},"end":{"line":31,"column":7}},"8":{"start":{"line":17,"column":52},"end":{"line":17,"column":56}},"9":{"start":{"line":18,"column":28},"end":{"line":18,"column":44}},"10":{"start":{"line":19,"column":25},"end":{"line":19,"column":45}},"11":{"start":{"line":20,"column":25},"end":{"line":20,"column":45}},"12":{"start":{"line":21,"column":27},"end":{"line":21,"column":56}},"13":{"start":{"line":23,"column":8},"end":{"line":30,"column":10}},"14":{"start":{"line":33,"column":29},"end":{"line":33,"column":38}},"15":{"start":{"line":34,"column":32},"end":{"line":34,"column":57}},"16":{"start":{"line":36,"column":19},"end":{"line":50,"column":8}},"17":{"start":{"line":52,"column":6},"end":{"line":54,"column":7}},"18":{"start":{"line":53,"column":8},"end":{"line":53,"column":73}},"19":{"start":{"line":55,"column":6},"end":{"line":55,"column":68}},"20":{"start":{"line":57,"column":6},"end":{"line":57,"column":18}},"21":{"start":{"line":62,"column":4},"end":{"line":76,"column":5}},"22":{"start":{"line":63,"column":22},"end":{"line":63,"column":35}},"23":{"start":{"line":64,"column":21},"end":{"line":64,"column":37}},"24":{"start":{"line":65,"column":25},"end":{"line":65,"column":44}},"25":{"start":{"line":67,"column":22},"end":{"line":71,"column":8}},"26":{"start":{"line":73,"column":6},"end":{"line":73,"column":74}},"27":{"start":{"line":75,"column":6},"end":{"line":75,"column":18}},"28":{"start":{"line":80,"column":4},"end":{"line":94,"column":5}},"29":{"start":{"line":81,"column":26},"end":{"line":85,"column":8}},"30":{"start":{"line":87,"column":6},"end":{"line":89,"column":7}},"31":{"start":{"line":88,"column":8},"end":{"line":88,"column":74}},"32":{"start":{"line":91,"column":6},"end":{"line":91,"column":77}},"33":{"start":{"line":93,"column":6},"end":{"line":93,"column":18}},"34":{"start":{"line":98,"column":0},"end":{"line":98,"column":26}}},"fnMap":{"0":{"name":"(anonymous_0)","decl":{"start":{"line":5,"column":2},"end":{"line":5,"column":3}},"loc":{"start":{"line":5,"column":47},"end":{"line":59,"column":3}},"line":5},"1":{"name":"(anonymous_1)","decl":{"start":{"line":8,"column":28},"end":{"line":8,"column":29}},"loc":{"start":{"line":8,"column":44},"end":{"line":13,"column":7}},"line":8},"2":{"name":"(anonymous_2)","decl":{"start":{"line":16,"column":28},"end":{"line":16,"column":29}},"loc":{"start":{"line":16,"column":51},"end":{"line":31,"column":7}},"line":16},"3":{"name":"(anonymous_3)","decl":{"start":{"line":61,"column":2},"end":{"line":61,"column":3}},"loc":{"start":{"line":61,"column":46},"end":{"line":77,"column":3}},"line":61},"4":{"name":"(anonymous_4)","decl":{"start":{"line":79,"column":2},"end":{"line":79,"column":3}},"loc":{"start":{"line":79,"column":46},"end":{"line":95,"column":3}},"line":79}},"branchMap":{"0":{"loc":{"start":{"line":9,"column":22},"end":{"line":9,"column":38}},"type":"cond-expr","locations":[{"start":{"line":9,"column":29},"end":{"line":9,"column":34}},{"start":{"line":9,"column":37},"end":{"line":9,"column":38}}],"line":9},"1":{"loc":{"start":{"line":10,"column":23},"end":{"line":10,"column":46}},"type":"binary-expr","locations":[{"start":{"line":10,"column":23},"end":{"line":10,"column":41}},{"start":{"line":10,"column":45},"end":{"line":10,"column":46}}],"line":10},"2":{"loc":{"start":{"line":18,"column":28},"end":{"line":18,"column":44}},"type":"cond-expr","locations":[{"start":{"line":18,"column":35},"end":{"line":18,"column":40}},{"start":{"line":18,"column":43},"end":{"line":18,"column":44}}],"line":18},"3":{"loc":{"start":{"line":19,"column":25},"end":{"line":19,"column":45}},"type":"cond-expr","locations":[{"start":{"line":19,"column":32},"end":{"line":19,"column":41}},{"start":{"line":19,"column":44},"end":{"line":19,"column":45}}],"line":19},"4":{"loc":{"start":{"line":20,"column":25},"end":{"line":20,"column":45}},"type":"cond-expr","locations":[{"start":{"line":20,"column":32},"end":{"line":20,"column":41}},{"start":{"line":20,"column":44},"end":{"line":20,"column":45}}],"line":20},"5":{"loc":{"start":{"line":52,"column":6},"end":{"line":54,"column":7}},"type":"if","locations":[{"start":{"line":52,"column":6},"end":{"line":54,"column":7}},{"start":{},"end":{}}],"line":52},"6":{"loc":{"start":{"line":87,"column":6},"end":{"line":89,"column":7}},"type":"if","locations":[{"start":{"line":87,"column":6},"end":{"line":89,"column":7}},{"start":{},"end":{}}],"line":87}},"s":{"0":3,"1":3,"2":0,"3":0,"4":0,"5":0,"6":0,"7":0,"8":0,"9":0,"10":0,"11":0,"12":0,"13":0,"14":0,"15":0,"16":0,"17":0,"18":0,"19":0,"20":0,"21":0,"22":0,"23":0,"24":0,"25":0,"26":0,"27":0,"28":0,"29":0,"30":0,"31":0,"32":0,"33":0,"34":3},"f":{"0":0,"1":0,"2":0,"3":0,"4":0},"b":{"0":[0,0],"1":[0,0],"2":[0,0],"3":[0,0],"4":[0,0],"5":[0,0],"6":[0,0]},"_coverageSchema":"1a1c01bbd47fc00a2c39e90264f33305004495a9","hash":"ebdd1e7da0aa5dedf887746e2a86b6b49a2cc5f9"}
,"/Users/dena/githubDena/miniProjectDTeam/controllers/commentsController.js": {"path":"/Users/dena/githubDena/miniProjectDTeam/controllers/commentsController.js","statementMap":{"0":{"start":{"line":1,"column":26},"end":{"line":1,"column":46}},"1":{"start":{"line":6,"column":4},"end":{"line":33,"column":5}},"2":{"start":{"line":8,"column":22},"end":{"line":12,"column":8}},"3":{"start":{"line":15,"column":19},"end":{"line":26,"column":8}},"4":{"start":{"line":28,"column":6},"end":{"line":30,"column":63}},"5":{"start":{"line":32,"column":6},"end":{"line":32,"column":18}},"6":{"start":{"line":38,"column":4},"end":{"line":78,"column":5}},"7":{"start":{"line":41,"column":24},"end":{"line":43,"column":8}},"8":{"start":{"line":45,"column":6},"end":{"line":49,"column":7}},"9":{"start":{"line":46,"column":8},"end":{"line":48,"column":76}},"10":{"start":{"line":51,"column":26},"end":{"line":55,"column":8}},"11":{"start":{"line":58,"column":6},"end":{"line":60,"column":7}},"12":{"start":{"line":59,"column":8},"end":{"line":59,"column":71}},"13":{"start":{"line":62,"column":19},"end":{"line":73,"column":8}},"14":{"start":{"line":75,"column":6},"end":{"line":75,"column":78}},"15":{"start":{"line":77,"column":6},"end":{"line":77,"column":18}},"16":{"start":{"line":83,"column":4},"end":{"line":104,"column":5}},"17":{"start":{"line":85,"column":24},"end":{"line":87,"column":8}},"18":{"start":{"line":89,"column":6},"end":{"line":93,"column":7}},"19":{"start":{"line":90,"column":8},"end":{"line":92,"column":76}},"20":{"start":{"line":95,"column":17},"end":{"line":95,"column":72}},"21":{"start":{"line":97,"column":6},"end":{"line":99,"column":7}},"22":{"start":{"line":98,"column":8},"end":{"line":98,"column":71}},"23":{"start":{"line":101,"column":6},"end":{"line":101,"column":71}},"24":{"start":{"line":103,"column":6},"end":{"line":103,"column":18}},"25":{"start":{"line":108,"column":0},"end":{"line":108,"column":25}}},"fnMap":{"0":{"name":"(anonymous_0)","decl":{"start":{"line":5,"column":2},"end":{"line":5,"column":3}},"loc":{"start":{"line":5,"column":45},"end":{"line":34,"column":3}},"line":5},"1":{"name":"(anonymous_1)","decl":{"start":{"line":37,"column":2},"end":{"line":37,"column":3}},"loc":{"start":{"line":37,"column":45},"end":{"line":79,"column":3}},"line":37},"2":{"name":"(anonymous_2)","decl":{"start":{"line":82,"column":2},"end":{"line":82,"column":3}},"loc":{"start":{"line":82,"column":45},"end":{"line":105,"column":3}},"line":82}},"branchMap":{"0":{"loc":{"start":{"line":45,"column":6},"end":{"line":49,"column":7}},"type":"if","locations":[{"start":{"line":45,"column":6},"end":{"line":49,"column":7}},{"start":{},"end":{}}],"line":45},"1":{"loc":{"start":{"line":58,"column":6},"end":{"line":60,"column":7}},"type":"if","locations":[{"start":{"line":58,"column":6},"end":{"line":60,"column":7}},{"start":{},"end":{}}],"line":58},"2":{"loc":{"start":{"line":89,"column":6},"end":{"line":93,"column":7}},"type":"if","locations":[{"start":{"line":89,"column":6},"end":{"line":93,"column":7}},{"start":{},"end":{}}],"line":89},"3":{"loc":{"start":{"line":97,"column":6},"end":{"line":99,"column":7}},"type":"if","locations":[{"start":{"line":97,"column":6},"end":{"line":99,"column":7}},{"start":{},"end":{}}],"line":97}},"s":{"0":3,"1":0,"2":0,"3":0,"4":0,"5":0,"6":0,"7":0,"8":0,"9":0,"10":0,"11":0,"12":0,"13":0,"14":0,"15":0,"16":0,"17":0,"18":0,"19":0,"20":0,"21":0,"22":0,"23":0,"24":0,"25":3},"f":{"0":0,"1":0,"2":0},"b":{"0":[0,0],"1":[0,0],"2":[0,0],"3":[0,0]},"_coverageSchema":"1a1c01bbd47fc00a2c39e90264f33305004495a9","hash":"a3789ca337d7bd629be406e9e3529c80a178cd51"}
,"/Users/dena/githubDena/miniProjectDTeam/controllers/events.js": {"path":"/Users/dena/githubDena/miniProjectDTeam/controllers/events.js","statementMap":{"0":{"start":{"line":2,"column":51},"end":{"line":2,"column":71}},"1":{"start":{"line":5,"column":15},"end":{"line":5,"column":35}},"2":{"start":{"line":8,"column":15},"end":{"line":8,"column":41}},"3":{"start":{"line":10,"column":19},"end":{"line":10,"column":40}},"4":{"start":{"line":11,"column":0},"end":{"line":15,"column":3}},"5":{"start":{"line":18,"column":22},"end":{"line":23,"column":1}},"6":{"start":{"line":19,"column":16},"end":{"line":19,"column":32}},"7":{"start":{"line":20,"column":17},"end":{"line":20,"column":40}},"8":{"start":{"line":22,"column":2},"end":{"line":22,"column":27}},"9":{"start":{"line":26,"column":22},"end":{"line":34,"column":1}},"10":{"start":{"line":27,"column":46},"end":{"line":27,"column":50}},"11":{"start":{"line":28,"column":22},"end":{"line":28,"column":38}},"12":{"start":{"line":29,"column":19},"end":{"line":29,"column":39}},"13":{"start":{"line":30,"column":19},"end":{"line":30,"column":39}},"14":{"start":{"line":31,"column":21},"end":{"line":31,"column":50}},"15":{"start":{"line":33,"column":2},"end":{"line":33,"column":77}},"16":{"start":{"line":38,"column":4},"end":{"line":77,"column":5}},"17":{"start":{"line":40,"column":26},"end":{"line":53,"column":8}},"18":{"start":{"line":55,"column":6},"end":{"line":57,"column":7}},"19":{"start":{"line":56,"column":8},"end":{"line":56,"column":70}},"20":{"start":{"line":59,"column":27},"end":{"line":61,"column":8}},"21":{"start":{"line":63,"column":25},"end":{"line":73,"column":8}},"22":{"start":{"line":74,"column":6},"end":{"line":74,"column":77}},"23":{"start":{"line":76,"column":6},"end":{"line":76,"column":18}},"24":{"start":{"line":82,"column":4},"end":{"line":103,"column":5}},"25":{"start":{"line":83,"column":29},"end":{"line":83,"column":38}},"26":{"start":{"line":84,"column":32},"end":{"line":84,"column":57}},"27":{"start":{"line":86,"column":17},"end":{"line":95,"column":8}},"28":{"start":{"line":97,"column":6},"end":{"line":99,"column":7}},"29":{"start":{"line":98,"column":8},"end":{"line":98,"column":70}},"30":{"start":{"line":100,"column":6},"end":{"line":100,"column":68}},"31":{"start":{"line":102,"column":6},"end":{"line":102,"column":18}},"32":{"start":{"line":108,"column":4},"end":{"line":151,"column":5}},"33":{"start":{"line":109,"column":29},"end":{"line":109,"column":38}},"34":{"start":{"line":110,"column":32},"end":{"line":110,"column":57}},"35":{"start":{"line":111,"column":19},"end":{"line":111,"column":32}},"36":{"start":{"line":113,"column":17},"end":{"line":142,"column":8}},"37":{"start":{"line":144,"column":6},"end":{"line":146,"column":7}},"38":{"start":{"line":145,"column":8},"end":{"line":145,"column":70}},"39":{"start":{"line":148,"column":6},"end":{"line":148,"column":68}},"40":{"start":{"line":150,"column":6},"end":{"line":150,"column":18}},"41":{"start":{"line":156,"column":4},"end":{"line":178,"column":5}},"42":{"start":{"line":157,"column":29},"end":{"line":157,"column":38}},"43":{"start":{"line":158,"column":32},"end":{"line":158,"column":57}},"44":{"start":{"line":160,"column":17},"end":{"line":169,"column":8}},"45":{"start":{"line":171,"column":6},"end":{"line":173,"column":7}},"46":{"start":{"line":172,"column":8},"end":{"line":172,"column":70}},"47":{"start":{"line":175,"column":6},"end":{"line":175,"column":68}},"48":{"start":{"line":177,"column":6},"end":{"line":177,"column":18}},"49":{"start":{"line":183,"column":4},"end":{"line":214,"column":5}},"50":{"start":{"line":184,"column":29},"end":{"line":184,"column":38}},"51":{"start":{"line":185,"column":32},"end":{"line":185,"column":57}},"52":{"start":{"line":188,"column":17},"end":{"line":205,"column":8}},"53":{"start":{"line":207,"column":6},"end":{"line":209,"column":7}},"54":{"start":{"line":208,"column":8},"end":{"line":208,"column":70}},"55":{"start":{"line":211,"column":6},"end":{"line":211,"column":68}},"56":{"start":{"line":213,"column":6},"end":{"line":213,"column":18}},"57":{"start":{"line":219,"column":4},"end":{"line":251,"column":5}},"58":{"start":{"line":220,"column":29},"end":{"line":220,"column":38}},"59":{"start":{"line":221,"column":32},"end":{"line":221,"column":57}},"60":{"start":{"line":223,"column":14},"end":{"line":223,"column":24}},"61":{"start":{"line":224,"column":14},"end":{"line":224,"column":40}},"62":{"start":{"line":225,"column":14},"end":{"line":225,"column":46}},"63":{"start":{"line":226,"column":14},"end":{"line":226,"column":48}},"64":{"start":{"line":228,"column":17},"end":{"line":242,"column":8}},"65":{"start":{"line":244,"column":6},"end":{"line":246,"column":7}},"66":{"start":{"line":245,"column":8},"end":{"line":245,"column":70}},"67":{"start":{"line":248,"column":6},"end":{"line":248,"column":68}},"68":{"start":{"line":250,"column":6},"end":{"line":250,"column":18}},"69":{"start":{"line":256,"column":4},"end":{"line":286,"column":5}},"70":{"start":{"line":257,"column":29},"end":{"line":257,"column":38}},"71":{"start":{"line":258,"column":32},"end":{"line":258,"column":57}},"72":{"start":{"line":261,"column":20},"end":{"line":265,"column":7}},"73":{"start":{"line":267,"column":17},"end":{"line":277,"column":8}},"74":{"start":{"line":279,"column":6},"end":{"line":281,"column":7}},"75":{"start":{"line":280,"column":8},"end":{"line":280,"column":70}},"76":{"start":{"line":283,"column":6},"end":{"line":283,"column":68}},"77":{"start":{"line":285,"column":6},"end":{"line":285,"column":18}},"78":{"start":{"line":291,"column":4},"end":{"line":319,"column":5}},"79":{"start":{"line":292,"column":29},"end":{"line":292,"column":38}},"80":{"start":{"line":293,"column":32},"end":{"line":293,"column":57}},"81":{"start":{"line":296,"column":17},"end":{"line":310,"column":8}},"82":{"start":{"line":312,"column":6},"end":{"line":314,"column":7}},"83":{"start":{"line":313,"column":8},"end":{"line":313,"column":70}},"84":{"start":{"line":316,"column":6},"end":{"line":316,"column":68}},"85":{"start":{"line":318,"column":6},"end":{"line":318,"column":18}},"86":{"start":{"line":324,"column":4},"end":{"line":352,"column":5}},"87":{"start":{"line":325,"column":29},"end":{"line":325,"column":38}},"88":{"start":{"line":326,"column":32},"end":{"line":326,"column":57}},"89":{"start":{"line":329,"column":17},"end":{"line":343,"column":8}},"90":{"start":{"line":345,"column":6},"end":{"line":347,"column":7}},"91":{"start":{"line":346,"column":8},"end":{"line":346,"column":70}},"92":{"start":{"line":349,"column":6},"end":{"line":349,"column":68}},"93":{"start":{"line":351,"column":6},"end":{"line":351,"column":18}},"94":{"start":{"line":357,"column":4},"end":{"line":405,"column":5}},"95":{"start":{"line":358,"column":19},"end":{"line":360,"column":8}},"96":{"start":{"line":362,"column":6},"end":{"line":364,"column":7}},"97":{"start":{"line":363,"column":8},"end":{"line":363,"column":63}},"98":{"start":{"line":367,"column":20},"end":{"line":371,"column":8}},"99":{"start":{"line":374,"column":6},"end":{"line":388,"column":9}},"100":{"start":{"line":375,"column":8},"end":{"line":387,"column":11}},"101":{"start":{"line":376,"column":22},"end":{"line":381,"column":11}},"102":{"start":{"line":383,"column":10},"end":{"line":386,"column":22}},"103":{"start":{"line":391,"column":22},"end":{"line":393,"column":8}},"104":{"start":{"line":395,"column":24},"end":{"line":397,"column":8}},"105":{"start":{"line":399,"column":18},"end":{"line":399,"column":37}},"106":{"start":{"line":402,"column":6},"end":{"line":402,"column":56}},"107":{"start":{"line":404,"column":6},"end":{"line":404,"column":18}},"108":{"start":{"line":410,"column":4},"end":{"line":432,"column":5}},"109":{"start":{"line":411,"column":29},"end":{"line":411,"column":38}},"110":{"start":{"line":412,"column":32},"end":{"line":412,"column":57}},"111":{"start":{"line":414,"column":17},"end":{"line":423,"column":8}},"112":{"start":{"line":425,"column":6},"end":{"line":427,"column":7}},"113":{"start":{"line":426,"column":8},"end":{"line":426,"column":70}},"114":{"start":{"line":429,"column":6},"end":{"line":429,"column":68}},"115":{"start":{"line":431,"column":6},"end":{"line":431,"column":18}},"116":{"start":{"line":437,"column":4},"end":{"line":459,"column":5}},"117":{"start":{"line":438,"column":29},"end":{"line":438,"column":38}},"118":{"start":{"line":439,"column":32},"end":{"line":439,"column":57}},"119":{"start":{"line":441,"column":17},"end":{"line":450,"column":8}},"120":{"start":{"line":452,"column":6},"end":{"line":454,"column":7}},"121":{"start":{"line":453,"column":8},"end":{"line":453,"column":70}},"122":{"start":{"line":456,"column":6},"end":{"line":456,"column":68}},"123":{"start":{"line":458,"column":6},"end":{"line":458,"column":18}},"124":{"start":{"line":464,"column":4},"end":{"line":527,"column":5}},"125":{"start":{"line":475,"column":10},"end":{"line":475,"column":18}},"126":{"start":{"line":476,"column":26},"end":{"line":487,"column":8}},"127":{"start":{"line":490,"column":6},"end":{"line":524,"column":8}},"128":{"start":{"line":493,"column":18},"end":{"line":493,"column":35}},"129":{"start":{"line":495,"column":18},"end":{"line":495,"column":43}},"130":{"start":{"line":498,"column":30},"end":{"line":512,"column":11}},"131":{"start":{"line":515,"column":23},"end":{"line":517,"column":12}},"132":{"start":{"line":520,"column":10},"end":{"line":522,"column":66}},"133":{"start":{"line":526,"column":6},"end":{"line":526,"column":18}},"134":{"start":{"line":532,"column":4},"end":{"line":610,"column":5}},"135":{"start":{"line":533,"column":24},"end":{"line":535,"column":8}},"136":{"start":{"line":537,"column":6},"end":{"line":539,"column":7}},"137":{"start":{"line":538,"column":8},"end":{"line":538,"column":71}},"138":{"start":{"line":541,"column":6},"end":{"line":545,"column":7}},"139":{"start":{"line":542,"column":8},"end":{"line":544,"column":11}},"140":{"start":{"line":557,"column":10},"end":{"line":557,"column":18}},"141":{"start":{"line":558,"column":26},"end":{"line":572,"column":7}},"142":{"start":{"line":575,"column":6},"end":{"line":607,"column":8}},"143":{"start":{"line":578,"column":18},"end":{"line":578,"column":35}},"144":{"start":{"line":581,"column":31},"end":{"line":595,"column":11}},"145":{"start":{"line":598,"column":23},"end":{"line":600,"column":12}},"146":{"start":{"line":603,"column":10},"end":{"line":605,"column":66}},"147":{"start":{"line":609,"column":6},"end":{"line":609,"column":18}},"148":{"start":{"line":615,"column":4},"end":{"line":638,"column":5}},"149":{"start":{"line":616,"column":24},"end":{"line":618,"column":8}},"150":{"start":{"line":620,"column":6},"end":{"line":622,"column":7}},"151":{"start":{"line":621,"column":8},"end":{"line":621,"column":71}},"152":{"start":{"line":624,"column":6},"end":{"line":628,"column":7}},"153":{"start":{"line":625,"column":8},"end":{"line":627,"column":11}},"154":{"start":{"line":630,"column":17},"end":{"line":632,"column":8}},"155":{"start":{"line":635,"column":6},"end":{"line":635,"column":74}},"156":{"start":{"line":637,"column":6},"end":{"line":637,"column":18}},"157":{"start":{"line":642,"column":0},"end":{"line":642,"column":24}}},"fnMap":{"0":{"name":"(anonymous_0)","decl":{"start":{"line":18,"column":22},"end":{"line":18,"column":23}},"loc":{"start":{"line":18,"column":38},"end":{"line":23,"column":1}},"line":18},"1":{"name":"(anonymous_1)","decl":{"start":{"line":26,"column":22},"end":{"line":26,"column":23}},"loc":{"start":{"line":26,"column":45},"end":{"line":34,"column":1}},"line":26},"2":{"name":"(anonymous_2)","decl":{"start":{"line":37,"column":2},"end":{"line":37,"column":3}},"loc":{"start":{"line":37,"column":47},"end":{"line":78,"column":3}},"line":37},"3":{"name":"(anonymous_3)","decl":{"start":{"line":81,"column":2},"end":{"line":81,"column":3}},"loc":{"start":{"line":81,"column":44},"end":{"line":104,"column":3}},"line":81},"4":{"name":"(anonymous_4)","decl":{"start":{"line":107,"column":2},"end":{"line":107,"column":3}},"loc":{"start":{"line":107,"column":43},"end":{"line":152,"column":3}},"line":107},"5":{"name":"(anonymous_5)","decl":{"start":{"line":155,"column":2},"end":{"line":155,"column":3}},"loc":{"start":{"line":155,"column":50},"end":{"line":179,"column":3}},"line":155},"6":{"name":"(anonymous_6)","decl":{"start":{"line":182,"column":2},"end":{"line":182,"column":3}},"loc":{"start":{"line":182,"column":51},"end":{"line":215,"column":3}},"line":182},"7":{"name":"(anonymous_7)","decl":{"start":{"line":218,"column":2},"end":{"line":218,"column":3}},"loc":{"start":{"line":218,"column":54},"end":{"line":252,"column":3}},"line":218},"8":{"name":"(anonymous_8)","decl":{"start":{"line":255,"column":2},"end":{"line":255,"column":3}},"loc":{"start":{"line":255,"column":50},"end":{"line":287,"column":3}},"line":255},"9":{"name":"(anonymous_9)","decl":{"start":{"line":290,"column":2},"end":{"line":290,"column":3}},"loc":{"start":{"line":290,"column":51},"end":{"line":320,"column":3}},"line":290},"10":{"name":"(anonymous_10)","decl":{"start":{"line":323,"column":2},"end":{"line":323,"column":3}},"loc":{"start":{"line":323,"column":50},"end":{"line":353,"column":3}},"line":323},"11":{"name":"(anonymous_11)","decl":{"start":{"line":356,"column":2},"end":{"line":356,"column":3}},"loc":{"start":{"line":356,"column":46},"end":{"line":406,"column":3}},"line":356},"12":{"name":"(anonymous_12)","decl":{"start":{"line":374,"column":24},"end":{"line":374,"column":25}},"loc":{"start":{"line":374,"column":38},"end":{"line":388,"column":7}},"line":374},"13":{"name":"(anonymous_13)","decl":{"start":{"line":375,"column":25},"end":{"line":375,"column":26}},"loc":{"start":{"line":375,"column":33},"end":{"line":387,"column":9}},"line":375},"14":{"name":"(anonymous_14)","decl":{"start":{"line":409,"column":2},"end":{"line":409,"column":3}},"loc":{"start":{"line":409,"column":54},"end":{"line":433,"column":3}},"line":409},"15":{"name":"(anonymous_15)","decl":{"start":{"line":436,"column":2},"end":{"line":436,"column":3}},"loc":{"start":{"line":436,"column":54},"end":{"line":460,"column":3}},"line":436},"16":{"name":"(anonymous_16)","decl":{"start":{"line":463,"column":2},"end":{"line":463,"column":3}},"loc":{"start":{"line":463,"column":43},"end":{"line":528,"column":3}},"line":463},"17":{"name":"(anonymous_17)","decl":{"start":{"line":492,"column":8},"end":{"line":492,"column":9}},"loc":{"start":{"line":492,"column":39},"end":{"line":523,"column":9}},"line":492},"18":{"name":"(anonymous_18)","decl":{"start":{"line":531,"column":2},"end":{"line":531,"column":3}},"loc":{"start":{"line":531,"column":43},"end":{"line":611,"column":3}},"line":531},"19":{"name":"(anonymous_19)","decl":{"start":{"line":577,"column":8},"end":{"line":577,"column":9}},"loc":{"start":{"line":577,"column":39},"end":{"line":606,"column":9}},"line":577},"20":{"name":"(anonymous_20)","decl":{"start":{"line":614,"column":2},"end":{"line":614,"column":3}},"loc":{"start":{"line":614,"column":43},"end":{"line":639,"column":3}},"line":614}},"branchMap":{"0":{"loc":{"start":{"line":19,"column":16},"end":{"line":19,"column":32}},"type":"cond-expr","locations":[{"start":{"line":19,"column":23},"end":{"line":19,"column":28}},{"start":{"line":19,"column":31},"end":{"line":19,"column":32}}],"line":19},"1":{"loc":{"start":{"line":20,"column":17},"end":{"line":20,"column":40}},"type":"binary-expr","locations":[{"start":{"line":20,"column":17},"end":{"line":20,"column":35}},{"start":{"line":20,"column":39},"end":{"line":20,"column":40}}],"line":20},"2":{"loc":{"start":{"line":28,"column":22},"end":{"line":28,"column":38}},"type":"cond-expr","locations":[{"start":{"line":28,"column":29},"end":{"line":28,"column":34}},{"start":{"line":28,"column":37},"end":{"line":28,"column":38}}],"line":28},"3":{"loc":{"start":{"line":29,"column":19},"end":{"line":29,"column":39}},"type":"cond-expr","locations":[{"start":{"line":29,"column":26},"end":{"line":29,"column":35}},{"start":{"line":29,"column":38},"end":{"line":29,"column":39}}],"line":29},"4":{"loc":{"start":{"line":30,"column":19},"end":{"line":30,"column":39}},"type":"cond-expr","locations":[{"start":{"line":30,"column":26},"end":{"line":30,"column":35}},{"start":{"line":30,"column":38},"end":{"line":30,"column":39}}],"line":30},"5":{"loc":{"start":{"line":55,"column":6},"end":{"line":57,"column":7}},"type":"if","locations":[{"start":{"line":55,"column":6},"end":{"line":57,"column":7}},{"start":{},"end":{}}],"line":55},"6":{"loc":{"start":{"line":97,"column":6},"end":{"line":99,"column":7}},"type":"if","locations":[{"start":{"line":97,"column":6},"end":{"line":99,"column":7}},{"start":{},"end":{}}],"line":97},"7":{"loc":{"start":{"line":144,"column":6},"end":{"line":146,"column":7}},"type":"if","locations":[{"start":{"line":144,"column":6},"end":{"line":146,"column":7}},{"start":{},"end":{}}],"line":144},"8":{"loc":{"start":{"line":171,"column":6},"end":{"line":173,"column":7}},"type":"if","locations":[{"start":{"line":171,"column":6},"end":{"line":173,"column":7}},{"start":{},"end":{}}],"line":171},"9":{"loc":{"start":{"line":207,"column":6},"end":{"line":209,"column":7}},"type":"if","locations":[{"start":{"line":207,"column":6},"end":{"line":209,"column":7}},{"start":{},"end":{}}],"line":207},"10":{"loc":{"start":{"line":244,"column":6},"end":{"line":246,"column":7}},"type":"if","locations":[{"start":{"line":244,"column":6},"end":{"line":246,"column":7}},{"start":{},"end":{}}],"line":244},"11":{"loc":{"start":{"line":279,"column":6},"end":{"line":281,"column":7}},"type":"if","locations":[{"start":{"line":279,"column":6},"end":{"line":281,"column":7}},{"start":{},"end":{}}],"line":279},"12":{"loc":{"start":{"line":312,"column":6},"end":{"line":314,"column":7}},"type":"if","locations":[{"start":{"line":312,"column":6},"end":{"line":314,"column":7}},{"start":{},"end":{}}],"line":312},"13":{"loc":{"start":{"line":345,"column":6},"end":{"line":347,"column":7}},"type":"if","locations":[{"start":{"line":345,"column":6},"end":{"line":347,"column":7}},{"start":{},"end":{}}],"line":345},"14":{"loc":{"start":{"line":362,"column":6},"end":{"line":364,"column":7}},"type":"if","locations":[{"start":{"line":362,"column":6},"end":{"line":364,"column":7}},{"start":{},"end":{}}],"line":362},"15":{"loc":{"start":{"line":425,"column":6},"end":{"line":427,"column":7}},"type":"if","locations":[{"start":{"line":425,"column":6},"end":{"line":427,"column":7}},{"start":{},"end":{}}],"line":425},"16":{"loc":{"start":{"line":452,"column":6},"end":{"line":454,"column":7}},"type":"if","locations":[{"start":{"line":452,"column":6},"end":{"line":454,"column":7}},{"start":{},"end":{}}],"line":452},"17":{"loc":{"start":{"line":537,"column":6},"end":{"line":539,"column":7}},"type":"if","locations":[{"start":{"line":537,"column":6},"end":{"line":539,"column":7}},{"start":{},"end":{}}],"line":537},"18":{"loc":{"start":{"line":541,"column":6},"end":{"line":545,"column":7}},"type":"if","locations":[{"start":{"line":541,"column":6},"end":{"line":545,"column":7}},{"start":{},"end":{}}],"line":541},"19":{"loc":{"start":{"line":620,"column":6},"end":{"line":622,"column":7}},"type":"if","locations":[{"start":{"line":620,"column":6},"end":{"line":622,"column":7}},{"start":{},"end":{}}],"line":620},"20":{"loc":{"start":{"line":624,"column":6},"end":{"line":628,"column":7}},"type":"if","locations":[{"start":{"line":624,"column":6},"end":{"line":628,"column":7}},{"start":{},"end":{}}],"line":624}},"s":{"0":3,"1":3,"2":3,"3":3,"4":3,"5":3,"6":2,"7":2,"8":2,"9":3,"10":0,"11":0,"12":0,"13":0,"14":0,"15":0,"16":0,"17":0,"18":0,"19":0,"20":0,"21":0,"22":0,"23":0,"24":2,"25":2,"26":2,"27":2,"28":2,"29":2,"30":0,"31":0,"32":0,"33":0,"34":0,"35":0,"36":0,"37":0,"38":0,"39":0,"40":0,"41":0,"42":0,"43":0,"44":0,"45":0,"46":0,"47":0,"48":0,"49":0,"50":0,"51":0,"52":0,"53":0,"54":0,"55":0,"56":0,"57":0,"58":0,"59":0,"60":0,"61":0,"62":0,"63":0,"64":0,"65":0,"66":0,"67":0,"68":0,"69":0,"70":0,"71":0,"72":0,"73":0,"74":0,"75":0,"76":0,"77":0,"78":0,"79":0,"80":0,"81":0,"82":0,"83":0,"84":0,"85":0,"86":0,"87":0,"88":0,"89":0,"90":0,"91":0,"92":0,"93":0,"94":0,"95":0,"96":0,"97":0,"98":0,"99":0,"100":0,"101":0,"102":0,"103":0,"104":0,"105":0,"106":0,"107":0,"108":0,"109":0,"110":0,"111":0,"112":0,"113":0,"114":0,"115":0,"116":0,"117":0,"118":0,"119":0,"120":0,"121":0,"122":0,"123":0,"124":0,"125":0,"126":0,"127":0,"128":0,"129":0,"130":0,"131":0,"132":0,"133":0,"134":0,"135":0,"136":0,"137":0,"138":0,"139":0,"140":0,"141":0,"142":0,"143":0,"144":0,"145":0,"146":0,"147":0,"148":0,"149":0,"150":0,"151":0,"152":0,"153":0,"154":0,"155":0,"156":0,"157":3},"f":{"0":2,"1":0,"2":0,"3":2,"4":0,"5":0,"6":0,"7":0,"8":0,"9":0,"10":0,"11":0,"12":0,"13":0,"14":0,"15":0,"16":0,"17":0,"18":0,"19":0,"20":0},"b":{"0":[0,2],"1":[2,2],"2":[0,0],"3":[0,0],"4":[0,0],"5":[0,0],"6":[2,0],"7":[0,0],"8":[0,0],"9":[0,0],"10":[0,0],"11":[0,0],"12":[0,0],"13":[0,0],"14":[0,0],"15":[0,0],"16":[0,0],"17":[0,0],"18":[0,0],"19":[0,0],"20":[0,0]},"_coverageSchema":"1a1c01bbd47fc00a2c39e90264f33305004495a9","hash":"5b6dec4b1bee8f8814d7e6e6de746641e6bb5b54"}
,"/Users/dena/githubDena/miniProjectDTeam/controllers/ratingControllers.js": {"path":"/Users/dena/githubDena/miniProjectDTeam/controllers/ratingControllers.js","statementMap":{"0":{"start":{"line":1,"column":19},"end":{"line":1,"column":39}},"1":{"start":{"line":5,"column":4},"end":{"line":26,"column":5}},"2":{"start":{"line":7,"column":22},"end":{"line":12,"column":8}},"3":{"start":{"line":14,"column":19},"end":{"line":21,"column":8}},"4":{"start":{"line":23,"column":6},"end":{"line":23,"column":70}},"5":{"start":{"line":25,"column":6},"end":{"line":25,"column":18}},"6":{"start":{"line":30,"column":0},"end":{"line":30,"column":24}}},"fnMap":{"0":{"name":"(anonymous_0)","decl":{"start":{"line":4,"column":2},"end":{"line":4,"column":3}},"loc":{"start":{"line":4,"column":44},"end":{"line":27,"column":3}},"line":4}},"branchMap":{},"s":{"0":3,"1":0,"2":0,"3":0,"4":0,"5":0,"6":3},"f":{"0":0},"b":{},"_coverageSchema":"1a1c01bbd47fc00a2c39e90264f33305004495a9","hash":"3d9fe71646c4fc8ed88f541d329dbae2767341ac"}
,"/Users/dena/githubDena/miniProjectDTeam/controllers/users.js": {"path":"/Users/dena/githubDena/miniProjectDTeam/controllers/users.js","statementMap":{"0":{"start":{"line":1,"column":34},"end":{"line":1,"column":54}},"1":{"start":{"line":2,"column":46},"end":{"line":2,"column":65}},"2":{"start":{"line":3,"column":18},"end":{"line":3,"column":38}},"3":{"start":{"line":4,"column":14},"end":{"line":4,"column":30}},"4":{"start":{"line":5,"column":19},"end":{"line":5,"column":40}},"5":{"start":{"line":6,"column":0},"end":{"line":10,"column":3}},"6":{"start":{"line":14,"column":4},"end":{"line":52,"column":5}},"7":{"start":{"line":16,"column":62},"end":{"line":16,"column":70}},"8":{"start":{"line":17,"column":27},"end":{"line":17,"column":46}},"9":{"start":{"line":20,"column":24},"end":{"line":22,"column":8}},"10":{"start":{"line":24,"column":6},"end":{"line":29,"column":7}},"11":{"start":{"line":25,"column":8},"end":{"line":28,"column":11}},"12":{"start":{"line":31,"column":22},"end":{"line":37,"column":8}},"13":{"start":{"line":39,"column":19},"end":{"line":44,"column":8}},"14":{"start":{"line":45,"column":6},"end":{"line":49,"column":9}},"15":{"start":{"line":51,"column":6},"end":{"line":51,"column":18}},"16":{"start":{"line":56,"column":4},"end":{"line":71,"column":5}},"17":{"start":{"line":57,"column":17},"end":{"line":57,"column":33}},"18":{"start":{"line":58,"column":23},"end":{"line":63,"column":8}},"19":{"start":{"line":65,"column":6},"end":{"line":68,"column":9}},"20":{"start":{"line":70,"column":6},"end":{"line":70,"column":18}},"21":{"start":{"line":75,"column":4},"end":{"line":116,"column":5}},"22":{"start":{"line":76,"column":20},"end":{"line":76,"column":34}},"23":{"start":{"line":77,"column":23},"end":{"line":77,"column":40}},"24":{"start":{"line":78,"column":23},"end":{"line":82,"column":8}},"25":{"start":{"line":84,"column":6},"end":{"line":89,"column":7}},"26":{"start":{"line":85,"column":8},"end":{"line":88,"column":11}},"27":{"start":{"line":91,"column":6},"end":{"line":96,"column":7}},"28":{"start":{"line":92,"column":8},"end":{"line":95,"column":11}},"29":{"start":{"line":98,"column":23},"end":{"line":98,"column":40}},"30":{"start":{"line":99,"column":28},"end":{"line":99,"column":55}},"31":{"start":{"line":101,"column":6},"end":{"line":106,"column":7}},"32":{"start":{"line":102,"column":8},"end":{"line":105,"column":11}},"33":{"start":{"line":108,"column":22},"end":{"line":108,"column":41}},"34":{"start":{"line":109,"column":20},"end":{"line":109,"column":42}},"35":{"start":{"line":110,"column":6},"end":{"line":113,"column":9}},"36":{"start":{"line":115,"column":6},"end":{"line":115,"column":18}},"37":{"start":{"line":121,"column":4},"end":{"line":169,"column":5}},"38":{"start":{"line":122,"column":62},"end":{"line":122,"column":70}},"39":{"start":{"line":123,"column":27},"end":{"line":123,"column":46}},"40":{"start":{"line":124,"column":6},"end":{"line":133,"column":8}},"41":{"start":{"line":136,"column":6},"end":{"line":166,"column":8}},"42":{"start":{"line":139,"column":18},"end":{"line":139,"column":35}},"43":{"start":{"line":142,"column":31},"end":{"line":151,"column":11}},"44":{"start":{"line":154,"column":23},"end":{"line":159,"column":12}},"45":{"start":{"line":162,"column":10},"end":{"line":164,"column":72}},"46":{"start":{"line":168,"column":6},"end":{"line":168,"column":18}},"47":{"start":{"line":174,"column":4},"end":{"line":198,"column":5}},"48":{"start":{"line":175,"column":17},"end":{"line":175,"column":33}},"49":{"start":{"line":176,"column":26},"end":{"line":181,"column":8}},"50":{"start":{"line":183,"column":6},"end":{"line":188,"column":7}},"51":{"start":{"line":184,"column":8},"end":{"line":187,"column":11}},"52":{"start":{"line":190,"column":6},"end":{"line":195,"column":9}},"53":{"start":{"line":197,"column":6},"end":{"line":197,"column":18}},"54":{"start":{"line":203,"column":4},"end":{"line":254,"column":5}},"55":{"start":{"line":205,"column":28},"end":{"line":210,"column":7}},"56":{"start":{"line":206,"column":22},"end":{"line":206,"column":38}},"57":{"start":{"line":207,"column":23},"end":{"line":207,"column":46}},"58":{"start":{"line":209,"column":8},"end":{"line":209,"column":33}},"59":{"start":{"line":213,"column":28},"end":{"line":228,"column":7}},"60":{"start":{"line":214,"column":52},"end":{"line":214,"column":56}},"61":{"start":{"line":215,"column":28},"end":{"line":215,"column":44}},"62":{"start":{"line":216,"column":25},"end":{"line":216,"column":45}},"63":{"start":{"line":217,"column":25},"end":{"line":217,"column":45}},"64":{"start":{"line":218,"column":27},"end":{"line":218,"column":56}},"65":{"start":{"line":220,"column":8},"end":{"line":227,"column":10}},"66":{"start":{"line":230,"column":29},"end":{"line":230,"column":38}},"67":{"start":{"line":231,"column":32},"end":{"line":231,"column":57}},"68":{"start":{"line":233,"column":20},"end":{"line":245,"column":8}},"69":{"start":{"line":247,"column":6},"end":{"line":249,"column":7}},"70":{"start":{"line":248,"column":8},"end":{"line":248,"column":70}},"71":{"start":{"line":251,"column":6},"end":{"line":251,"column":71}},"72":{"start":{"line":253,"column":6},"end":{"line":253,"column":18}},"73":{"start":{"line":259,"column":0},"end":{"line":259,"column":23}}},"fnMap":{"0":{"name":"(anonymous_0)","decl":{"start":{"line":13,"column":2},"end":{"line":13,"column":3}},"loc":{"start":{"line":13,"column":42},"end":{"line":53,"column":3}},"line":13},"1":{"name":"(anonymous_1)","decl":{"start":{"line":55,"column":2},"end":{"line":55,"column":3}},"loc":{"start":{"line":55,"column":45},"end":{"line":72,"column":3}},"line":55},"2":{"name":"(anonymous_2)","decl":{"start":{"line":74,"column":2},"end":{"line":74,"column":3}},"loc":{"start":{"line":74,"column":37},"end":{"line":117,"column":3}},"line":74},"3":{"name":"(anonymous_3)","decl":{"start":{"line":120,"column":2},"end":{"line":120,"column":3}},"loc":{"start":{"line":120,"column":42},"end":{"line":170,"column":3}},"line":120},"4":{"name":"(anonymous_4)","decl":{"start":{"line":138,"column":8},"end":{"line":138,"column":9}},"loc":{"start":{"line":138,"column":39},"end":{"line":165,"column":9}},"line":138},"5":{"name":"(anonymous_5)","decl":{"start":{"line":173,"column":2},"end":{"line":173,"column":3}},"loc":{"start":{"line":173,"column":42},"end":{"line":199,"column":3}},"line":173},"6":{"name":"(anonymous_6)","decl":{"start":{"line":202,"column":2},"end":{"line":202,"column":3}},"loc":{"start":{"line":202,"column":40},"end":{"line":255,"column":3}},"line":202},"7":{"name":"(anonymous_7)","decl":{"start":{"line":205,"column":28},"end":{"line":205,"column":29}},"loc":{"start":{"line":205,"column":44},"end":{"line":210,"column":7}},"line":205},"8":{"name":"(anonymous_8)","decl":{"start":{"line":213,"column":28},"end":{"line":213,"column":29}},"loc":{"start":{"line":213,"column":51},"end":{"line":228,"column":7}},"line":213}},"branchMap":{"0":{"loc":{"start":{"line":24,"column":6},"end":{"line":29,"column":7}},"type":"if","locations":[{"start":{"line":24,"column":6},"end":{"line":29,"column":7}},{"start":{},"end":{}}],"line":24},"1":{"loc":{"start":{"line":84,"column":6},"end":{"line":89,"column":7}},"type":"if","locations":[{"start":{"line":84,"column":6},"end":{"line":89,"column":7}},{"start":{},"end":{}}],"line":84},"2":{"loc":{"start":{"line":91,"column":6},"end":{"line":96,"column":7}},"type":"if","locations":[{"start":{"line":91,"column":6},"end":{"line":96,"column":7}},{"start":{},"end":{}}],"line":91},"3":{"loc":{"start":{"line":101,"column":6},"end":{"line":106,"column":7}},"type":"if","locations":[{"start":{"line":101,"column":6},"end":{"line":106,"column":7}},{"start":{},"end":{}}],"line":101},"4":{"loc":{"start":{"line":101,"column":10},"end":{"line":101,"column":42}},"type":"binary-expr","locations":[{"start":{"line":101,"column":10},"end":{"line":101,"column":24}},{"start":{"line":101,"column":28},"end":{"line":101,"column":42}}],"line":101},"5":{"loc":{"start":{"line":183,"column":6},"end":{"line":188,"column":7}},"type":"if","locations":[{"start":{"line":183,"column":6},"end":{"line":188,"column":7}},{"start":{},"end":{}}],"line":183},"6":{"loc":{"start":{"line":206,"column":22},"end":{"line":206,"column":38}},"type":"cond-expr","locations":[{"start":{"line":206,"column":29},"end":{"line":206,"column":34}},{"start":{"line":206,"column":37},"end":{"line":206,"column":38}}],"line":206},"7":{"loc":{"start":{"line":207,"column":23},"end":{"line":207,"column":46}},"type":"binary-expr","locations":[{"start":{"line":207,"column":23},"end":{"line":207,"column":41}},{"start":{"line":207,"column":45},"end":{"line":207,"column":46}}],"line":207},"8":{"loc":{"start":{"line":215,"column":28},"end":{"line":215,"column":44}},"type":"cond-expr","locations":[{"start":{"line":215,"column":35},"end":{"line":215,"column":40}},{"start":{"line":215,"column":43},"end":{"line":215,"column":44}}],"line":215},"9":{"loc":{"start":{"line":216,"column":25},"end":{"line":216,"column":45}},"type":"cond-expr","locations":[{"start":{"line":216,"column":32},"end":{"line":216,"column":41}},{"start":{"line":216,"column":44},"end":{"line":216,"column":45}}],"line":216},"10":{"loc":{"start":{"line":217,"column":25},"end":{"line":217,"column":45}},"type":"cond-expr","locations":[{"start":{"line":217,"column":32},"end":{"line":217,"column":41}},{"start":{"line":217,"column":44},"end":{"line":217,"column":45}}],"line":217},"11":{"loc":{"start":{"line":247,"column":6},"end":{"line":249,"column":7}},"type":"if","locations":[{"start":{"line":247,"column":6},"end":{"line":249,"column":7}},{"start":{},"end":{}}],"line":247}},"s":{"0":3,"1":3,"2":3,"3":3,"4":3,"5":3,"6":2,"7":2,"8":2,"9":2,"10":2,"11":1,"12":1,"13":1,"14":1,"15":0,"16":0,"17":0,"18":0,"19":0,"20":0,"21":4,"22":4,"23":4,"24":4,"25":4,"26":1,"27":3,"28":1,"29":2,"30":2,"31":2,"32":1,"33":1,"34":1,"35":1,"36":0,"37":0,"38":0,"39":0,"40":0,"41":0,"42":0,"43":0,"44":0,"45":0,"46":0,"47":0,"48":0,"49":0,"50":0,"51":0,"52":0,"53":0,"54":0,"55":0,"56":0,"57":0,"58":0,"59":0,"60":0,"61":0,"62":0,"63":0,"64":0,"65":0,"66":0,"67":0,"68":0,"69":0,"70":0,"71":0,"72":0,"73":3},"f":{"0":2,"1":0,"2":4,"3":0,"4":0,"5":0,"6":0,"7":0,"8":0},"b":{"0":[1,1],"1":[1,3],"2":[1,2],"3":[1,1],"4":[2,2],"5":[0,0],"6":[0,0],"7":[0,0],"8":[0,0],"9":[0,0],"10":[0,0],"11":[0,0]},"_coverageSchema":"1a1c01bbd47fc00a2c39e90264f33305004495a9","hash":"d805fdc5ee647cfb74814a484a21e70d96bef25c"}
,"/Users/dena/githubDena/miniProjectDTeam/middlewares/errorHandler/index.js": {"path":"/Users/dena/githubDena/miniProjectDTeam/middlewares/errorHandler/index.js","statementMap":{"0":{"start":{"line":1,"column":0},"end":{"line":5,"column":2}},"1":{"start":{"line":2,"column":2},"end":{"line":4,"column":53}}},"fnMap":{"0":{"name":"(anonymous_0)","decl":{"start":{"line":1,"column":17},"end":{"line":1,"column":18}},"loc":{"start":{"line":1,"column":42},"end":{"line":5,"column":1}},"line":1}},"branchMap":{"0":{"loc":{"start":{"line":3,"column":12},"end":{"line":3,"column":33}},"type":"binary-expr","locations":[{"start":{"line":3,"column":12},"end":{"line":3,"column":26}},{"start":{"line":3,"column":30},"end":{"line":3,"column":33}}],"line":3},"1":{"loc":{"start":{"line":4,"column":20},"end":{"line":4,"column":49}},"type":"binary-expr","locations":[{"start":{"line":4,"column":20},"end":{"line":4,"column":32}},{"start":{"line":4,"column":36},"end":{"line":4,"column":49}}],"line":4}},"s":{"0":3,"1":0},"f":{"0":0},"b":{"0":[0,0],"1":[0,0]},"_coverageSchema":"1a1c01bbd47fc00a2c39e90264f33305004495a9","hash":"f01a1489406fc9c464af34c81c3b2215e95d9c15"}
,"/Users/dena/githubDena/miniProjectDTeam/middlewares/validators/authentication.js": {"path":"/Users/dena/githubDena/miniProjectDTeam/middlewares/validators/authentication.js","statementMap":{"0":{"start":{"line":1,"column":24},"end":{"line":1,"column":50}},"1":{"start":{"line":3,"column":23},"end":{"line":19,"column":1}},"2":{"start":{"line":4,"column":2},"end":{"line":18,"column":3}},"3":{"start":{"line":5,"column":4},"end":{"line":10,"column":5}},"4":{"start":{"line":6,"column":6},"end":{"line":9,"column":9}},"5":{"start":{"line":12,"column":16},"end":{"line":12,"column":40}},"6":{"start":{"line":13,"column":19},"end":{"line":13,"column":37}},"7":{"start":{"line":14,"column":4},"end":{"line":14,"column":29}},"8":{"start":{"line":15,"column":4},"end":{"line":15,"column":11}},"9":{"start":{"line":17,"column":4},"end":{"line":17,"column":16}},"10":{"start":{"line":21,"column":0},"end":{"line":21,"column":32}}},"fnMap":{"0":{"name":"(anonymous_0)","decl":{"start":{"line":3,"column":23},"end":{"line":3,"column":24}},"loc":{"start":{"line":3,"column":49},"end":{"line":19,"column":1}},"line":3}},"branchMap":{"0":{"loc":{"start":{"line":5,"column":4},"end":{"line":10,"column":5}},"type":"if","locations":[{"start":{"line":5,"column":4},"end":{"line":10,"column":5}},{"start":{},"end":{}}],"line":5}},"s":{"0":3,"1":3,"2":0,"3":0,"4":0,"5":0,"6":0,"7":0,"8":0,"9":0,"10":3},"f":{"0":0},"b":{"0":[0,0]},"_coverageSchema":"1a1c01bbd47fc00a2c39e90264f33305004495a9","hash":"83fa4c1e988a8a671de4475cd743d8c12641a8ae"}
,"/Users/dena/githubDena/miniProjectDTeam/middlewares/validators/bookmark.js": {"path":"/Users/dena/githubDena/miniProjectDTeam/middlewares/validators/bookmark.js","statementMap":{"0":{"start":{"line":1,"column":28},"end":{"line":1,"column":51}},"1":{"start":{"line":2,"column":15},"end":{"line":2,"column":35}},"2":{"start":{"line":4,"column":0},"end":{"line":47,"column":2}},"3":{"start":{"line":5,"column":2},"end":{"line":46,"column":3}},"4":{"start":{"line":6,"column":19},"end":{"line":6,"column":21}},"5":{"start":{"line":8,"column":20},"end":{"line":12,"column":6}},"6":{"start":{"line":14,"column":4},"end":{"line":16,"column":5}},"7":{"start":{"line":15,"column":6},"end":{"line":15,"column":50}},"8":{"start":{"line":19,"column":23},"end":{"line":33,"column":6}},"9":{"start":{"line":35,"column":4},"end":{"line":37,"column":5}},"10":{"start":{"line":36,"column":6},"end":{"line":36,"column":55}},"11":{"start":{"line":39,"column":4},"end":{"line":41,"column":5}},"12":{"start":{"line":40,"column":6},"end":{"line":40,"column":54}},"13":{"start":{"line":43,"column":4},"end":{"line":43,"column":11}},"14":{"start":{"line":45,"column":4},"end":{"line":45,"column":16}}},"fnMap":{"0":{"name":"(anonymous_0)","decl":{"start":{"line":4,"column":34},"end":{"line":4,"column":35}},"loc":{"start":{"line":4,"column":60},"end":{"line":47,"column":1}},"line":4}},"branchMap":{"0":{"loc":{"start":{"line":14,"column":4},"end":{"line":16,"column":5}},"type":"if","locations":[{"start":{"line":14,"column":4},"end":{"line":16,"column":5}},{"start":{},"end":{}}],"line":14},"1":{"loc":{"start":{"line":35,"column":4},"end":{"line":37,"column":5}},"type":"if","locations":[{"start":{"line":35,"column":4},"end":{"line":37,"column":5}},{"start":{},"end":{}}],"line":35},"2":{"loc":{"start":{"line":39,"column":4},"end":{"line":41,"column":5}},"type":"if","locations":[{"start":{"line":39,"column":4},"end":{"line":41,"column":5}},{"start":{},"end":{}}],"line":39}},"s":{"0":3,"1":3,"2":3,"3":0,"4":0,"5":0,"6":0,"7":0,"8":0,"9":0,"10":0,"11":0,"12":0,"13":0,"14":0},"f":{"0":0},"b":{"0":[0,0],"1":[0,0],"2":[0,0]},"_coverageSchema":"1a1c01bbd47fc00a2c39e90264f33305004495a9","hash":"5cec3dcc419447ad5237ebb88931ff5a61b55127"}
,"/Users/dena/githubDena/miniProjectDTeam/middlewares/validators/commentsValidator.js": {"path":"/Users/dena/githubDena/miniProjectDTeam/middlewares/validators/commentsValidator.js","statementMap":{"0":{"start":{"line":1,"column":18},"end":{"line":1,"column":38}},"1":{"start":{"line":3,"column":0},"end":{"line":20,"column":2}},"2":{"start":{"line":4,"column":2},"end":{"line":19,"column":3}},"3":{"start":{"line":5,"column":19},"end":{"line":5,"column":21}},"4":{"start":{"line":8,"column":4},"end":{"line":10,"column":5}},"5":{"start":{"line":9,"column":6},"end":{"line":9,"column":47}},"6":{"start":{"line":12,"column":4},"end":{"line":14,"column":5}},"7":{"start":{"line":13,"column":6},"end":{"line":13,"column":54}},"8":{"start":{"line":16,"column":4},"end":{"line":16,"column":11}},"9":{"start":{"line":18,"column":4},"end":{"line":18,"column":16}}},"fnMap":{"0":{"name":"(anonymous_0)","decl":{"start":{"line":3,"column":41},"end":{"line":3,"column":42}},"loc":{"start":{"line":3,"column":67},"end":{"line":20,"column":1}},"line":3}},"branchMap":{"0":{"loc":{"start":{"line":8,"column":4},"end":{"line":10,"column":5}},"type":"if","locations":[{"start":{"line":8,"column":4},"end":{"line":10,"column":5}},{"start":{},"end":{}}],"line":8},"1":{"loc":{"start":{"line":12,"column":4},"end":{"line":14,"column":5}},"type":"if","locations":[{"start":{"line":12,"column":4},"end":{"line":14,"column":5}},{"start":{},"end":{}}],"line":12}},"s":{"0":3,"1":3,"2":0,"3":0,"4":0,"5":0,"6":0,"7":0,"8":0,"9":0},"f":{"0":0},"b":{"0":[0,0],"1":[0,0]},"_coverageSchema":"1a1c01bbd47fc00a2c39e90264f33305004495a9","hash":"1cf3ca73abbc1d9d267052560cf29726f6b818e6"}
,"/Users/dena/githubDena/miniProjectDTeam/middlewares/validators/events.js": {"path":"/Users/dena/githubDena/miniProjectDTeam/middlewares/validators/events.js","statementMap":{"0":{"start":{"line":1,"column":13},"end":{"line":1,"column":28}},"1":{"start":{"line":2,"column":15},"end":{"line":2,"column":32}},"2":{"start":{"line":3,"column":18},"end":{"line":3,"column":38}},"3":{"start":{"line":4,"column":22},"end":{"line":4,"column":37}},"4":{"start":{"line":5,"column":19},"end":{"line":5,"column":43}},"5":{"start":{"line":8,"column":0},"end":{"line":98,"column":2}},"6":{"start":{"line":9,"column":2},"end":{"line":97,"column":3}},"7":{"start":{"line":10,"column":19},"end":{"line":10,"column":21}},"8":{"start":{"line":13,"column":4},"end":{"line":15,"column":5}},"9":{"start":{"line":14,"column":6},"end":{"line":14,"column":45}},"10":{"start":{"line":19,"column":4},"end":{"line":51,"column":5}},"11":{"start":{"line":20,"column":6},"end":{"line":20,"column":45}},"12":{"start":{"line":21,"column":11},"end":{"line":51,"column":5}},"13":{"start":{"line":25,"column":19},"end":{"line":25,"column":39}},"14":{"start":{"line":28,"column":6},"end":{"line":30,"column":7}},"15":{"start":{"line":29,"column":8},"end":{"line":29,"column":45}},"16":{"start":{"line":33,"column":6},"end":{"line":35,"column":7}},"17":{"start":{"line":34,"column":8},"end":{"line":34,"column":51}},"18":{"start":{"line":38,"column":21},"end":{"line":38,"column":59}},"19":{"start":{"line":41,"column":6},"end":{"line":41,"column":60}},"20":{"start":{"line":44,"column":19},"end":{"line":44,"column":37}},"21":{"start":{"line":47,"column":6},"end":{"line":47,"column":56}},"22":{"start":{"line":50,"column":6},"end":{"line":50,"column":38}},"23":{"start":{"line":54,"column":4},"end":{"line":56,"column":5}},"24":{"start":{"line":55,"column":6},"end":{"line":55,"column":54}},"25":{"start":{"line":59,"column":4},"end":{"line":61,"column":5}},"26":{"start":{"line":60,"column":6},"end":{"line":60,"column":53}},"27":{"start":{"line":64,"column":4},"end":{"line":71,"column":5}},"28":{"start":{"line":70,"column":6},"end":{"line":70,"column":69}},"29":{"start":{"line":74,"column":4},"end":{"line":76,"column":5}},"30":{"start":{"line":75,"column":6},"end":{"line":75,"column":50}},"31":{"start":{"line":79,"column":4},"end":{"line":81,"column":5}},"32":{"start":{"line":80,"column":6},"end":{"line":80,"column":55}},"33":{"start":{"line":84,"column":4},"end":{"line":88,"column":5}},"34":{"start":{"line":87,"column":6},"end":{"line":87,"column":59}},"35":{"start":{"line":90,"column":4},"end":{"line":92,"column":5}},"36":{"start":{"line":91,"column":6},"end":{"line":91,"column":54}},"37":{"start":{"line":94,"column":4},"end":{"line":94,"column":11}},"38":{"start":{"line":96,"column":4},"end":{"line":96,"column":16}}},"fnMap":{"0":{"name":"(anonymous_0)","decl":{"start":{"line":8,"column":40},"end":{"line":8,"column":41}},"loc":{"start":{"line":8,"column":66},"end":{"line":98,"column":1}},"line":8}},"branchMap":{"0":{"loc":{"start":{"line":13,"column":4},"end":{"line":15,"column":5}},"type":"if","locations":[{"start":{"line":13,"column":4},"end":{"line":15,"column":5}},{"start":{},"end":{}}],"line":13},"1":{"loc":{"start":{"line":19,"column":4},"end":{"line":51,"column":5}},"type":"if","locations":[{"start":{"line":19,"column":4},"end":{"line":51,"column":5}},{"start":{"line":21,"column":11},"end":{"line":51,"column":5}}],"line":19},"2":{"loc":{"start":{"line":19,"column":10},"end":{"line":19,"column":43}},"type":"binary-expr","locations":[{"start":{"line":19,"column":10},"end":{"line":19,"column":19}},{"start":{"line":19,"column":23},"end":{"line":19,"column":43}}],"line":19},"3":{"loc":{"start":{"line":21,"column":11},"end":{"line":51,"column":5}},"type":"if","locations":[{"start":{"line":21,"column":11},"end":{"line":51,"column":5}},{"start":{},"end":{}}],"line":21},"4":{"loc":{"start":{"line":28,"column":6},"end":{"line":30,"column":7}},"type":"if","locations":[{"start":{"line":28,"column":6},"end":{"line":30,"column":7}},{"start":{},"end":{}}],"line":28},"5":{"loc":{"start":{"line":33,"column":6},"end":{"line":35,"column":7}},"type":"if","locations":[{"start":{"line":33,"column":6},"end":{"line":35,"column":7}},{"start":{},"end":{}}],"line":33},"6":{"loc":{"start":{"line":54,"column":4},"end":{"line":56,"column":5}},"type":"if","locations":[{"start":{"line":54,"column":4},"end":{"line":56,"column":5}},{"start":{},"end":{}}],"line":54},"7":{"loc":{"start":{"line":59,"column":4},"end":{"line":61,"column":5}},"type":"if","locations":[{"start":{"line":59,"column":4},"end":{"line":61,"column":5}},{"start":{},"end":{}}],"line":59},"8":{"loc":{"start":{"line":64,"column":4},"end":{"line":71,"column":5}},"type":"if","locations":[{"start":{"line":64,"column":4},"end":{"line":71,"column":5}},{"start":{},"end":{}}],"line":64},"9":{"loc":{"start":{"line":74,"column":4},"end":{"line":76,"column":5}},"type":"if","locations":[{"start":{"line":74,"column":4},"end":{"line":76,"column":5}},{"start":{},"end":{}}],"line":74},"10":{"loc":{"start":{"line":79,"column":4},"end":{"line":81,"column":5}},"type":"if","locations":[{"start":{"line":79,"column":4},"end":{"line":81,"column":5}},{"start":{},"end":{}}],"line":79},"11":{"loc":{"start":{"line":84,"column":4},"end":{"line":88,"column":5}},"type":"if","locations":[{"start":{"line":84,"column":4},"end":{"line":88,"column":5}},{"start":{},"end":{}}],"line":84},"12":{"loc":{"start":{"line":90,"column":4},"end":{"line":92,"column":5}},"type":"if","locations":[{"start":{"line":90,"column":4},"end":{"line":92,"column":5}},{"start":{},"end":{}}],"line":90}},"s":{"0":3,"1":3,"2":3,"3":3,"4":3,"5":3,"6":0,"7":0,"8":0,"9":0,"10":0,"11":0,"12":0,"13":0,"14":0,"15":0,"16":0,"17":0,"18":0,"19":0,"20":0,"21":0,"22":0,"23":0,"24":0,"25":0,"26":0,"27":0,"28":0,"29":0,"30":0,"31":0,"32":0,"33":0,"34":0,"35":0,"36":0,"37":0,"38":0},"f":{"0":0},"b":{"0":[0,0],"1":[0,0],"2":[0,0],"3":[0,0],"4":[0,0],"5":[0,0],"6":[0,0],"7":[0,0],"8":[0,0],"9":[0,0],"10":[0,0],"11":[0,0],"12":[0,0]},"_coverageSchema":"1a1c01bbd47fc00a2c39e90264f33305004495a9","hash":"2d418609e76201710f700424a00c19e9c8e0e32c"}
,"/Users/dena/githubDena/miniProjectDTeam/middlewares/validators/ratingsValidator.js": {"path":"/Users/dena/githubDena/miniProjectDTeam/middlewares/validators/ratingsValidator.js","statementMap":{"0":{"start":{"line":1,"column":18},"end":{"line":1,"column":38}},"1":{"start":{"line":2,"column":26},"end":{"line":2,"column":49}},"2":{"start":{"line":3,"column":15},"end":{"line":3,"column":35}},"3":{"start":{"line":5,"column":0},"end":{"line":56,"column":2}},"4":{"start":{"line":6,"column":2},"end":{"line":55,"column":3}},"5":{"start":{"line":7,"column":19},"end":{"line":7,"column":21}},"6":{"start":{"line":9,"column":20},"end":{"line":13,"column":6}},"7":{"start":{"line":15,"column":4},"end":{"line":17,"column":5}},"8":{"start":{"line":16,"column":6},"end":{"line":16,"column":50}},"9":{"start":{"line":20,"column":23},"end":{"line":34,"column":6}},"10":{"start":{"line":36,"column":4},"end":{"line":38,"column":5}},"11":{"start":{"line":37,"column":6},"end":{"line":37,"column":62}},"12":{"start":{"line":40,"column":4},"end":{"line":42,"column":5}},"13":{"start":{"line":41,"column":6},"end":{"line":41,"column":42}},"14":{"start":{"line":44,"column":4},"end":{"line":46,"column":5}},"15":{"start":{"line":45,"column":6},"end":{"line":45,"column":53}},"16":{"start":{"line":48,"column":4},"end":{"line":50,"column":5}},"17":{"start":{"line":49,"column":6},"end":{"line":49,"column":54}},"18":{"start":{"line":52,"column":4},"end":{"line":52,"column":11}},"19":{"start":{"line":54,"column":4},"end":{"line":54,"column":16}}},"fnMap":{"0":{"name":"(anonymous_0)","decl":{"start":{"line":5,"column":32},"end":{"line":5,"column":33}},"loc":{"start":{"line":5,"column":58},"end":{"line":56,"column":1}},"line":5}},"branchMap":{"0":{"loc":{"start":{"line":15,"column":4},"end":{"line":17,"column":5}},"type":"if","locations":[{"start":{"line":15,"column":4},"end":{"line":17,"column":5}},{"start":{},"end":{}}],"line":15},"1":{"loc":{"start":{"line":36,"column":4},"end":{"line":38,"column":5}},"type":"if","locations":[{"start":{"line":36,"column":4},"end":{"line":38,"column":5}},{"start":{},"end":{}}],"line":36},"2":{"loc":{"start":{"line":40,"column":4},"end":{"line":42,"column":5}},"type":"if","locations":[{"start":{"line":40,"column":4},"end":{"line":42,"column":5}},{"start":{},"end":{}}],"line":40},"3":{"loc":{"start":{"line":44,"column":4},"end":{"line":46,"column":5}},"type":"if","locations":[{"start":{"line":44,"column":4},"end":{"line":46,"column":5}},{"start":{},"end":{}}],"line":44},"4":{"loc":{"start":{"line":44,"column":8},"end":{"line":44,"column":50}},"type":"binary-expr","locations":[{"start":{"line":44,"column":8},"end":{"line":44,"column":27}},{"start":{"line":44,"column":31},"end":{"line":44,"column":50}}],"line":44},"5":{"loc":{"start":{"line":48,"column":4},"end":{"line":50,"column":5}},"type":"if","locations":[{"start":{"line":48,"column":4},"end":{"line":50,"column":5}},{"start":{},"end":{}}],"line":48}},"s":{"0":3,"1":3,"2":3,"3":3,"4":0,"5":0,"6":0,"7":0,"8":0,"9":0,"10":0,"11":0,"12":0,"13":0,"14":0,"15":0,"16":0,"17":0,"18":0,"19":0},"f":{"0":0},"b":{"0":[0,0],"1":[0,0],"2":[0,0],"3":[0,0],"4":[0,0],"5":[0,0]},"_coverageSchema":"1a1c01bbd47fc00a2c39e90264f33305004495a9","hash":"537035b9dcf4d3c272b32b6489b00c77f4faa70a"}
,"/Users/dena/githubDena/miniProjectDTeam/middlewares/validators/users.js": {"path":"/Users/dena/githubDena/miniProjectDTeam/middlewares/validators/users.js","statementMap":{"0":{"start":{"line":1,"column":13},"end":{"line":1,"column":28}},"1":{"start":{"line":2,"column":15},"end":{"line":2,"column":32}},"2":{"start":{"line":3,"column":18},"end":{"line":3,"column":38}},"3":{"start":{"line":4,"column":22},"end":{"line":4,"column":37}},"4":{"start":{"line":5,"column":17},"end":{"line":5,"column":40}},"5":{"start":{"line":8,"column":0},"end":{"line":51,"column":2}},"6":{"start":{"line":9,"column":2},"end":{"line":50,"column":3}},"7":{"start":{"line":10,"column":19},"end":{"line":10,"column":21}},"8":{"start":{"line":13,"column":4},"end":{"line":15,"column":5}},"9":{"start":{"line":14,"column":6},"end":{"line":14,"column":49}},"10":{"start":{"line":18,"column":4},"end":{"line":20,"column":5}},"11":{"start":{"line":19,"column":6},"end":{"line":19,"column":48}},"12":{"start":{"line":22,"column":4},"end":{"line":24,"column":5}},"13":{"start":{"line":23,"column":6},"end":{"line":23,"column":40}},"14":{"start":{"line":26,"column":4},"end":{"line":28,"column":5}},"15":{"start":{"line":27,"column":6},"end":{"line":27,"column":65}},"16":{"start":{"line":30,"column":4},"end":{"line":45,"column":5}},"17":{"start":{"line":42,"column":6},"end":{"line":44,"column":8}},"18":{"start":{"line":47,"column":4},"end":{"line":47,"column":11}},"19":{"start":{"line":49,"column":4},"end":{"line":49,"column":16}},"20":{"start":{"line":53,"column":0},"end":{"line":97,"column":2}},"21":{"start":{"line":54,"column":2},"end":{"line":96,"column":3}},"22":{"start":{"line":55,"column":19},"end":{"line":55,"column":21}},"23":{"start":{"line":57,"column":4},"end":{"line":87,"column":5}},"24":{"start":{"line":58,"column":6},"end":{"line":58,"column":45}},"25":{"start":{"line":59,"column":11},"end":{"line":87,"column":5}},"26":{"start":{"line":61,"column":19},"end":{"line":61,"column":34}},"27":{"start":{"line":64,"column":6},"end":{"line":66,"column":7}},"28":{"start":{"line":65,"column":8},"end":{"line":65,"column":45}},"29":{"start":{"line":69,"column":6},"end":{"line":71,"column":7}},"30":{"start":{"line":70,"column":8},"end":{"line":70,"column":51}},"31":{"start":{"line":74,"column":21},"end":{"line":74,"column":59}},"32":{"start":{"line":77,"column":6},"end":{"line":77,"column":60}},"33":{"start":{"line":80,"column":19},"end":{"line":80,"column":37}},"34":{"start":{"line":83,"column":6},"end":{"line":83,"column":55}},"35":{"start":{"line":86,"column":6},"end":{"line":86,"column":33}},"36":{"start":{"line":89,"column":4},"end":{"line":91,"column":5}},"37":{"start":{"line":90,"column":6},"end":{"line":90,"column":54}},"38":{"start":{"line":93,"column":4},"end":{"line":93,"column":11}},"39":{"start":{"line":95,"column":4},"end":{"line":95,"column":16}}},"fnMap":{"0":{"name":"(anonymous_0)","decl":{"start":{"line":8,"column":39},"end":{"line":8,"column":40}},"loc":{"start":{"line":8,"column":65},"end":{"line":51,"column":1}},"line":8},"1":{"name":"(anonymous_1)","decl":{"start":{"line":53,"column":31},"end":{"line":53,"column":32}},"loc":{"start":{"line":53,"column":57},"end":{"line":97,"column":1}},"line":53}},"branchMap":{"0":{"loc":{"start":{"line":13,"column":4},"end":{"line":15,"column":5}},"type":"if","locations":[{"start":{"line":13,"column":4},"end":{"line":15,"column":5}},{"start":{},"end":{}}],"line":13},"1":{"loc":{"start":{"line":18,"column":4},"end":{"line":20,"column":5}},"type":"if","locations":[{"start":{"line":18,"column":4},"end":{"line":20,"column":5}},{"start":{},"end":{}}],"line":18},"2":{"loc":{"start":{"line":22,"column":4},"end":{"line":24,"column":5}},"type":"if","locations":[{"start":{"line":22,"column":4},"end":{"line":24,"column":5}},{"start":{},"end":{}}],"line":22},"3":{"loc":{"start":{"line":26,"column":4},"end":{"line":28,"column":5}},"type":"if","locations":[{"start":{"line":26,"column":4},"end":{"line":28,"column":5}},{"start":{},"end":{}}],"line":26},"4":{"loc":{"start":{"line":30,"column":4},"end":{"line":45,"column":5}},"type":"if","locations":[{"start":{"line":30,"column":4},"end":{"line":45,"column":5}},{"start":{},"end":{}}],"line":30},"5":{"loc":{"start":{"line":57,"column":4},"end":{"line":87,"column":5}},"type":"if","locations":[{"start":{"line":57,"column":4},"end":{"line":87,"column":5}},{"start":{"line":59,"column":11},"end":{"line":87,"column":5}}],"line":57},"6":{"loc":{"start":{"line":57,"column":10},"end":{"line":57,"column":38}},"type":"binary-expr","locations":[{"start":{"line":57,"column":10},"end":{"line":57,"column":19}},{"start":{"line":57,"column":23},"end":{"line":57,"column":38}}],"line":57},"7":{"loc":{"start":{"line":59,"column":11},"end":{"line":87,"column":5}},"type":"if","locations":[{"start":{"line":59,"column":11},"end":{"line":87,"column":5}},{"start":{},"end":{}}],"line":59},"8":{"loc":{"start":{"line":64,"column":6},"end":{"line":66,"column":7}},"type":"if","locations":[{"start":{"line":64,"column":6},"end":{"line":66,"column":7}},{"start":{},"end":{}}],"line":64},"9":{"loc":{"start":{"line":69,"column":6},"end":{"line":71,"column":7}},"type":"if","locations":[{"start":{"line":69,"column":6},"end":{"line":71,"column":7}},{"start":{},"end":{}}],"line":69},"10":{"loc":{"start":{"line":89,"column":4},"end":{"line":91,"column":5}},"type":"if","locations":[{"start":{"line":89,"column":4},"end":{"line":91,"column":5}},{"start":{},"end":{}}],"line":89}},"s":{"0":3,"1":3,"2":3,"3":3,"4":3,"5":3,"6":2,"7":2,"8":2,"9":0,"10":2,"11":0,"12":2,"13":0,"14":2,"15":0,"16":2,"17":0,"18":2,"19":0,"20":3,"21":0,"22":0,"23":0,"24":0,"25":0,"26":0,"27":0,"28":0,"29":0,"30":0,"31":0,"32":0,"33":0,"34":0,"35":0,"36":0,"37":0,"38":0,"39":0},"f":{"0":2,"1":0},"b":{"0":[0,2],"1":[0,2],"2":[0,2],"3":[0,2],"4":[0,2],"5":[0,0],"6":[0,0],"7":[0,0],"8":[0,0],"9":[0,0],"10":[0,0]},"_coverageSchema":"1a1c01bbd47fc00a2c39e90264f33305004495a9","hash":"4904ea9f96e00f886f05ea1f77b2852420dc728a"}
,"/Users/dena/githubDena/miniProjectDTeam/models/bookmark.js": {"path":"/Users/dena/githubDena/miniProjectDTeam/models/bookmark.js","statementMap":{"0":{"start":{"line":2,"column":18},"end":{"line":2,"column":38}},"1":{"start":{"line":3,"column":0},"end":{"line":39,"column":2}},"2":{"start":{"line":12,"column":6},"end":{"line":14,"column":9}},"3":{"start":{"line":16,"column":6},"end":{"line":18,"column":9}},"4":{"start":{"line":20,"column":6},"end":{"line":22,"column":9}},"5":{"start":{"line":25,"column":2},"end":{"line":37,"column":4}},"6":{"start":{"line":38,"column":2},"end":{"line":38,"column":18}}},"fnMap":{"0":{"name":"(anonymous_0)","decl":{"start":{"line":3,"column":17},"end":{"line":3,"column":18}},"loc":{"start":{"line":3,"column":43},"end":{"line":39,"column":1}},"line":3},"1":{"name":"(anonymous_1)","decl":{"start":{"line":10,"column":4},"end":{"line":10,"column":5}},"loc":{"start":{"line":10,"column":29},"end":{"line":23,"column":5}},"line":10}},"branchMap":{},"s":{"0":3,"1":3,"2":3,"3":3,"4":3,"5":3,"6":3},"f":{"0":3,"1":3},"b":{},"_coverageSchema":"1a1c01bbd47fc00a2c39e90264f33305004495a9","hash":"baff4faa8252d03bd02a0381d01ba07b06629bc3"}
,"/Users/dena/githubDena/miniProjectDTeam/models/category.js": {"path":"/Users/dena/githubDena/miniProjectDTeam/models/category.js","statementMap":{"0":{"start":{"line":2,"column":18},"end":{"line":2,"column":38}},"1":{"start":{"line":3,"column":0},"end":{"line":35,"column":2}},"2":{"start":{"line":12,"column":6},"end":{"line":14,"column":9}},"3":{"start":{"line":15,"column":6},"end":{"line":17,"column":9}},"4":{"start":{"line":18,"column":6},"end":{"line":20,"column":9}},"5":{"start":{"line":23,"column":2},"end":{"line":33,"column":4}},"6":{"start":{"line":34,"column":2},"end":{"line":34,"column":18}}},"fnMap":{"0":{"name":"(anonymous_0)","decl":{"start":{"line":3,"column":17},"end":{"line":3,"column":18}},"loc":{"start":{"line":3,"column":43},"end":{"line":35,"column":1}},"line":3},"1":{"name":"(anonymous_1)","decl":{"start":{"line":10,"column":4},"end":{"line":10,"column":5}},"loc":{"start":{"line":10,"column":29},"end":{"line":21,"column":5}},"line":10}},"branchMap":{},"s":{"0":3,"1":3,"2":3,"3":3,"4":3,"5":3,"6":3},"f":{"0":3,"1":3},"b":{},"_coverageSchema":"1a1c01bbd47fc00a2c39e90264f33305004495a9","hash":"ab5ff47323ebe8d8420550f6e1a67c96d631950a"}
,"/Users/dena/githubDena/miniProjectDTeam/models/comment.js": {"path":"/Users/dena/githubDena/miniProjectDTeam/models/comment.js","statementMap":{"0":{"start":{"line":2,"column":18},"end":{"line":2,"column":38}},"1":{"start":{"line":3,"column":15},"end":{"line":3,"column":32}},"2":{"start":{"line":4,"column":0},"end":{"line":40,"column":2}},"3":{"start":{"line":14,"column":6},"end":{"line":16,"column":9}},"4":{"start":{"line":18,"column":6},"end":{"line":20,"column":9}},"5":{"start":{"line":23,"column":2},"end":{"line":37,"column":4}},"6":{"start":{"line":39,"column":2},"end":{"line":39,"column":17}}},"fnMap":{"0":{"name":"(anonymous_0)","decl":{"start":{"line":4,"column":17},"end":{"line":4,"column":18}},"loc":{"start":{"line":4,"column":43},"end":{"line":40,"column":1}},"line":4},"1":{"name":"(anonymous_1)","decl":{"start":{"line":11,"column":4},"end":{"line":11,"column":5}},"loc":{"start":{"line":11,"column":29},"end":{"line":21,"column":5}},"line":11}},"branchMap":{},"s":{"0":3,"1":3,"2":3,"3":3,"4":3,"5":3,"6":3},"f":{"0":3,"1":3},"b":{},"_coverageSchema":"1a1c01bbd47fc00a2c39e90264f33305004495a9","hash":"56baf111226cd061c7e578da408422fbd9dc0e00"}
,"/Users/dena/githubDena/miniProjectDTeam/models/event.js": {"path":"/Users/dena/githubDena/miniProjectDTeam/models/event.js","statementMap":{"0":{"start":{"line":2,"column":18},"end":{"line":2,"column":38}},"1":{"start":{"line":3,"column":0},"end":{"line":51,"column":2}},"2":{"start":{"line":13,"column":6},"end":{"line":15,"column":9}},"3":{"start":{"line":16,"column":6},"end":{"line":18,"column":9}},"4":{"start":{"line":19,"column":6},"end":{"line":21,"column":9}},"5":{"start":{"line":22,"column":6},"end":{"line":24,"column":9}},"6":{"start":{"line":25,"column":6},"end":{"line":27,"column":9}},"7":{"start":{"line":30,"column":2},"end":{"line":49,"column":4}},"8":{"start":{"line":50,"column":2},"end":{"line":50,"column":15}}},"fnMap":{"0":{"name":"(anonymous_0)","decl":{"start":{"line":3,"column":17},"end":{"line":3,"column":18}},"loc":{"start":{"line":3,"column":43},"end":{"line":51,"column":1}},"line":3},"1":{"name":"(anonymous_1)","decl":{"start":{"line":10,"column":4},"end":{"line":10,"column":5}},"loc":{"start":{"line":10,"column":29},"end":{"line":28,"column":5}},"line":10}},"branchMap":{},"s":{"0":3,"1":3,"2":3,"3":3,"4":3,"5":3,"6":3,"7":3,"8":3},"f":{"0":3,"1":3},"b":{},"_coverageSchema":"1a1c01bbd47fc00a2c39e90264f33305004495a9","hash":"495b22013f24bc866c95e79325727531b1e6ba8f"}
,"/Users/dena/githubDena/miniProjectDTeam/models/index.js": {"path":"/Users/dena/githubDena/miniProjectDTeam/models/index.js","statementMap":{"0":{"start":{"line":3,"column":11},"end":{"line":3,"column":24}},"1":{"start":{"line":4,"column":13},"end":{"line":4,"column":28}},"2":{"start":{"line":5,"column":18},"end":{"line":5,"column":38}},"3":{"start":{"line":6,"column":17},"end":{"line":6,"column":42}},"4":{"start":{"line":7,"column":12},"end":{"line":7,"column":49}},"5":{"start":{"line":8,"column":15},"end":{"line":8,"column":63}},"6":{"start":{"line":9,"column":11},"end":{"line":9,"column":13}},"7":{"start":{"line":12,"column":0},"end":{"line":16,"column":1}},"8":{"start":{"line":13,"column":2},"end":{"line":13,"column":74}},"9":{"start":{"line":15,"column":2},"end":{"line":15,"column":87}},"10":{"start":{"line":18,"column":0},"end":{"line":26,"column":5}},"11":{"start":{"line":21,"column":4},"end":{"line":21,"column":90}},"12":{"start":{"line":24,"column":18},"end":{"line":24,"column":85}},"13":{"start":{"line":25,"column":4},"end":{"line":25,"column":27}},"14":{"start":{"line":28,"column":0},"end":{"line":32,"column":3}},"15":{"start":{"line":29,"column":2},"end":{"line":31,"column":3}},"16":{"start":{"line":30,"column":4},"end":{"line":30,"column":32}},"17":{"start":{"line":34,"column":0},"end":{"line":34,"column":25}},"18":{"start":{"line":35,"column":0},"end":{"line":35,"column":25}},"19":{"start":{"line":37,"column":0},"end":{"line":37,"column":20}}},"fnMap":{"0":{"name":"(anonymous_0)","decl":{"start":{"line":20,"column":10},"end":{"line":20,"column":11}},"loc":{"start":{"line":20,"column":18},"end":{"line":22,"column":3}},"line":20},"1":{"name":"(anonymous_1)","decl":{"start":{"line":23,"column":11},"end":{"line":23,"column":12}},"loc":{"start":{"line":23,"column":19},"end":{"line":26,"column":3}},"line":23},"2":{"name":"(anonymous_2)","decl":{"start":{"line":28,"column":24},"end":{"line":28,"column":25}},"loc":{"start":{"line":28,"column":37},"end":{"line":32,"column":1}},"line":28}},"branchMap":{"0":{"loc":{"start":{"line":7,"column":12},"end":{"line":7,"column":49}},"type":"binary-expr","locations":[{"start":{"line":7,"column":12},"end":{"line":7,"column":32}},{"start":{"line":7,"column":36},"end":{"line":7,"column":49}}],"line":7},"1":{"loc":{"start":{"line":12,"column":0},"end":{"line":16,"column":1}},"type":"if","locations":[{"start":{"line":12,"column":0},"end":{"line":16,"column":1}},{"start":{"line":14,"column":7},"end":{"line":16,"column":1}}],"line":12},"2":{"loc":{"start":{"line":21,"column":11},"end":{"line":21,"column":89}},"type":"binary-expr","locations":[{"start":{"line":21,"column":12},"end":{"line":21,"column":35}},{"start":{"line":21,"column":41},"end":{"line":21,"column":58}},{"start":{"line":21,"column":64},"end":{"line":21,"column":88}}],"line":21},"3":{"loc":{"start":{"line":29,"column":2},"end":{"line":31,"column":3}},"type":"if","locations":[{"start":{"line":29,"column":2},"end":{"line":31,"column":3}},{"start":{},"end":{}}],"line":29}},"s":{"0":3,"1":3,"2":3,"3":3,"4":3,"5":3,"6":3,"7":3,"8":0,"9":3,"10":3,"11":21,"12":18,"13":18,"14":3,"15":18,"16":18,"17":3,"18":3,"19":3},"f":{"0":21,"1":18,"2":18},"b":{"0":[3,0],"1":[0,3],"2":[21,21,18],"3":[18,0]},"_coverageSchema":"1a1c01bbd47fc00a2c39e90264f33305004495a9","hash":"477b04b964d91a3aff822ed663f6942e709e4464"}
,"/Users/dena/githubDena/miniProjectDTeam/models/rating.js": {"path":"/Users/dena/githubDena/miniProjectDTeam/models/rating.js","statementMap":{"0":{"start":{"line":2,"column":18},"end":{"line":2,"column":38}},"1":{"start":{"line":3,"column":0},"end":{"line":38,"column":2}},"2":{"start":{"line":12,"column":6},"end":{"line":14,"column":9}},"3":{"start":{"line":16,"column":6},"end":{"line":18,"column":9}},"4":{"start":{"line":20,"column":6},"end":{"line":22,"column":9}},"5":{"start":{"line":25,"column":2},"end":{"line":36,"column":4}},"6":{"start":{"line":37,"column":2},"end":{"line":37,"column":16}}},"fnMap":{"0":{"name":"(anonymous_0)","decl":{"start":{"line":3,"column":17},"end":{"line":3,"column":18}},"loc":{"start":{"line":3,"column":43},"end":{"line":38,"column":1}},"line":3},"1":{"name":"(anonymous_1)","decl":{"start":{"line":10,"column":4},"end":{"line":10,"column":5}},"loc":{"start":{"line":10,"column":29},"end":{"line":23,"column":5}},"line":10}},"branchMap":{},"s":{"0":3,"1":3,"2":3,"3":3,"4":3,"5":3,"6":3},"f":{"0":3,"1":3},"b":{},"_coverageSchema":"1a1c01bbd47fc00a2c39e90264f33305004495a9","hash":"5c23f907eefe65b84e13b4d3c041d1f12e14a012"}
,"/Users/dena/githubDena/miniProjectDTeam/models/user.js": {"path":"/Users/dena/githubDena/miniProjectDTeam/models/user.js","statementMap":{"0":{"start":{"line":2,"column":18},"end":{"line":2,"column":38}},"1":{"start":{"line":3,"column":0},"end":{"line":42,"column":2}},"2":{"start":{"line":12,"column":6},"end":{"line":14,"column":9}},"3":{"start":{"line":15,"column":6},"end":{"line":17,"column":9}},"4":{"start":{"line":18,"column":6},"end":{"line":20,"column":9}},"5":{"start":{"line":21,"column":6},"end":{"line":23,"column":9}},"6":{"start":{"line":26,"column":2},"end":{"line":40,"column":4}},"7":{"start":{"line":41,"column":2},"end":{"line":41,"column":14}}},"fnMap":{"0":{"name":"(anonymous_0)","decl":{"start":{"line":3,"column":17},"end":{"line":3,"column":18}},"loc":{"start":{"line":3,"column":43},"end":{"line":42,"column":1}},"line":3},"1":{"name":"(anonymous_1)","decl":{"start":{"line":10,"column":4},"end":{"line":10,"column":5}},"loc":{"start":{"line":10,"column":29},"end":{"line":24,"column":5}},"line":10}},"branchMap":{},"s":{"0":3,"1":3,"2":3,"3":3,"4":3,"5":3,"6":3,"7":3},"f":{"0":3,"1":3},"b":{},"_coverageSchema":"1a1c01bbd47fc00a2c39e90264f33305004495a9","hash":"c3d748fc7b50f1ce6d7ae963d22a8bd8753b005d"}
,"/Users/dena/githubDena/miniProjectDTeam/routes/bookmark.js": {"path":"/Users/dena/githubDena/miniProjectDTeam/routes/bookmark.js","statementMap":{"0":{"start":{"line":2,"column":16},"end":{"line":2,"column":34}},"1":{"start":{"line":9,"column":4},"end":{"line":9,"column":38}},"2":{"start":{"line":14,"column":4},"end":{"line":14,"column":49}},"3":{"start":{"line":17,"column":15},"end":{"line":17,"column":31}},"4":{"start":{"line":20,"column":0},"end":{"line":20,"column":33}},"5":{"start":{"line":21,"column":0},"end":{"line":21,"column":61}},"6":{"start":{"line":24,"column":0},"end":{"line":24,"column":38}},"7":{"start":{"line":27,"column":0},"end":{"line":27,"column":24}}},"fnMap":{},"branchMap":{},"s":{"0":3,"1":3,"2":3,"3":3,"4":3,"5":3,"6":3,"7":3},"f":{},"b":{},"_coverageSchema":"1a1c01bbd47fc00a2c39e90264f33305004495a9","hash":"4e53bdb67bd24b013199acf5ad85159adab61801"}
,"/Users/dena/githubDena/miniProjectDTeam/routes/commentsRouter.js": {"path":"/Users/dena/githubDena/miniProjectDTeam/routes/commentsRouter.js","statementMap":{"0":{"start":{"line":1,"column":16},"end":{"line":1,"column":34}},"1":{"start":{"line":5,"column":4},"end":{"line":5,"column":58}},"2":{"start":{"line":11,"column":4},"end":{"line":11,"column":48}},"3":{"start":{"line":13,"column":15},"end":{"line":13,"column":31}},"4":{"start":{"line":16,"column":0},"end":{"line":16,"column":67}},"5":{"start":{"line":17,"column":0},"end":{"line":17,"column":66}},"6":{"start":{"line":18,"column":0},"end":{"line":18,"column":37}},"7":{"start":{"line":20,"column":0},"end":{"line":20,"column":24}}},"fnMap":{},"branchMap":{},"s":{"0":3,"1":3,"2":3,"3":3,"4":3,"5":3,"6":3,"7":3},"f":{},"b":{},"_coverageSchema":"1a1c01bbd47fc00a2c39e90264f33305004495a9","hash":"911d68f409cdd2a31c6ee9baf47064a3787f4d3a"}
,"/Users/dena/githubDena/miniProjectDTeam/routes/events.js": {"path":"/Users/dena/githubDena/miniProjectDTeam/routes/events.js","statementMap":{"0":{"start":{"line":1,"column":16},"end":{"line":1,"column":34}},"1":{"start":{"line":16,"column":4},"end":{"line":16,"column":36}},"2":{"start":{"line":19,"column":15},"end":{"line":19,"column":31}},"3":{"start":{"line":21,"column":0},"end":{"line":21,"column":30}},"4":{"start":{"line":23,"column":0},"end":{"line":23,"column":33}},"5":{"start":{"line":25,"column":0},"end":{"line":25,"column":43}},"6":{"start":{"line":27,"column":0},"end":{"line":27,"column":41}},"7":{"start":{"line":29,"column":0},"end":{"line":29,"column":48}},"8":{"start":{"line":31,"column":0},"end":{"line":31,"column":38}},"9":{"start":{"line":33,"column":0},"end":{"line":33,"column":42}},"10":{"start":{"line":35,"column":0},"end":{"line":35,"column":40}},"11":{"start":{"line":37,"column":0},"end":{"line":37,"column":44}},"12":{"start":{"line":39,"column":0},"end":{"line":39,"column":44}},"13":{"start":{"line":41,"column":0},"end":{"line":41,"column":35}},"14":{"start":{"line":44,"column":0},"end":{"line":44,"column":24}}},"fnMap":{},"branchMap":{},"s":{"0":3,"1":3,"2":3,"3":3,"4":3,"5":3,"6":3,"7":3,"8":3,"9":3,"10":3,"11":3,"12":3,"13":3,"14":3},"f":{},"b":{},"_coverageSchema":"1a1c01bbd47fc00a2c39e90264f33305004495a9","hash":"87cfbab5ec126b75502f1d1d4a80598b7bf9852c"}
,"/Users/dena/githubDena/miniProjectDTeam/routes/index.js": {"path":"/Users/dena/githubDena/miniProjectDTeam/routes/index.js","statementMap":{"0":{"start":{"line":1,"column":14},"end":{"line":1,"column":41}},"1":{"start":{"line":2,"column":30},"end":{"line":2,"column":61}},"2":{"start":{"line":8,"column":4},"end":{"line":8,"column":36}},"3":{"start":{"line":9,"column":14},"end":{"line":9,"column":32}},"4":{"start":{"line":10,"column":15},"end":{"line":10,"column":34}},"5":{"start":{"line":11,"column":17},"end":{"line":11,"column":38}},"6":{"start":{"line":12,"column":16},"end":{"line":12,"column":43}},"7":{"start":{"line":13,"column":15},"end":{"line":13,"column":41}},"8":{"start":{"line":14,"column":23},"end":{"line":14,"column":74}},"9":{"start":{"line":19,"column":4},"end":{"line":19,"column":46}},"10":{"start":{"line":23,"column":4},"end":{"line":23,"column":47}},"11":{"start":{"line":25,"column":0},"end":{"line":25,"column":32}},"12":{"start":{"line":26,"column":0},"end":{"line":26,"column":29}},"13":{"start":{"line":27,"column":0},"end":{"line":27,"column":29}},"14":{"start":{"line":28,"column":0},"end":{"line":28,"column":64}},"15":{"start":{"line":30,"column":0},"end":{"line":30,"column":26}},"16":{"start":{"line":32,"column":0},"end":{"line":32,"column":65}},"17":{"start":{"line":33,"column":0},"end":{"line":33,"column":68}},"18":{"start":{"line":34,"column":0},"end":{"line":34,"column":40}},"19":{"start":{"line":35,"column":0},"end":{"line":35,"column":26}},"20":{"start":{"line":36,"column":0},"end":{"line":36,"column":33}},"21":{"start":{"line":37,"column":0},"end":{"line":37,"column":31}},"22":{"start":{"line":38,"column":0},"end":{"line":38,"column":29}},"23":{"start":{"line":40,"column":0},"end":{"line":40,"column":23}}},"fnMap":{},"branchMap":{},"s":{"0":3,"1":3,"2":3,"3":3,"4":3,"5":3,"6":3,"7":3,"8":3,"9":3,"10":3,"11":3,"12":3,"13":3,"14":3,"15":3,"16":3,"17":3,"18":3,"19":3,"20":3,"21":3,"22":3,"23":3},"f":{},"b":{},"_coverageSchema":"1a1c01bbd47fc00a2c39e90264f33305004495a9","hash":"ab767a2554df8dd93b2dd626e913d6b7786f765c"}
,"/Users/dena/githubDena/miniProjectDTeam/routes/ratingsRouter.js": {"path":"/Users/dena/githubDena/miniProjectDTeam/routes/ratingsRouter.js","statementMap":{"0":{"start":{"line":1,"column":16},"end":{"line":1,"column":34}},"1":{"start":{"line":5,"column":4},"end":{"line":5,"column":57}},"2":{"start":{"line":7,"column":25},"end":{"line":7,"column":68}},"3":{"start":{"line":9,"column":15},"end":{"line":9,"column":31}},"4":{"start":{"line":11,"column":0},"end":{"line":11,"column":57}},"5":{"start":{"line":13,"column":0},"end":{"line":13,"column":24}}},"fnMap":{},"branchMap":{},"s":{"0":3,"1":3,"2":3,"3":3,"4":3,"5":3},"f":{},"b":{},"_coverageSchema":"1a1c01bbd47fc00a2c39e90264f33305004495a9","hash":"f0c38fd140212b567b562d807fb5924864d8d04a"}
,"/Users/dena/githubDena/miniProjectDTeam/routes/users.js": {"path":"/Users/dena/githubDena/miniProjectDTeam/routes/users.js","statementMap":{"0":{"start":{"line":1,"column":16},"end":{"line":1,"column":34}},"1":{"start":{"line":6,"column":4},"end":{"line":6,"column":46}},"2":{"start":{"line":13,"column":4},"end":{"line":13,"column":35}},"3":{"start":{"line":15,"column":15},"end":{"line":15,"column":31}},"4":{"start":{"line":17,"column":0},"end":{"line":17,"column":33}},"5":{"start":{"line":18,"column":0},"end":{"line":18,"column":40}},"6":{"start":{"line":19,"column":0},"end":{"line":24,"column":2}},"7":{"start":{"line":25,"column":0},"end":{"line":25,"column":34}},"8":{"start":{"line":27,"column":0},"end":{"line":27,"column":24}}},"fnMap":{},"branchMap":{},"s":{"0":3,"1":3,"2":3,"3":3,"4":3,"5":3,"6":3,"7":3,"8":3},"f":{},"b":{},"_coverageSchema":"1a1c01bbd47fc00a2c39e90264f33305004495a9","hash":"991aaf6d89973230088ea6a6578ec359a5b0aa6a"}
,"/Users/dena/githubDena/miniProjectDTeam/utils/bcrypt.js": {"path":"/Users/dena/githubDena/miniProjectDTeam/utils/bcrypt.js","statementMap":{"0":{"start":{"line":1,"column":15},"end":{"line":1,"column":34}},"1":{"start":{"line":3,"column":18},"end":{"line":12,"column":1}},"2":{"start":{"line":4,"column":2},"end":{"line":11,"column":3}},"3":{"start":{"line":5,"column":23},"end":{"line":5,"column":56}},"4":{"start":{"line":6,"column":17},"end":{"line":6,"column":47}},"5":{"start":{"line":7,"column":17},"end":{"line":7,"column":45}},"6":{"start":{"line":8,"column":4},"end":{"line":8,"column":16}},"7":{"start":{"line":10,"column":4},"end":{"line":10,"column":16}},"8":{"start":{"line":14,"column":16},"end":{"line":16,"column":1}},"9":{"start":{"line":15,"column":2},"end":{"line":15,"column":41}},"10":{"start":{"line":18,"column":0},"end":{"line":21,"column":2}}},"fnMap":{"0":{"name":"(anonymous_0)","decl":{"start":{"line":3,"column":18},"end":{"line":3,"column":19}},"loc":{"start":{"line":3,"column":29},"end":{"line":12,"column":1}},"line":3},"1":{"name":"(anonymous_1)","decl":{"start":{"line":14,"column":16},"end":{"line":14,"column":17}},"loc":{"start":{"line":14,"column":33},"end":{"line":16,"column":1}},"line":14}},"branchMap":{},"s":{"0":3,"1":3,"2":4,"3":4,"4":4,"5":4,"6":4,"7":0,"8":3,"9":2,"10":3},"f":{"0":4,"1":2},"b":{},"_coverageSchema":"1a1c01bbd47fc00a2c39e90264f33305004495a9","hash":"1c74de38c06ded3b03cc5e35f44568560f1f15c4"}
,"/Users/dena/githubDena/miniProjectDTeam/utils/index.js": {"path":"/Users/dena/githubDena/miniProjectDTeam/utils/index.js","statementMap":{"0":{"start":{"line":1,"column":39},"end":{"line":1,"column":55}},"1":{"start":{"line":2,"column":31},"end":{"line":2,"column":50}},"2":{"start":{"line":4,"column":0},"end":{"line":9,"column":2}}},"fnMap":{},"branchMap":{},"s":{"0":3,"1":3,"2":3},"f":{},"b":{},"_coverageSchema":"1a1c01bbd47fc00a2c39e90264f33305004495a9","hash":"48ba5790205eebc49638c9a63c057fe87e38c08d"}
,"/Users/dena/githubDena/miniProjectDTeam/utils/jwt.js": {"path":"/Users/dena/githubDena/miniProjectDTeam/utils/jwt.js","statementMap":{"0":{"start":{"line":2,"column":12},"end":{"line":2,"column":35}},"1":{"start":{"line":4,"column":0},"end":{"line":4,"column":27}},"2":{"start":{"line":8,"column":2},"end":{"line":8,"column":55}},"3":{"start":{"line":13,"column":2},"end":{"line":13,"column":55}},"4":{"start":{"line":16,"column":0},"end":{"line":19,"column":2}}},"fnMap":{"0":{"name":"generateToken","decl":{"start":{"line":7,"column":9},"end":{"line":7,"column":22}},"loc":{"start":{"line":7,"column":32},"end":{"line":9,"column":1}},"line":7},"1":{"name":"decodeToken","decl":{"start":{"line":12,"column":9},"end":{"line":12,"column":20}},"loc":{"start":{"line":12,"column":28},"end":{"line":14,"column":1}},"line":12}},"branchMap":{},"s":{"0":4,"1":4,"2":3,"3":2,"4":4},"f":{"0":3,"1":2},"b":{},"_coverageSchema":"1a1c01bbd47fc00a2c39e90264f33305004495a9","hash":"01e4d995ae79214e6a1b169a5314053ed8f4c2e5"}
}
