{"/Users/dena/GlintsBootcamp/miniProject/backendteam_d/app.js": {"path":"/Users/dena/GlintsBootcamp/miniProject/backendteam_d/app.js","statementMap":{"0":{"start":{"line":1,"column":16},"end":{"line":1,"column":34}},"1":{"start":{"line":2,"column":19},"end":{"line":2,"column":48}},"2":{"start":{"line":3,"column":13},"end":{"line":3,"column":28}},"3":{"start":{"line":6,"column":15},"end":{"line":6,"column":40}},"4":{"start":{"line":9,"column":21},"end":{"line":9,"column":58}},"5":{"start":{"line":11,"column":20},"end":{"line":22,"column":1}},"6":{"start":{"line":25,"column":13},"end":{"line":25,"column":37}},"7":{"start":{"line":28,"column":12},"end":{"line":28,"column":21}},"8":{"start":{"line":30,"column":0},"end":{"line":30,"column":27}},"9":{"start":{"line":33,"column":0},"end":{"line":33,"column":24}},"10":{"start":{"line":34,"column":0},"end":{"line":34,"column":48}},"11":{"start":{"line":37,"column":0},"end":{"line":37,"column":22}},"12":{"start":{"line":42,"column":0},"end":{"line":42,"column":34}},"13":{"start":{"line":45,"column":0},"end":{"line":45,"column":21}},"14":{"start":{"line":48,"column":0},"end":{"line":50,"column":3}},"15":{"start":{"line":49,"column":2},"end":{"line":49,"column":59}},"16":{"start":{"line":53,"column":0},"end":{"line":53,"column":22}},"17":{"start":{"line":55,"column":0},"end":{"line":58,"column":1}},"18":{"start":{"line":57,"column":2},"end":{"line":57,"column":67}},"19":{"start":{"line":57,"column":25},"end":{"line":57,"column":65}},"20":{"start":{"line":60,"column":0},"end":{"line":60,"column":21}}},"fnMap":{"0":{"name":"(anonymous_0)","decl":{"start":{"line":48,"column":13},"end":{"line":48,"column":14}},"loc":{"start":{"line":48,"column":33},"end":{"line":50,"column":1}},"line":48},"1":{"name":"(anonymous_1)","decl":{"start":{"line":57,"column":19},"end":{"line":57,"column":20}},"loc":{"start":{"line":57,"column":25},"end":{"line":57,"column":65}},"line":57}},"branchMap":{"0":{"loc":{"start":{"line":25,"column":13},"end":{"line":25,"column":37}},"type":"binary-expr","locations":[{"start":{"line":25,"column":13},"end":{"line":25,"column":29}},{"start":{"line":25,"column":33},"end":{"line":25,"column":37}}],"line":25},"1":{"loc":{"start":{"line":55,"column":0},"end":{"line":58,"column":1}},"type":"if","locations":[{"start":{"line":55,"column":0},"end":{"line":58,"column":1}},{"start":{},"end":{}}],"line":55}},"s":{"0":3,"1":3,"2":3,"3":3,"4":3,"5":3,"6":3,"7":3,"8":3,"9":3,"10":3,"11":3,"12":3,"13":3,"14":3,"15":0,"16":3,"17":3,"18":0,"19":0,"20":3},"f":{"0":0,"1":0},"b":{"0":[3,3],"1":[0,3]},"_coverageSchema":"1a1c01bbd47fc00a2c39e90264f33305004495a9","hash":"7c28575ce9f8ad887404d62756ea02dc138caf4a"}
,"/Users/dena/GlintsBootcamp/miniProject/backendteam_d/config/config.js": {"path":"/Users/dena/GlintsBootcamp/miniProject/backendteam_d/config/config.js","statementMap":{"0":{"start":{"line":1,"column":0},"end":{"line":1,"column":67}},"1":{"start":{"line":3,"column":0},"end":{"line":35,"column":2}}},"fnMap":{},"branchMap":{},"s":{"0":3,"1":3},"f":{},"b":{},"_coverageSchema":"1a1c01bbd47fc00a2c39e90264f33305004495a9","hash":"7227d5b2494a14d6033193b6102684a187df595e"}
,"/Users/dena/GlintsBootcamp/miniProject/backendteam_d/controllers/bookmark.js": {"path":"/Users/dena/GlintsBootcamp/miniProject/backendteam_d/controllers/bookmark.js","statementMap":{"0":{"start":{"line":1,"column":44},"end":{"line":1,"column":64}},"1":{"start":{"line":2,"column":15},"end":{"line":2,"column":35}},"2":{"start":{"line":5,"column":22},"end":{"line":10,"column":1}},"3":{"start":{"line":6,"column":16},"end":{"line":6,"column":32}},"4":{"start":{"line":7,"column":17},"end":{"line":7,"column":40}},"5":{"start":{"line":9,"column":2},"end":{"line":9,"column":27}},"6":{"start":{"line":13,"column":22},"end":{"line":19,"column":1}},"7":{"start":{"line":14,"column":46},"end":{"line":14,"column":50}},"8":{"start":{"line":15,"column":22},"end":{"line":15,"column":38}},"9":{"start":{"line":16,"column":21},"end":{"line":16,"column":50}},"10":{"start":{"line":18,"column":2},"end":{"line":18,"column":57}},"11":{"start":{"line":23,"column":4},"end":{"line":49,"column":5}},"12":{"start":{"line":24,"column":29},"end":{"line":24,"column":38}},"13":{"start":{"line":25,"column":32},"end":{"line":25,"column":57}},"14":{"start":{"line":27,"column":19},"end":{"line":41,"column":8}},"15":{"start":{"line":43,"column":6},"end":{"line":45,"column":7}},"16":{"start":{"line":44,"column":8},"end":{"line":44,"column":73}},"17":{"start":{"line":46,"column":6},"end":{"line":46,"column":44}},"18":{"start":{"line":48,"column":6},"end":{"line":48,"column":18}},"19":{"start":{"line":53,"column":4},"end":{"line":67,"column":5}},"20":{"start":{"line":54,"column":22},"end":{"line":54,"column":35}},"21":{"start":{"line":55,"column":21},"end":{"line":55,"column":37}},"22":{"start":{"line":56,"column":25},"end":{"line":56,"column":44}},"23":{"start":{"line":58,"column":22},"end":{"line":62,"column":8}},"24":{"start":{"line":64,"column":6},"end":{"line":64,"column":74}},"25":{"start":{"line":66,"column":6},"end":{"line":66,"column":18}},"26":{"start":{"line":71,"column":4},"end":{"line":86,"column":5}},"27":{"start":{"line":72,"column":26},"end":{"line":76,"column":8}},"28":{"start":{"line":78,"column":6},"end":{"line":80,"column":7}},"29":{"start":{"line":79,"column":8},"end":{"line":79,"column":74}},"30":{"start":{"line":82,"column":6},"end":{"line":82,"column":77}},"31":{"start":{"line":84,"column":6},"end":{"line":84,"column":25}},"32":{"start":{"line":85,"column":6},"end":{"line":85,"column":18}},"33":{"start":{"line":90,"column":0},"end":{"line":90,"column":26}}},"fnMap":{"0":{"name":"(anonymous_0)","decl":{"start":{"line":5,"column":22},"end":{"line":5,"column":23}},"loc":{"start":{"line":5,"column":38},"end":{"line":10,"column":1}},"line":5},"1":{"name":"(anonymous_1)","decl":{"start":{"line":13,"column":22},"end":{"line":13,"column":23}},"loc":{"start":{"line":13,"column":45},"end":{"line":19,"column":1}},"line":13},"2":{"name":"(anonymous_2)","decl":{"start":{"line":22,"column":2},"end":{"line":22,"column":3}},"loc":{"start":{"line":22,"column":47},"end":{"line":50,"column":3}},"line":22},"3":{"name":"(anonymous_3)","decl":{"start":{"line":52,"column":2},"end":{"line":52,"column":3}},"loc":{"start":{"line":52,"column":46},"end":{"line":68,"column":3}},"line":52},"4":{"name":"(anonymous_4)","decl":{"start":{"line":70,"column":2},"end":{"line":70,"column":3}},"loc":{"start":{"line":70,"column":46},"end":{"line":87,"column":3}},"line":70}},"branchMap":{"0":{"loc":{"start":{"line":6,"column":16},"end":{"line":6,"column":32}},"type":"cond-expr","locations":[{"start":{"line":6,"column":23},"end":{"line":6,"column":28}},{"start":{"line":6,"column":31},"end":{"line":6,"column":32}}],"line":6},"1":{"loc":{"start":{"line":7,"column":17},"end":{"line":7,"column":40}},"type":"binary-expr","locations":[{"start":{"line":7,"column":17},"end":{"line":7,"column":35}},{"start":{"line":7,"column":39},"end":{"line":7,"column":40}}],"line":7},"2":{"loc":{"start":{"line":15,"column":22},"end":{"line":15,"column":38}},"type":"cond-expr","locations":[{"start":{"line":15,"column":29},"end":{"line":15,"column":34}},{"start":{"line":15,"column":37},"end":{"line":15,"column":38}}],"line":15},"3":{"loc":{"start":{"line":43,"column":6},"end":{"line":45,"column":7}},"type":"if","locations":[{"start":{"line":43,"column":6},"end":{"line":45,"column":7}},{"start":{},"end":{}}],"line":43},"4":{"loc":{"start":{"line":78,"column":6},"end":{"line":80,"column":7}},"type":"if","locations":[{"start":{"line":78,"column":6},"end":{"line":80,"column":7}},{"start":{},"end":{}}],"line":78}},"s":{"0":3,"1":3,"2":3,"3":0,"4":0,"5":0,"6":3,"7":0,"8":0,"9":0,"10":0,"11":0,"12":0,"13":0,"14":0,"15":0,"16":0,"17":0,"18":0,"19":0,"20":0,"21":0,"22":0,"23":0,"24":0,"25":0,"26":0,"27":0,"28":0,"29":0,"30":0,"31":0,"32":0,"33":3},"f":{"0":0,"1":0,"2":0,"3":0,"4":0},"b":{"0":[0,0],"1":[0,0],"2":[0,0],"3":[0,0],"4":[0,0]},"_coverageSchema":"1a1c01bbd47fc00a2c39e90264f33305004495a9","hash":"06396551f8aaf8f5df084ef922fad9aadf7f7a6a"}
,"/Users/dena/GlintsBootcamp/miniProject/backendteam_d/controllers/commentsController.js": {"path":"/Users/dena/GlintsBootcamp/miniProject/backendteam_d/controllers/commentsController.js","statementMap":{"0":{"start":{"line":1,"column":26},"end":{"line":1,"column":46}},"1":{"start":{"line":6,"column":4},"end":{"line":31,"column":5}},"2":{"start":{"line":8,"column":22},"end":{"line":12,"column":8}},"3":{"start":{"line":15,"column":19},"end":{"line":26,"column":8}},"4":{"start":{"line":28,"column":6},"end":{"line":28,"column":76}},"5":{"start":{"line":30,"column":6},"end":{"line":30,"column":18}},"6":{"start":{"line":36,"column":4},"end":{"line":76,"column":5}},"7":{"start":{"line":39,"column":24},"end":{"line":41,"column":8}},"8":{"start":{"line":43,"column":6},"end":{"line":47,"column":7}},"9":{"start":{"line":44,"column":8},"end":{"line":46,"column":76}},"10":{"start":{"line":49,"column":26},"end":{"line":53,"column":8}},"11":{"start":{"line":56,"column":6},"end":{"line":58,"column":7}},"12":{"start":{"line":57,"column":8},"end":{"line":57,"column":71}},"13":{"start":{"line":60,"column":19},"end":{"line":71,"column":8}},"14":{"start":{"line":73,"column":6},"end":{"line":73,"column":78}},"15":{"start":{"line":75,"column":6},"end":{"line":75,"column":18}},"16":{"start":{"line":81,"column":4},"end":{"line":102,"column":5}},"17":{"start":{"line":83,"column":24},"end":{"line":85,"column":8}},"18":{"start":{"line":87,"column":6},"end":{"line":91,"column":7}},"19":{"start":{"line":88,"column":8},"end":{"line":90,"column":76}},"20":{"start":{"line":93,"column":17},"end":{"line":93,"column":72}},"21":{"start":{"line":95,"column":6},"end":{"line":97,"column":7}},"22":{"start":{"line":96,"column":8},"end":{"line":96,"column":71}},"23":{"start":{"line":99,"column":6},"end":{"line":99,"column":71}},"24":{"start":{"line":101,"column":6},"end":{"line":101,"column":18}},"25":{"start":{"line":106,"column":0},"end":{"line":106,"column":25}}},"fnMap":{"0":{"name":"(anonymous_0)","decl":{"start":{"line":5,"column":2},"end":{"line":5,"column":3}},"loc":{"start":{"line":5,"column":45},"end":{"line":32,"column":3}},"line":5},"1":{"name":"(anonymous_1)","decl":{"start":{"line":35,"column":2},"end":{"line":35,"column":3}},"loc":{"start":{"line":35,"column":45},"end":{"line":77,"column":3}},"line":35},"2":{"name":"(anonymous_2)","decl":{"start":{"line":80,"column":2},"end":{"line":80,"column":3}},"loc":{"start":{"line":80,"column":45},"end":{"line":103,"column":3}},"line":80}},"branchMap":{"0":{"loc":{"start":{"line":43,"column":6},"end":{"line":47,"column":7}},"type":"if","locations":[{"start":{"line":43,"column":6},"end":{"line":47,"column":7}},{"start":{},"end":{}}],"line":43},"1":{"loc":{"start":{"line":56,"column":6},"end":{"line":58,"column":7}},"type":"if","locations":[{"start":{"line":56,"column":6},"end":{"line":58,"column":7}},{"start":{},"end":{}}],"line":56},"2":{"loc":{"start":{"line":87,"column":6},"end":{"line":91,"column":7}},"type":"if","locations":[{"start":{"line":87,"column":6},"end":{"line":91,"column":7}},{"start":{},"end":{}}],"line":87},"3":{"loc":{"start":{"line":95,"column":6},"end":{"line":97,"column":7}},"type":"if","locations":[{"start":{"line":95,"column":6},"end":{"line":97,"column":7}},{"start":{},"end":{}}],"line":95}},"s":{"0":3,"1":0,"2":0,"3":0,"4":0,"5":0,"6":0,"7":0,"8":0,"9":0,"10":0,"11":0,"12":0,"13":0,"14":0,"15":0,"16":0,"17":0,"18":0,"19":0,"20":0,"21":0,"22":0,"23":0,"24":0,"25":3},"f":{"0":0,"1":0,"2":0},"b":{"0":[0,0],"1":[0,0],"2":[0,0],"3":[0,0]},"_coverageSchema":"1a1c01bbd47fc00a2c39e90264f33305004495a9","hash":"637898976d81dbe34702591d556128fb13c695f8"}
,"/Users/dena/GlintsBootcamp/miniProject/backendteam_d/controllers/events.js": {"path":"/Users/dena/GlintsBootcamp/miniProject/backendteam_d/controllers/events.js","statementMap":{"0":{"start":{"line":2,"column":51},"end":{"line":2,"column":71}},"1":{"start":{"line":5,"column":15},"end":{"line":5,"column":35}},"2":{"start":{"line":7,"column":18},"end":{"line":7,"column":38}},"3":{"start":{"line":10,"column":15},"end":{"line":10,"column":41}},"4":{"start":{"line":12,"column":19},"end":{"line":12,"column":40}},"5":{"start":{"line":13,"column":0},"end":{"line":17,"column":3}},"6":{"start":{"line":20,"column":22},"end":{"line":25,"column":1}},"7":{"start":{"line":21,"column":16},"end":{"line":21,"column":32}},"8":{"start":{"line":22,"column":17},"end":{"line":22,"column":40}},"9":{"start":{"line":24,"column":2},"end":{"line":24,"column":27}},"10":{"start":{"line":28,"column":22},"end":{"line":36,"column":1}},"11":{"start":{"line":29,"column":46},"end":{"line":29,"column":50}},"12":{"start":{"line":30,"column":22},"end":{"line":30,"column":38}},"13":{"start":{"line":31,"column":19},"end":{"line":31,"column":39}},"14":{"start":{"line":32,"column":19},"end":{"line":32,"column":39}},"15":{"start":{"line":33,"column":21},"end":{"line":33,"column":50}},"16":{"start":{"line":35,"column":2},"end":{"line":35,"column":77}},"17":{"start":{"line":40,"column":4},"end":{"line":79,"column":5}},"18":{"start":{"line":42,"column":26},"end":{"line":55,"column":8}},"19":{"start":{"line":57,"column":6},"end":{"line":59,"column":7}},"20":{"start":{"line":58,"column":8},"end":{"line":58,"column":70}},"21":{"start":{"line":61,"column":27},"end":{"line":63,"column":8}},"22":{"start":{"line":65,"column":25},"end":{"line":75,"column":8}},"23":{"start":{"line":76,"column":6},"end":{"line":76,"column":77}},"24":{"start":{"line":78,"column":6},"end":{"line":78,"column":18}},"25":{"start":{"line":84,"column":4},"end":{"line":105,"column":5}},"26":{"start":{"line":85,"column":29},"end":{"line":85,"column":38}},"27":{"start":{"line":86,"column":32},"end":{"line":86,"column":57}},"28":{"start":{"line":88,"column":17},"end":{"line":97,"column":8}},"29":{"start":{"line":99,"column":6},"end":{"line":101,"column":7}},"30":{"start":{"line":100,"column":8},"end":{"line":100,"column":70}},"31":{"start":{"line":102,"column":6},"end":{"line":102,"column":68}},"32":{"start":{"line":104,"column":6},"end":{"line":104,"column":18}},"33":{"start":{"line":110,"column":4},"end":{"line":153,"column":5}},"34":{"start":{"line":111,"column":29},"end":{"line":111,"column":38}},"35":{"start":{"line":112,"column":32},"end":{"line":112,"column":57}},"36":{"start":{"line":113,"column":19},"end":{"line":113,"column":32}},"37":{"start":{"line":115,"column":17},"end":{"line":144,"column":8}},"38":{"start":{"line":146,"column":6},"end":{"line":148,"column":7}},"39":{"start":{"line":147,"column":8},"end":{"line":147,"column":70}},"40":{"start":{"line":150,"column":6},"end":{"line":150,"column":68}},"41":{"start":{"line":152,"column":6},"end":{"line":152,"column":18}},"42":{"start":{"line":158,"column":4},"end":{"line":180,"column":5}},"43":{"start":{"line":159,"column":29},"end":{"line":159,"column":38}},"44":{"start":{"line":160,"column":32},"end":{"line":160,"column":57}},"45":{"start":{"line":162,"column":17},"end":{"line":171,"column":8}},"46":{"start":{"line":173,"column":6},"end":{"line":175,"column":7}},"47":{"start":{"line":174,"column":8},"end":{"line":174,"column":70}},"48":{"start":{"line":177,"column":6},"end":{"line":177,"column":68}},"49":{"start":{"line":179,"column":6},"end":{"line":179,"column":18}},"50":{"start":{"line":185,"column":4},"end":{"line":216,"column":5}},"51":{"start":{"line":186,"column":29},"end":{"line":186,"column":38}},"52":{"start":{"line":187,"column":32},"end":{"line":187,"column":57}},"53":{"start":{"line":190,"column":17},"end":{"line":207,"column":8}},"54":{"start":{"line":209,"column":6},"end":{"line":211,"column":7}},"55":{"start":{"line":210,"column":8},"end":{"line":210,"column":70}},"56":{"start":{"line":213,"column":6},"end":{"line":213,"column":68}},"57":{"start":{"line":215,"column":6},"end":{"line":215,"column":18}},"58":{"start":{"line":221,"column":4},"end":{"line":253,"column":5}},"59":{"start":{"line":222,"column":29},"end":{"line":222,"column":38}},"60":{"start":{"line":223,"column":32},"end":{"line":223,"column":57}},"61":{"start":{"line":225,"column":14},"end":{"line":225,"column":24}},"62":{"start":{"line":226,"column":14},"end":{"line":226,"column":40}},"63":{"start":{"line":227,"column":14},"end":{"line":227,"column":46}},"64":{"start":{"line":228,"column":14},"end":{"line":228,"column":48}},"65":{"start":{"line":230,"column":17},"end":{"line":244,"column":8}},"66":{"start":{"line":246,"column":6},"end":{"line":248,"column":7}},"67":{"start":{"line":247,"column":8},"end":{"line":247,"column":70}},"68":{"start":{"line":250,"column":6},"end":{"line":250,"column":68}},"69":{"start":{"line":252,"column":6},"end":{"line":252,"column":18}},"70":{"start":{"line":258,"column":4},"end":{"line":288,"column":5}},"71":{"start":{"line":259,"column":29},"end":{"line":259,"column":38}},"72":{"start":{"line":260,"column":32},"end":{"line":260,"column":57}},"73":{"start":{"line":263,"column":20},"end":{"line":267,"column":7}},"74":{"start":{"line":269,"column":17},"end":{"line":279,"column":8}},"75":{"start":{"line":281,"column":6},"end":{"line":283,"column":7}},"76":{"start":{"line":282,"column":8},"end":{"line":282,"column":70}},"77":{"start":{"line":285,"column":6},"end":{"line":285,"column":68}},"78":{"start":{"line":287,"column":6},"end":{"line":287,"column":18}},"79":{"start":{"line":293,"column":4},"end":{"line":321,"column":5}},"80":{"start":{"line":294,"column":29},"end":{"line":294,"column":38}},"81":{"start":{"line":295,"column":32},"end":{"line":295,"column":57}},"82":{"start":{"line":298,"column":17},"end":{"line":312,"column":8}},"83":{"start":{"line":314,"column":6},"end":{"line":316,"column":7}},"84":{"start":{"line":315,"column":8},"end":{"line":315,"column":70}},"85":{"start":{"line":318,"column":6},"end":{"line":318,"column":68}},"86":{"start":{"line":320,"column":6},"end":{"line":320,"column":18}},"87":{"start":{"line":326,"column":4},"end":{"line":354,"column":5}},"88":{"start":{"line":327,"column":29},"end":{"line":327,"column":38}},"89":{"start":{"line":328,"column":32},"end":{"line":328,"column":57}},"90":{"start":{"line":331,"column":17},"end":{"line":345,"column":8}},"91":{"start":{"line":347,"column":6},"end":{"line":349,"column":7}},"92":{"start":{"line":348,"column":8},"end":{"line":348,"column":70}},"93":{"start":{"line":351,"column":6},"end":{"line":351,"column":68}},"94":{"start":{"line":353,"column":6},"end":{"line":353,"column":18}},"95":{"start":{"line":359,"column":4},"end":{"line":387,"column":5}},"96":{"start":{"line":360,"column":19},"end":{"line":362,"column":8}},"97":{"start":{"line":364,"column":6},"end":{"line":366,"column":7}},"98":{"start":{"line":365,"column":8},"end":{"line":365,"column":63}},"99":{"start":{"line":368,"column":20},"end":{"line":372,"column":8}},"100":{"start":{"line":374,"column":22},"end":{"line":376,"column":8}},"101":{"start":{"line":378,"column":24},"end":{"line":380,"column":8}},"102":{"start":{"line":382,"column":18},"end":{"line":382,"column":37}},"103":{"start":{"line":384,"column":6},"end":{"line":384,"column":56}},"104":{"start":{"line":386,"column":6},"end":{"line":386,"column":18}},"105":{"start":{"line":392,"column":4},"end":{"line":414,"column":5}},"106":{"start":{"line":393,"column":29},"end":{"line":393,"column":38}},"107":{"start":{"line":394,"column":32},"end":{"line":394,"column":57}},"108":{"start":{"line":396,"column":17},"end":{"line":405,"column":8}},"109":{"start":{"line":407,"column":6},"end":{"line":409,"column":7}},"110":{"start":{"line":408,"column":8},"end":{"line":408,"column":70}},"111":{"start":{"line":411,"column":6},"end":{"line":411,"column":68}},"112":{"start":{"line":413,"column":6},"end":{"line":413,"column":18}},"113":{"start":{"line":419,"column":4},"end":{"line":441,"column":5}},"114":{"start":{"line":420,"column":29},"end":{"line":420,"column":38}},"115":{"start":{"line":421,"column":32},"end":{"line":421,"column":57}},"116":{"start":{"line":423,"column":17},"end":{"line":432,"column":8}},"117":{"start":{"line":434,"column":6},"end":{"line":436,"column":7}},"118":{"start":{"line":435,"column":8},"end":{"line":435,"column":70}},"119":{"start":{"line":438,"column":6},"end":{"line":438,"column":68}},"120":{"start":{"line":440,"column":6},"end":{"line":440,"column":18}},"121":{"start":{"line":446,"column":4},"end":{"line":509,"column":5}},"122":{"start":{"line":457,"column":10},"end":{"line":457,"column":18}},"123":{"start":{"line":458,"column":26},"end":{"line":469,"column":8}},"124":{"start":{"line":472,"column":6},"end":{"line":506,"column":8}},"125":{"start":{"line":475,"column":18},"end":{"line":475,"column":35}},"126":{"start":{"line":477,"column":18},"end":{"line":477,"column":43}},"127":{"start":{"line":480,"column":30},"end":{"line":494,"column":11}},"128":{"start":{"line":497,"column":23},"end":{"line":499,"column":12}},"129":{"start":{"line":502,"column":10},"end":{"line":504,"column":66}},"130":{"start":{"line":508,"column":6},"end":{"line":508,"column":18}},"131":{"start":{"line":514,"column":4},"end":{"line":592,"column":5}},"132":{"start":{"line":515,"column":24},"end":{"line":517,"column":8}},"133":{"start":{"line":519,"column":6},"end":{"line":521,"column":7}},"134":{"start":{"line":520,"column":8},"end":{"line":520,"column":71}},"135":{"start":{"line":523,"column":6},"end":{"line":527,"column":7}},"136":{"start":{"line":524,"column":8},"end":{"line":526,"column":11}},"137":{"start":{"line":539,"column":10},"end":{"line":539,"column":18}},"138":{"start":{"line":540,"column":26},"end":{"line":554,"column":7}},"139":{"start":{"line":557,"column":6},"end":{"line":589,"column":8}},"140":{"start":{"line":560,"column":18},"end":{"line":560,"column":35}},"141":{"start":{"line":563,"column":31},"end":{"line":577,"column":11}},"142":{"start":{"line":580,"column":23},"end":{"line":582,"column":12}},"143":{"start":{"line":585,"column":10},"end":{"line":587,"column":66}},"144":{"start":{"line":591,"column":6},"end":{"line":591,"column":18}},"145":{"start":{"line":597,"column":4},"end":{"line":620,"column":5}},"146":{"start":{"line":598,"column":24},"end":{"line":600,"column":8}},"147":{"start":{"line":602,"column":6},"end":{"line":604,"column":7}},"148":{"start":{"line":603,"column":8},"end":{"line":603,"column":71}},"149":{"start":{"line":606,"column":6},"end":{"line":610,"column":7}},"150":{"start":{"line":607,"column":8},"end":{"line":609,"column":11}},"151":{"start":{"line":612,"column":17},"end":{"line":614,"column":8}},"152":{"start":{"line":617,"column":6},"end":{"line":617,"column":74}},"153":{"start":{"line":619,"column":6},"end":{"line":619,"column":18}},"154":{"start":{"line":624,"column":0},"end":{"line":624,"column":24}}},"fnMap":{"0":{"name":"(anonymous_0)","decl":{"start":{"line":20,"column":22},"end":{"line":20,"column":23}},"loc":{"start":{"line":20,"column":38},"end":{"line":25,"column":1}},"line":20},"1":{"name":"(anonymous_1)","decl":{"start":{"line":28,"column":22},"end":{"line":28,"column":23}},"loc":{"start":{"line":28,"column":45},"end":{"line":36,"column":1}},"line":28},"2":{"name":"(anonymous_2)","decl":{"start":{"line":39,"column":2},"end":{"line":39,"column":3}},"loc":{"start":{"line":39,"column":47},"end":{"line":80,"column":3}},"line":39},"3":{"name":"(anonymous_3)","decl":{"start":{"line":83,"column":2},"end":{"line":83,"column":3}},"loc":{"start":{"line":83,"column":44},"end":{"line":106,"column":3}},"line":83},"4":{"name":"(anonymous_4)","decl":{"start":{"line":109,"column":2},"end":{"line":109,"column":3}},"loc":{"start":{"line":109,"column":43},"end":{"line":154,"column":3}},"line":109},"5":{"name":"(anonymous_5)","decl":{"start":{"line":157,"column":2},"end":{"line":157,"column":3}},"loc":{"start":{"line":157,"column":50},"end":{"line":181,"column":3}},"line":157},"6":{"name":"(anonymous_6)","decl":{"start":{"line":184,"column":2},"end":{"line":184,"column":3}},"loc":{"start":{"line":184,"column":51},"end":{"line":217,"column":3}},"line":184},"7":{"name":"(anonymous_7)","decl":{"start":{"line":220,"column":2},"end":{"line":220,"column":3}},"loc":{"start":{"line":220,"column":54},"end":{"line":254,"column":3}},"line":220},"8":{"name":"(anonymous_8)","decl":{"start":{"line":257,"column":2},"end":{"line":257,"column":3}},"loc":{"start":{"line":257,"column":50},"end":{"line":289,"column":3}},"line":257},"9":{"name":"(anonymous_9)","decl":{"start":{"line":292,"column":2},"end":{"line":292,"column":3}},"loc":{"start":{"line":292,"column":51},"end":{"line":322,"column":3}},"line":292},"10":{"name":"(anonymous_10)","decl":{"start":{"line":325,"column":2},"end":{"line":325,"column":3}},"loc":{"start":{"line":325,"column":50},"end":{"line":355,"column":3}},"line":325},"11":{"name":"(anonymous_11)","decl":{"start":{"line":358,"column":2},"end":{"line":358,"column":3}},"loc":{"start":{"line":358,"column":46},"end":{"line":388,"column":3}},"line":358},"12":{"name":"(anonymous_12)","decl":{"start":{"line":391,"column":2},"end":{"line":391,"column":3}},"loc":{"start":{"line":391,"column":54},"end":{"line":415,"column":3}},"line":391},"13":{"name":"(anonymous_13)","decl":{"start":{"line":418,"column":2},"end":{"line":418,"column":3}},"loc":{"start":{"line":418,"column":54},"end":{"line":442,"column":3}},"line":418},"14":{"name":"(anonymous_14)","decl":{"start":{"line":445,"column":2},"end":{"line":445,"column":3}},"loc":{"start":{"line":445,"column":43},"end":{"line":510,"column":3}},"line":445},"15":{"name":"(anonymous_15)","decl":{"start":{"line":474,"column":8},"end":{"line":474,"column":9}},"loc":{"start":{"line":474,"column":39},"end":{"line":505,"column":9}},"line":474},"16":{"name":"(anonymous_16)","decl":{"start":{"line":513,"column":2},"end":{"line":513,"column":3}},"loc":{"start":{"line":513,"column":43},"end":{"line":593,"column":3}},"line":513},"17":{"name":"(anonymous_17)","decl":{"start":{"line":559,"column":8},"end":{"line":559,"column":9}},"loc":{"start":{"line":559,"column":39},"end":{"line":588,"column":9}},"line":559},"18":{"name":"(anonymous_18)","decl":{"start":{"line":596,"column":2},"end":{"line":596,"column":3}},"loc":{"start":{"line":596,"column":43},"end":{"line":621,"column":3}},"line":596}},"branchMap":{"0":{"loc":{"start":{"line":21,"column":16},"end":{"line":21,"column":32}},"type":"cond-expr","locations":[{"start":{"line":21,"column":23},"end":{"line":21,"column":28}},{"start":{"line":21,"column":31},"end":{"line":21,"column":32}}],"line":21},"1":{"loc":{"start":{"line":22,"column":17},"end":{"line":22,"column":40}},"type":"binary-expr","locations":[{"start":{"line":22,"column":17},"end":{"line":22,"column":35}},{"start":{"line":22,"column":39},"end":{"line":22,"column":40}}],"line":22},"2":{"loc":{"start":{"line":30,"column":22},"end":{"line":30,"column":38}},"type":"cond-expr","locations":[{"start":{"line":30,"column":29},"end":{"line":30,"column":34}},{"start":{"line":30,"column":37},"end":{"line":30,"column":38}}],"line":30},"3":{"loc":{"start":{"line":31,"column":19},"end":{"line":31,"column":39}},"type":"cond-expr","locations":[{"start":{"line":31,"column":26},"end":{"line":31,"column":35}},{"start":{"line":31,"column":38},"end":{"line":31,"column":39}}],"line":31},"4":{"loc":{"start":{"line":32,"column":19},"end":{"line":32,"column":39}},"type":"cond-expr","locations":[{"start":{"line":32,"column":26},"end":{"line":32,"column":35}},{"start":{"line":32,"column":38},"end":{"line":32,"column":39}}],"line":32},"5":{"loc":{"start":{"line":57,"column":6},"end":{"line":59,"column":7}},"type":"if","locations":[{"start":{"line":57,"column":6},"end":{"line":59,"column":7}},{"start":{},"end":{}}],"line":57},"6":{"loc":{"start":{"line":99,"column":6},"end":{"line":101,"column":7}},"type":"if","locations":[{"start":{"line":99,"column":6},"end":{"line":101,"column":7}},{"start":{},"end":{}}],"line":99},"7":{"loc":{"start":{"line":146,"column":6},"end":{"line":148,"column":7}},"type":"if","locations":[{"start":{"line":146,"column":6},"end":{"line":148,"column":7}},{"start":{},"end":{}}],"line":146},"8":{"loc":{"start":{"line":173,"column":6},"end":{"line":175,"column":7}},"type":"if","locations":[{"start":{"line":173,"column":6},"end":{"line":175,"column":7}},{"start":{},"end":{}}],"line":173},"9":{"loc":{"start":{"line":209,"column":6},"end":{"line":211,"column":7}},"type":"if","locations":[{"start":{"line":209,"column":6},"end":{"line":211,"column":7}},{"start":{},"end":{}}],"line":209},"10":{"loc":{"start":{"line":246,"column":6},"end":{"line":248,"column":7}},"type":"if","locations":[{"start":{"line":246,"column":6},"end":{"line":248,"column":7}},{"start":{},"end":{}}],"line":246},"11":{"loc":{"start":{"line":281,"column":6},"end":{"line":283,"column":7}},"type":"if","locations":[{"start":{"line":281,"column":6},"end":{"line":283,"column":7}},{"start":{},"end":{}}],"line":281},"12":{"loc":{"start":{"line":314,"column":6},"end":{"line":316,"column":7}},"type":"if","locations":[{"start":{"line":314,"column":6},"end":{"line":316,"column":7}},{"start":{},"end":{}}],"line":314},"13":{"loc":{"start":{"line":347,"column":6},"end":{"line":349,"column":7}},"type":"if","locations":[{"start":{"line":347,"column":6},"end":{"line":349,"column":7}},{"start":{},"end":{}}],"line":347},"14":{"loc":{"start":{"line":364,"column":6},"end":{"line":366,"column":7}},"type":"if","locations":[{"start":{"line":364,"column":6},"end":{"line":366,"column":7}},{"start":{},"end":{}}],"line":364},"15":{"loc":{"start":{"line":407,"column":6},"end":{"line":409,"column":7}},"type":"if","locations":[{"start":{"line":407,"column":6},"end":{"line":409,"column":7}},{"start":{},"end":{}}],"line":407},"16":{"loc":{"start":{"line":434,"column":6},"end":{"line":436,"column":7}},"type":"if","locations":[{"start":{"line":434,"column":6},"end":{"line":436,"column":7}},{"start":{},"end":{}}],"line":434},"17":{"loc":{"start":{"line":519,"column":6},"end":{"line":521,"column":7}},"type":"if","locations":[{"start":{"line":519,"column":6},"end":{"line":521,"column":7}},{"start":{},"end":{}}],"line":519},"18":{"loc":{"start":{"line":523,"column":6},"end":{"line":527,"column":7}},"type":"if","locations":[{"start":{"line":523,"column":6},"end":{"line":527,"column":7}},{"start":{},"end":{}}],"line":523},"19":{"loc":{"start":{"line":602,"column":6},"end":{"line":604,"column":7}},"type":"if","locations":[{"start":{"line":602,"column":6},"end":{"line":604,"column":7}},{"start":{},"end":{}}],"line":602},"20":{"loc":{"start":{"line":606,"column":6},"end":{"line":610,"column":7}},"type":"if","locations":[{"start":{"line":606,"column":6},"end":{"line":610,"column":7}},{"start":{},"end":{}}],"line":606}},"s":{"0":3,"1":3,"2":3,"3":3,"4":3,"5":3,"6":3,"7":2,"8":2,"9":2,"10":3,"11":1,"12":1,"13":1,"14":1,"15":1,"16":1,"17":0,"18":0,"19":0,"20":0,"21":0,"22":0,"23":0,"24":0,"25":2,"26":2,"27":2,"28":2,"29":2,"30":1,"31":1,"32":0,"33":0,"34":0,"35":0,"36":0,"37":0,"38":0,"39":0,"40":0,"41":0,"42":0,"43":0,"44":0,"45":0,"46":0,"47":0,"48":0,"49":0,"50":0,"51":0,"52":0,"53":0,"54":0,"55":0,"56":0,"57":0,"58":0,"59":0,"60":0,"61":0,"62":0,"63":0,"64":0,"65":0,"66":0,"67":0,"68":0,"69":0,"70":0,"71":0,"72":0,"73":0,"74":0,"75":0,"76":0,"77":0,"78":0,"79":0,"80":0,"81":0,"82":0,"83":0,"84":0,"85":0,"86":0,"87":0,"88":0,"89":0,"90":0,"91":0,"92":0,"93":0,"94":0,"95":0,"96":0,"97":0,"98":0,"99":0,"100":0,"101":0,"102":0,"103":0,"104":0,"105":0,"106":0,"107":0,"108":0,"109":0,"110":0,"111":0,"112":0,"113":0,"114":0,"115":0,"116":0,"117":0,"118":0,"119":0,"120":0,"121":0,"122":0,"123":0,"124":0,"125":0,"126":0,"127":0,"128":0,"129":0,"130":0,"131":0,"132":0,"133":0,"134":0,"135":0,"136":0,"137":0,"138":0,"139":0,"140":0,"141":0,"142":0,"143":0,"144":0,"145":0,"146":0,"147":0,"148":0,"149":0,"150":0,"151":0,"152":0,"153":0,"154":3},"f":{"0":2,"1":1,"2":0,"3":2,"4":0,"5":0,"6":0,"7":0,"8":0,"9":0,"10":0,"11":0,"12":0,"13":0,"14":0,"15":0,"16":0,"17":0,"18":0},"b":{"0":[0,2],"1":[2,2],"2":[0,1],"3":[0,1],"4":[0,1],"5":[0,0],"6":[1,1],"7":[0,0],"8":[0,0],"9":[0,0],"10":[0,0],"11":[0,0],"12":[0,0],"13":[0,0],"14":[0,0],"15":[0,0],"16":[0,0],"17":[0,0],"18":[0,0],"19":[0,0],"20":[0,0]},"_coverageSchema":"1a1c01bbd47fc00a2c39e90264f33305004495a9","hash":"6499697550a736555a25b34a154e8d7c46a38575"}
,"/Users/dena/GlintsBootcamp/miniProject/backendteam_d/controllers/ratingControllers.js": {"path":"/Users/dena/GlintsBootcamp/miniProject/backendteam_d/controllers/ratingControllers.js","statementMap":{"0":{"start":{"line":1,"column":19},"end":{"line":1,"column":39}},"1":{"start":{"line":5,"column":4},"end":{"line":26,"column":5}},"2":{"start":{"line":7,"column":22},"end":{"line":12,"column":8}},"3":{"start":{"line":14,"column":19},"end":{"line":21,"column":8}},"4":{"start":{"line":23,"column":6},"end":{"line":23,"column":70}},"5":{"start":{"line":25,"column":6},"end":{"line":25,"column":18}},"6":{"start":{"line":30,"column":0},"end":{"line":30,"column":24}}},"fnMap":{"0":{"name":"(anonymous_0)","decl":{"start":{"line":4,"column":2},"end":{"line":4,"column":3}},"loc":{"start":{"line":4,"column":44},"end":{"line":27,"column":3}},"line":4}},"branchMap":{},"s":{"0":3,"1":0,"2":0,"3":0,"4":0,"5":0,"6":3},"f":{"0":0},"b":{},"_coverageSchema":"1a1c01bbd47fc00a2c39e90264f33305004495a9","hash":"ec98c726baa6a8d28d86bd03b9dd056fe6b17afc"}
,"/Users/dena/GlintsBootcamp/miniProject/backendteam_d/controllers/users.js": {"path":"/Users/dena/GlintsBootcamp/miniProject/backendteam_d/controllers/users.js","statementMap":{"0":{"start":{"line":1,"column":34},"end":{"line":1,"column":54}},"1":{"start":{"line":2,"column":46},"end":{"line":2,"column":65}},"2":{"start":{"line":3,"column":18},"end":{"line":3,"column":38}},"3":{"start":{"line":7,"column":4},"end":{"line":42,"column":5}},"4":{"start":{"line":8,"column":55},"end":{"line":8,"column":63}},"5":{"start":{"line":9,"column":27},"end":{"line":9,"column":46}},"6":{"start":{"line":12,"column":24},"end":{"line":14,"column":8}},"7":{"start":{"line":16,"column":6},"end":{"line":21,"column":7}},"8":{"start":{"line":17,"column":8},"end":{"line":20,"column":11}},"9":{"start":{"line":23,"column":22},"end":{"line":28,"column":8}},"10":{"start":{"line":30,"column":19},"end":{"line":35,"column":8}},"11":{"start":{"line":36,"column":6},"end":{"line":39,"column":9}},"12":{"start":{"line":41,"column":6},"end":{"line":41,"column":18}},"13":{"start":{"line":46,"column":4},"end":{"line":62,"column":5}},"14":{"start":{"line":47,"column":17},"end":{"line":47,"column":30}},"15":{"start":{"line":48,"column":23},"end":{"line":53,"column":8}},"16":{"start":{"line":55,"column":6},"end":{"line":59,"column":9}},"17":{"start":{"line":61,"column":6},"end":{"line":61,"column":18}},"18":{"start":{"line":66,"column":4},"end":{"line":107,"column":5}},"19":{"start":{"line":67,"column":20},"end":{"line":67,"column":34}},"20":{"start":{"line":68,"column":23},"end":{"line":68,"column":40}},"21":{"start":{"line":69,"column":23},"end":{"line":73,"column":8}},"22":{"start":{"line":75,"column":6},"end":{"line":80,"column":7}},"23":{"start":{"line":76,"column":8},"end":{"line":79,"column":11}},"24":{"start":{"line":82,"column":6},"end":{"line":87,"column":7}},"25":{"start":{"line":83,"column":8},"end":{"line":86,"column":11}},"26":{"start":{"line":89,"column":23},"end":{"line":89,"column":40}},"27":{"start":{"line":90,"column":28},"end":{"line":90,"column":55}},"28":{"start":{"line":92,"column":6},"end":{"line":97,"column":7}},"29":{"start":{"line":93,"column":8},"end":{"line":96,"column":11}},"30":{"start":{"line":99,"column":22},"end":{"line":99,"column":41}},"31":{"start":{"line":100,"column":20},"end":{"line":100,"column":42}},"32":{"start":{"line":101,"column":6},"end":{"line":104,"column":9}},"33":{"start":{"line":106,"column":6},"end":{"line":106,"column":18}},"34":{"start":{"line":112,"column":4},"end":{"line":138,"column":5}},"35":{"start":{"line":113,"column":55},"end":{"line":113,"column":63}},"36":{"start":{"line":114,"column":27},"end":{"line":114,"column":46}},"37":{"start":{"line":115,"column":6},"end":{"line":123,"column":8}},"38":{"start":{"line":125,"column":19},"end":{"line":130,"column":8}},"39":{"start":{"line":131,"column":6},"end":{"line":135,"column":9}},"40":{"start":{"line":137,"column":6},"end":{"line":137,"column":18}},"41":{"start":{"line":143,"column":4},"end":{"line":167,"column":5}},"42":{"start":{"line":144,"column":17},"end":{"line":144,"column":33}},"43":{"start":{"line":145,"column":26},"end":{"line":150,"column":8}},"44":{"start":{"line":152,"column":6},"end":{"line":157,"column":7}},"45":{"start":{"line":153,"column":8},"end":{"line":156,"column":11}},"46":{"start":{"line":159,"column":6},"end":{"line":164,"column":9}},"47":{"start":{"line":166,"column":6},"end":{"line":166,"column":18}},"48":{"start":{"line":172,"column":4},"end":{"line":213,"column":5}},"49":{"start":{"line":174,"column":28},"end":{"line":179,"column":7}},"50":{"start":{"line":175,"column":22},"end":{"line":175,"column":38}},"51":{"start":{"line":176,"column":23},"end":{"line":176,"column":46}},"52":{"start":{"line":178,"column":8},"end":{"line":178,"column":33}},"53":{"start":{"line":182,"column":28},"end":{"line":188,"column":7}},"54":{"start":{"line":183,"column":52},"end":{"line":183,"column":56}},"55":{"start":{"line":184,"column":28},"end":{"line":184,"column":44}},"56":{"start":{"line":185,"column":27},"end":{"line":185,"column":56}},"57":{"start":{"line":187,"column":8},"end":{"line":187,"column":63}},"58":{"start":{"line":189,"column":29},"end":{"line":189,"column":38}},"59":{"start":{"line":190,"column":32},"end":{"line":190,"column":57}},"60":{"start":{"line":192,"column":17},"end":{"line":204,"column":8}},"61":{"start":{"line":206,"column":6},"end":{"line":208,"column":7}},"62":{"start":{"line":207,"column":8},"end":{"line":207,"column":70}},"63":{"start":{"line":210,"column":6},"end":{"line":210,"column":44}},"64":{"start":{"line":212,"column":6},"end":{"line":212,"column":18}},"65":{"start":{"line":218,"column":0},"end":{"line":218,"column":23}}},"fnMap":{"0":{"name":"(anonymous_0)","decl":{"start":{"line":6,"column":2},"end":{"line":6,"column":3}},"loc":{"start":{"line":6,"column":42},"end":{"line":43,"column":3}},"line":6},"1":{"name":"(anonymous_1)","decl":{"start":{"line":45,"column":2},"end":{"line":45,"column":3}},"loc":{"start":{"line":45,"column":45},"end":{"line":63,"column":3}},"line":45},"2":{"name":"(anonymous_2)","decl":{"start":{"line":65,"column":2},"end":{"line":65,"column":3}},"loc":{"start":{"line":65,"column":37},"end":{"line":108,"column":3}},"line":65},"3":{"name":"(anonymous_3)","decl":{"start":{"line":111,"column":2},"end":{"line":111,"column":3}},"loc":{"start":{"line":111,"column":42},"end":{"line":139,"column":3}},"line":111},"4":{"name":"(anonymous_4)","decl":{"start":{"line":142,"column":2},"end":{"line":142,"column":3}},"loc":{"start":{"line":142,"column":42},"end":{"line":168,"column":3}},"line":142},"5":{"name":"(anonymous_5)","decl":{"start":{"line":171,"column":2},"end":{"line":171,"column":3}},"loc":{"start":{"line":171,"column":40},"end":{"line":214,"column":3}},"line":171},"6":{"name":"(anonymous_6)","decl":{"start":{"line":174,"column":28},"end":{"line":174,"column":29}},"loc":{"start":{"line":174,"column":44},"end":{"line":179,"column":7}},"line":174},"7":{"name":"(anonymous_7)","decl":{"start":{"line":182,"column":28},"end":{"line":182,"column":29}},"loc":{"start":{"line":182,"column":51},"end":{"line":188,"column":7}},"line":182}},"branchMap":{"0":{"loc":{"start":{"line":16,"column":6},"end":{"line":21,"column":7}},"type":"if","locations":[{"start":{"line":16,"column":6},"end":{"line":21,"column":7}},{"start":{},"end":{}}],"line":16},"1":{"loc":{"start":{"line":75,"column":6},"end":{"line":80,"column":7}},"type":"if","locations":[{"start":{"line":75,"column":6},"end":{"line":80,"column":7}},{"start":{},"end":{}}],"line":75},"2":{"loc":{"start":{"line":82,"column":6},"end":{"line":87,"column":7}},"type":"if","locations":[{"start":{"line":82,"column":6},"end":{"line":87,"column":7}},{"start":{},"end":{}}],"line":82},"3":{"loc":{"start":{"line":92,"column":6},"end":{"line":97,"column":7}},"type":"if","locations":[{"start":{"line":92,"column":6},"end":{"line":97,"column":7}},{"start":{},"end":{}}],"line":92},"4":{"loc":{"start":{"line":92,"column":10},"end":{"line":92,"column":42}},"type":"binary-expr","locations":[{"start":{"line":92,"column":10},"end":{"line":92,"column":24}},{"start":{"line":92,"column":28},"end":{"line":92,"column":42}}],"line":92},"5":{"loc":{"start":{"line":152,"column":6},"end":{"line":157,"column":7}},"type":"if","locations":[{"start":{"line":152,"column":6},"end":{"line":157,"column":7}},{"start":{},"end":{}}],"line":152},"6":{"loc":{"start":{"line":175,"column":22},"end":{"line":175,"column":38}},"type":"cond-expr","locations":[{"start":{"line":175,"column":29},"end":{"line":175,"column":34}},{"start":{"line":175,"column":37},"end":{"line":175,"column":38}}],"line":175},"7":{"loc":{"start":{"line":176,"column":23},"end":{"line":176,"column":46}},"type":"binary-expr","locations":[{"start":{"line":176,"column":23},"end":{"line":176,"column":41}},{"start":{"line":176,"column":45},"end":{"line":176,"column":46}}],"line":176},"8":{"loc":{"start":{"line":184,"column":28},"end":{"line":184,"column":44}},"type":"cond-expr","locations":[{"start":{"line":184,"column":35},"end":{"line":184,"column":40}},{"start":{"line":184,"column":43},"end":{"line":184,"column":44}}],"line":184},"9":{"loc":{"start":{"line":206,"column":6},"end":{"line":208,"column":7}},"type":"if","locations":[{"start":{"line":206,"column":6},"end":{"line":208,"column":7}},{"start":{},"end":{}}],"line":206}},"s":{"0":3,"1":3,"2":3,"3":2,"4":2,"5":2,"6":2,"7":2,"8":1,"9":1,"10":1,"11":1,"12":0,"13":0,"14":0,"15":0,"16":0,"17":0,"18":4,"19":4,"20":4,"21":4,"22":4,"23":1,"24":3,"25":1,"26":2,"27":2,"28":2,"29":1,"30":1,"31":1,"32":1,"33":0,"34":0,"35":0,"36":0,"37":0,"38":0,"39":0,"40":0,"41":0,"42":0,"43":0,"44":0,"45":0,"46":0,"47":0,"48":0,"49":0,"50":0,"51":0,"52":0,"53":0,"54":0,"55":0,"56":0,"57":0,"58":0,"59":0,"60":0,"61":0,"62":0,"63":0,"64":0,"65":3},"f":{"0":2,"1":0,"2":4,"3":0,"4":0,"5":0,"6":0,"7":0},"b":{"0":[1,1],"1":[1,3],"2":[1,2],"3":[1,1],"4":[2,2],"5":[0,0],"6":[0,0],"7":[0,0],"8":[0,0],"9":[0,0]},"_coverageSchema":"1a1c01bbd47fc00a2c39e90264f33305004495a9","hash":"295999a3edd7dec4fb00f8c605f3826b7a2c6ba0"}
,"/Users/dena/GlintsBootcamp/miniProject/backendteam_d/middlewares/errorHandler/index.js": {"path":"/Users/dena/GlintsBootcamp/miniProject/backendteam_d/middlewares/errorHandler/index.js","statementMap":{"0":{"start":{"line":1,"column":0},"end":{"line":5,"column":2}},"1":{"start":{"line":2,"column":2},"end":{"line":4,"column":53}}},"fnMap":{"0":{"name":"(anonymous_0)","decl":{"start":{"line":1,"column":17},"end":{"line":1,"column":18}},"loc":{"start":{"line":1,"column":42},"end":{"line":5,"column":1}},"line":1}},"branchMap":{"0":{"loc":{"start":{"line":3,"column":12},"end":{"line":3,"column":33}},"type":"binary-expr","locations":[{"start":{"line":3,"column":12},"end":{"line":3,"column":26}},{"start":{"line":3,"column":30},"end":{"line":3,"column":33}}],"line":3},"1":{"loc":{"start":{"line":4,"column":20},"end":{"line":4,"column":49}},"type":"binary-expr","locations":[{"start":{"line":4,"column":20},"end":{"line":4,"column":32}},{"start":{"line":4,"column":36},"end":{"line":4,"column":49}}],"line":4}},"s":{"0":3,"1":0},"f":{"0":0},"b":{"0":[0,0],"1":[0,0]},"_coverageSchema":"1a1c01bbd47fc00a2c39e90264f33305004495a9","hash":"d13a486e3708ad1c473be8f717a390658ada7cbc"}
,"/Users/dena/GlintsBootcamp/miniProject/backendteam_d/middlewares/validators/authentication.js": {"path":"/Users/dena/GlintsBootcamp/miniProject/backendteam_d/middlewares/validators/authentication.js","statementMap":{"0":{"start":{"line":1,"column":24},"end":{"line":1,"column":50}},"1":{"start":{"line":3,"column":23},"end":{"line":20,"column":1}},"2":{"start":{"line":4,"column":2},"end":{"line":19,"column":3}},"3":{"start":{"line":5,"column":4},"end":{"line":10,"column":5}},"4":{"start":{"line":6,"column":6},"end":{"line":9,"column":9}},"5":{"start":{"line":12,"column":16},"end":{"line":12,"column":40}},"6":{"start":{"line":13,"column":19},"end":{"line":13,"column":37}},"7":{"start":{"line":14,"column":4},"end":{"line":14,"column":29}},"8":{"start":{"line":15,"column":4},"end":{"line":15,"column":11}},"9":{"start":{"line":17,"column":4},"end":{"line":17,"column":23}},"10":{"start":{"line":18,"column":4},"end":{"line":18,"column":16}},"11":{"start":{"line":22,"column":0},"end":{"line":22,"column":32}}},"fnMap":{"0":{"name":"(anonymous_0)","decl":{"start":{"line":3,"column":23},"end":{"line":3,"column":24}},"loc":{"start":{"line":3,"column":49},"end":{"line":20,"column":1}},"line":3}},"branchMap":{"0":{"loc":{"start":{"line":5,"column":4},"end":{"line":10,"column":5}},"type":"if","locations":[{"start":{"line":5,"column":4},"end":{"line":10,"column":5}},{"start":{},"end":{}}],"line":5}},"s":{"0":3,"1":3,"2":0,"3":0,"4":0,"5":0,"6":0,"7":0,"8":0,"9":0,"10":0,"11":3},"f":{"0":0},"b":{"0":[0,0]},"_coverageSchema":"1a1c01bbd47fc00a2c39e90264f33305004495a9","hash":"613e2077e6cfb637b5099ccdae2054c6738b1a24"}
,"/Users/dena/GlintsBootcamp/miniProject/backendteam_d/middlewares/validators/bookmark.js": {"path":"/Users/dena/GlintsBootcamp/miniProject/backendteam_d/middlewares/validators/bookmark.js","statementMap":{"0":{"start":{"line":1,"column":28},"end":{"line":1,"column":51}},"1":{"start":{"line":2,"column":15},"end":{"line":2,"column":35}},"2":{"start":{"line":4,"column":0},"end":{"line":47,"column":2}},"3":{"start":{"line":5,"column":2},"end":{"line":46,"column":3}},"4":{"start":{"line":6,"column":19},"end":{"line":6,"column":21}},"5":{"start":{"line":8,"column":20},"end":{"line":12,"column":6}},"6":{"start":{"line":14,"column":4},"end":{"line":16,"column":5}},"7":{"start":{"line":15,"column":6},"end":{"line":15,"column":50}},"8":{"start":{"line":19,"column":23},"end":{"line":33,"column":6}},"9":{"start":{"line":35,"column":4},"end":{"line":37,"column":5}},"10":{"start":{"line":36,"column":6},"end":{"line":36,"column":55}},"11":{"start":{"line":39,"column":4},"end":{"line":41,"column":5}},"12":{"start":{"line":40,"column":6},"end":{"line":40,"column":54}},"13":{"start":{"line":43,"column":4},"end":{"line":43,"column":11}},"14":{"start":{"line":45,"column":4},"end":{"line":45,"column":16}}},"fnMap":{"0":{"name":"(anonymous_0)","decl":{"start":{"line":4,"column":34},"end":{"line":4,"column":35}},"loc":{"start":{"line":4,"column":60},"end":{"line":47,"column":1}},"line":4}},"branchMap":{"0":{"loc":{"start":{"line":14,"column":4},"end":{"line":16,"column":5}},"type":"if","locations":[{"start":{"line":14,"column":4},"end":{"line":16,"column":5}},{"start":{},"end":{}}],"line":14},"1":{"loc":{"start":{"line":35,"column":4},"end":{"line":37,"column":5}},"type":"if","locations":[{"start":{"line":35,"column":4},"end":{"line":37,"column":5}},{"start":{},"end":{}}],"line":35},"2":{"loc":{"start":{"line":39,"column":4},"end":{"line":41,"column":5}},"type":"if","locations":[{"start":{"line":39,"column":4},"end":{"line":41,"column":5}},{"start":{},"end":{}}],"line":39}},"s":{"0":3,"1":3,"2":3,"3":0,"4":0,"5":0,"6":0,"7":0,"8":0,"9":0,"10":0,"11":0,"12":0,"13":0,"14":0},"f":{"0":0},"b":{"0":[0,0],"1":[0,0],"2":[0,0]},"_coverageSchema":"1a1c01bbd47fc00a2c39e90264f33305004495a9","hash":"6b8e28a4bcc9e03bd42ef805c4fffa3ce049a65b"}
,"/Users/dena/GlintsBootcamp/miniProject/backendteam_d/middlewares/validators/commentsValidator.js": {"path":"/Users/dena/GlintsBootcamp/miniProject/backendteam_d/middlewares/validators/commentsValidator.js","statementMap":{"0":{"start":{"line":1,"column":18},"end":{"line":1,"column":38}},"1":{"start":{"line":3,"column":0},"end":{"line":20,"column":2}},"2":{"start":{"line":4,"column":2},"end":{"line":19,"column":3}},"3":{"start":{"line":5,"column":19},"end":{"line":5,"column":21}},"4":{"start":{"line":8,"column":4},"end":{"line":10,"column":5}},"5":{"start":{"line":9,"column":6},"end":{"line":9,"column":47}},"6":{"start":{"line":12,"column":4},"end":{"line":14,"column":5}},"7":{"start":{"line":13,"column":6},"end":{"line":13,"column":54}},"8":{"start":{"line":16,"column":4},"end":{"line":16,"column":11}},"9":{"start":{"line":18,"column":4},"end":{"line":18,"column":16}}},"fnMap":{"0":{"name":"(anonymous_0)","decl":{"start":{"line":3,"column":41},"end":{"line":3,"column":42}},"loc":{"start":{"line":3,"column":67},"end":{"line":20,"column":1}},"line":3}},"branchMap":{"0":{"loc":{"start":{"line":8,"column":4},"end":{"line":10,"column":5}},"type":"if","locations":[{"start":{"line":8,"column":4},"end":{"line":10,"column":5}},{"start":{},"end":{}}],"line":8},"1":{"loc":{"start":{"line":12,"column":4},"end":{"line":14,"column":5}},"type":"if","locations":[{"start":{"line":12,"column":4},"end":{"line":14,"column":5}},{"start":{},"end":{}}],"line":12}},"s":{"0":3,"1":3,"2":0,"3":0,"4":0,"5":0,"6":0,"7":0,"8":0,"9":0},"f":{"0":0},"b":{"0":[0,0],"1":[0,0]},"_coverageSchema":"1a1c01bbd47fc00a2c39e90264f33305004495a9","hash":"35ba77b1952be5770a2e4d86c675a3b04fc2db1b"}
,"/Users/dena/GlintsBootcamp/miniProject/backendteam_d/middlewares/validators/events.js": {"path":"/Users/dena/GlintsBootcamp/miniProject/backendteam_d/middlewares/validators/events.js","statementMap":{"0":{"start":{"line":1,"column":13},"end":{"line":1,"column":28}},"1":{"start":{"line":2,"column":15},"end":{"line":2,"column":32}},"2":{"start":{"line":3,"column":18},"end":{"line":3,"column":38}},"3":{"start":{"line":4,"column":22},"end":{"line":4,"column":37}},"4":{"start":{"line":5,"column":19},"end":{"line":5,"column":43}},"5":{"start":{"line":8,"column":0},"end":{"line":98,"column":2}},"6":{"start":{"line":9,"column":2},"end":{"line":97,"column":3}},"7":{"start":{"line":10,"column":19},"end":{"line":10,"column":21}},"8":{"start":{"line":13,"column":4},"end":{"line":15,"column":5}},"9":{"start":{"line":14,"column":6},"end":{"line":14,"column":45}},"10":{"start":{"line":19,"column":4},"end":{"line":51,"column":5}},"11":{"start":{"line":20,"column":6},"end":{"line":20,"column":45}},"12":{"start":{"line":21,"column":11},"end":{"line":51,"column":5}},"13":{"start":{"line":25,"column":19},"end":{"line":25,"column":39}},"14":{"start":{"line":28,"column":6},"end":{"line":30,"column":7}},"15":{"start":{"line":29,"column":8},"end":{"line":29,"column":45}},"16":{"start":{"line":33,"column":6},"end":{"line":35,"column":7}},"17":{"start":{"line":34,"column":8},"end":{"line":34,"column":51}},"18":{"start":{"line":38,"column":21},"end":{"line":38,"column":59}},"19":{"start":{"line":41,"column":6},"end":{"line":41,"column":60}},"20":{"start":{"line":44,"column":19},"end":{"line":44,"column":37}},"21":{"start":{"line":47,"column":6},"end":{"line":47,"column":56}},"22":{"start":{"line":50,"column":6},"end":{"line":50,"column":38}},"23":{"start":{"line":54,"column":4},"end":{"line":56,"column":5}},"24":{"start":{"line":55,"column":6},"end":{"line":55,"column":54}},"25":{"start":{"line":59,"column":4},"end":{"line":61,"column":5}},"26":{"start":{"line":60,"column":6},"end":{"line":60,"column":53}},"27":{"start":{"line":64,"column":4},"end":{"line":71,"column":5}},"28":{"start":{"line":70,"column":6},"end":{"line":70,"column":69}},"29":{"start":{"line":74,"column":4},"end":{"line":76,"column":5}},"30":{"start":{"line":75,"column":6},"end":{"line":75,"column":50}},"31":{"start":{"line":79,"column":4},"end":{"line":81,"column":5}},"32":{"start":{"line":80,"column":6},"end":{"line":80,"column":55}},"33":{"start":{"line":84,"column":4},"end":{"line":88,"column":5}},"34":{"start":{"line":87,"column":6},"end":{"line":87,"column":59}},"35":{"start":{"line":90,"column":4},"end":{"line":92,"column":5}},"36":{"start":{"line":91,"column":6},"end":{"line":91,"column":54}},"37":{"start":{"line":94,"column":4},"end":{"line":94,"column":11}},"38":{"start":{"line":96,"column":4},"end":{"line":96,"column":16}}},"fnMap":{"0":{"name":"(anonymous_0)","decl":{"start":{"line":8,"column":40},"end":{"line":8,"column":41}},"loc":{"start":{"line":8,"column":66},"end":{"line":98,"column":1}},"line":8}},"branchMap":{"0":{"loc":{"start":{"line":13,"column":4},"end":{"line":15,"column":5}},"type":"if","locations":[{"start":{"line":13,"column":4},"end":{"line":15,"column":5}},{"start":{},"end":{}}],"line":13},"1":{"loc":{"start":{"line":19,"column":4},"end":{"line":51,"column":5}},"type":"if","locations":[{"start":{"line":19,"column":4},"end":{"line":51,"column":5}},{"start":{"line":21,"column":11},"end":{"line":51,"column":5}}],"line":19},"2":{"loc":{"start":{"line":19,"column":10},"end":{"line":19,"column":43}},"type":"binary-expr","locations":[{"start":{"line":19,"column":10},"end":{"line":19,"column":19}},{"start":{"line":19,"column":23},"end":{"line":19,"column":43}}],"line":19},"3":{"loc":{"start":{"line":21,"column":11},"end":{"line":51,"column":5}},"type":"if","locations":[{"start":{"line":21,"column":11},"end":{"line":51,"column":5}},{"start":{},"end":{}}],"line":21},"4":{"loc":{"start":{"line":28,"column":6},"end":{"line":30,"column":7}},"type":"if","locations":[{"start":{"line":28,"column":6},"end":{"line":30,"column":7}},{"start":{},"end":{}}],"line":28},"5":{"loc":{"start":{"line":33,"column":6},"end":{"line":35,"column":7}},"type":"if","locations":[{"start":{"line":33,"column":6},"end":{"line":35,"column":7}},{"start":{},"end":{}}],"line":33},"6":{"loc":{"start":{"line":54,"column":4},"end":{"line":56,"column":5}},"type":"if","locations":[{"start":{"line":54,"column":4},"end":{"line":56,"column":5}},{"start":{},"end":{}}],"line":54},"7":{"loc":{"start":{"line":59,"column":4},"end":{"line":61,"column":5}},"type":"if","locations":[{"start":{"line":59,"column":4},"end":{"line":61,"column":5}},{"start":{},"end":{}}],"line":59},"8":{"loc":{"start":{"line":64,"column":4},"end":{"line":71,"column":5}},"type":"if","locations":[{"start":{"line":64,"column":4},"end":{"line":71,"column":5}},{"start":{},"end":{}}],"line":64},"9":{"loc":{"start":{"line":74,"column":4},"end":{"line":76,"column":5}},"type":"if","locations":[{"start":{"line":74,"column":4},"end":{"line":76,"column":5}},{"start":{},"end":{}}],"line":74},"10":{"loc":{"start":{"line":79,"column":4},"end":{"line":81,"column":5}},"type":"if","locations":[{"start":{"line":79,"column":4},"end":{"line":81,"column":5}},{"start":{},"end":{}}],"line":79},"11":{"loc":{"start":{"line":84,"column":4},"end":{"line":88,"column":5}},"type":"if","locations":[{"start":{"line":84,"column":4},"end":{"line":88,"column":5}},{"start":{},"end":{}}],"line":84},"12":{"loc":{"start":{"line":90,"column":4},"end":{"line":92,"column":5}},"type":"if","locations":[{"start":{"line":90,"column":4},"end":{"line":92,"column":5}},{"start":{},"end":{}}],"line":90}},"s":{"0":3,"1":3,"2":3,"3":3,"4":3,"5":3,"6":0,"7":0,"8":0,"9":0,"10":0,"11":0,"12":0,"13":0,"14":0,"15":0,"16":0,"17":0,"18":0,"19":0,"20":0,"21":0,"22":0,"23":0,"24":0,"25":0,"26":0,"27":0,"28":0,"29":0,"30":0,"31":0,"32":0,"33":0,"34":0,"35":0,"36":0,"37":0,"38":0},"f":{"0":0},"b":{"0":[0,0],"1":[0,0],"2":[0,0],"3":[0,0],"4":[0,0],"5":[0,0],"6":[0,0],"7":[0,0],"8":[0,0],"9":[0,0],"10":[0,0],"11":[0,0],"12":[0,0]},"_coverageSchema":"1a1c01bbd47fc00a2c39e90264f33305004495a9","hash":"24093192cecb71620b44a5108b18a642d1fe638b"}
,"/Users/dena/GlintsBootcamp/miniProject/backendteam_d/middlewares/validators/ratingsValidator.js": {"path":"/Users/dena/GlintsBootcamp/miniProject/backendteam_d/middlewares/validators/ratingsValidator.js","statementMap":{"0":{"start":{"line":1,"column":18},"end":{"line":1,"column":38}},"1":{"start":{"line":2,"column":26},"end":{"line":2,"column":49}},"2":{"start":{"line":3,"column":15},"end":{"line":3,"column":35}},"3":{"start":{"line":5,"column":0},"end":{"line":56,"column":2}},"4":{"start":{"line":6,"column":2},"end":{"line":55,"column":3}},"5":{"start":{"line":7,"column":19},"end":{"line":7,"column":21}},"6":{"start":{"line":9,"column":20},"end":{"line":13,"column":6}},"7":{"start":{"line":15,"column":4},"end":{"line":17,"column":5}},"8":{"start":{"line":16,"column":6},"end":{"line":16,"column":50}},"9":{"start":{"line":20,"column":23},"end":{"line":34,"column":6}},"10":{"start":{"line":36,"column":4},"end":{"line":38,"column":5}},"11":{"start":{"line":37,"column":6},"end":{"line":37,"column":62}},"12":{"start":{"line":40,"column":4},"end":{"line":42,"column":5}},"13":{"start":{"line":41,"column":6},"end":{"line":41,"column":42}},"14":{"start":{"line":44,"column":4},"end":{"line":46,"column":5}},"15":{"start":{"line":45,"column":6},"end":{"line":45,"column":53}},"16":{"start":{"line":48,"column":4},"end":{"line":50,"column":5}},"17":{"start":{"line":49,"column":6},"end":{"line":49,"column":54}},"18":{"start":{"line":52,"column":4},"end":{"line":52,"column":11}},"19":{"start":{"line":54,"column":4},"end":{"line":54,"column":16}}},"fnMap":{"0":{"name":"(anonymous_0)","decl":{"start":{"line":5,"column":32},"end":{"line":5,"column":33}},"loc":{"start":{"line":5,"column":58},"end":{"line":56,"column":1}},"line":5}},"branchMap":{"0":{"loc":{"start":{"line":15,"column":4},"end":{"line":17,"column":5}},"type":"if","locations":[{"start":{"line":15,"column":4},"end":{"line":17,"column":5}},{"start":{},"end":{}}],"line":15},"1":{"loc":{"start":{"line":36,"column":4},"end":{"line":38,"column":5}},"type":"if","locations":[{"start":{"line":36,"column":4},"end":{"line":38,"column":5}},{"start":{},"end":{}}],"line":36},"2":{"loc":{"start":{"line":40,"column":4},"end":{"line":42,"column":5}},"type":"if","locations":[{"start":{"line":40,"column":4},"end":{"line":42,"column":5}},{"start":{},"end":{}}],"line":40},"3":{"loc":{"start":{"line":44,"column":4},"end":{"line":46,"column":5}},"type":"if","locations":[{"start":{"line":44,"column":4},"end":{"line":46,"column":5}},{"start":{},"end":{}}],"line":44},"4":{"loc":{"start":{"line":44,"column":8},"end":{"line":44,"column":50}},"type":"binary-expr","locations":[{"start":{"line":44,"column":8},"end":{"line":44,"column":27}},{"start":{"line":44,"column":31},"end":{"line":44,"column":50}}],"line":44},"5":{"loc":{"start":{"line":48,"column":4},"end":{"line":50,"column":5}},"type":"if","locations":[{"start":{"line":48,"column":4},"end":{"line":50,"column":5}},{"start":{},"end":{}}],"line":48}},"s":{"0":3,"1":3,"2":3,"3":3,"4":0,"5":0,"6":0,"7":0,"8":0,"9":0,"10":0,"11":0,"12":0,"13":0,"14":0,"15":0,"16":0,"17":0,"18":0,"19":0},"f":{"0":0},"b":{"0":[0,0],"1":[0,0],"2":[0,0],"3":[0,0],"4":[0,0],"5":[0,0]},"_coverageSchema":"1a1c01bbd47fc00a2c39e90264f33305004495a9","hash":"6e3e12743e80a2f7d22ca154c82c418522a8e9a5"}
,"/Users/dena/GlintsBootcamp/miniProject/backendteam_d/middlewares/validators/users.js": {"path":"/Users/dena/GlintsBootcamp/miniProject/backendteam_d/middlewares/validators/users.js","statementMap":{"0":{"start":{"line":1,"column":13},"end":{"line":1,"column":28}},"1":{"start":{"line":2,"column":15},"end":{"line":2,"column":32}},"2":{"start":{"line":3,"column":18},"end":{"line":3,"column":38}},"3":{"start":{"line":4,"column":22},"end":{"line":4,"column":37}},"4":{"start":{"line":5,"column":17},"end":{"line":5,"column":40}},"5":{"start":{"line":8,"column":0},"end":{"line":91,"column":2}},"6":{"start":{"line":9,"column":2},"end":{"line":90,"column":3}},"7":{"start":{"line":10,"column":19},"end":{"line":10,"column":21}},"8":{"start":{"line":13,"column":4},"end":{"line":15,"column":5}},"9":{"start":{"line":14,"column":6},"end":{"line":14,"column":49}},"10":{"start":{"line":18,"column":4},"end":{"line":20,"column":5}},"11":{"start":{"line":19,"column":6},"end":{"line":19,"column":48}},"12":{"start":{"line":22,"column":4},"end":{"line":24,"column":5}},"13":{"start":{"line":23,"column":6},"end":{"line":23,"column":40}},"14":{"start":{"line":26,"column":4},"end":{"line":28,"column":5}},"15":{"start":{"line":27,"column":6},"end":{"line":27,"column":65}},"16":{"start":{"line":30,"column":4},"end":{"line":45,"column":5}},"17":{"start":{"line":42,"column":6},"end":{"line":44,"column":8}},"18":{"start":{"line":82,"column":4},"end":{"line":84,"column":5}},"19":{"start":{"line":83,"column":6},"end":{"line":83,"column":54}},"20":{"start":{"line":86,"column":4},"end":{"line":86,"column":11}},"21":{"start":{"line":88,"column":4},"end":{"line":88,"column":23}},"22":{"start":{"line":89,"column":4},"end":{"line":89,"column":16}}},"fnMap":{"0":{"name":"(anonymous_0)","decl":{"start":{"line":8,"column":39},"end":{"line":8,"column":40}},"loc":{"start":{"line":8,"column":65},"end":{"line":91,"column":1}},"line":8}},"branchMap":{"0":{"loc":{"start":{"line":13,"column":4},"end":{"line":15,"column":5}},"type":"if","locations":[{"start":{"line":13,"column":4},"end":{"line":15,"column":5}},{"start":{},"end":{}}],"line":13},"1":{"loc":{"start":{"line":18,"column":4},"end":{"line":20,"column":5}},"type":"if","locations":[{"start":{"line":18,"column":4},"end":{"line":20,"column":5}},{"start":{},"end":{}}],"line":18},"2":{"loc":{"start":{"line":22,"column":4},"end":{"line":24,"column":5}},"type":"if","locations":[{"start":{"line":22,"column":4},"end":{"line":24,"column":5}},{"start":{},"end":{}}],"line":22},"3":{"loc":{"start":{"line":26,"column":4},"end":{"line":28,"column":5}},"type":"if","locations":[{"start":{"line":26,"column":4},"end":{"line":28,"column":5}},{"start":{},"end":{}}],"line":26},"4":{"loc":{"start":{"line":30,"column":4},"end":{"line":45,"column":5}},"type":"if","locations":[{"start":{"line":30,"column":4},"end":{"line":45,"column":5}},{"start":{},"end":{}}],"line":30},"5":{"loc":{"start":{"line":82,"column":4},"end":{"line":84,"column":5}},"type":"if","locations":[{"start":{"line":82,"column":4},"end":{"line":84,"column":5}},{"start":{},"end":{}}],"line":82}},"s":{"0":3,"1":3,"2":3,"3":3,"4":3,"5":3,"6":2,"7":2,"8":2,"9":0,"10":2,"11":0,"12":2,"13":0,"14":2,"15":0,"16":2,"17":0,"18":2,"19":0,"20":2,"21":0,"22":0},"f":{"0":2},"b":{"0":[0,2],"1":[0,2],"2":[0,2],"3":[0,2],"4":[0,2],"5":[0,2]},"_coverageSchema":"1a1c01bbd47fc00a2c39e90264f33305004495a9","hash":"154541f8b7ee1b07c925e29a4378fdca732cafa8"}
,"/Users/dena/GlintsBootcamp/miniProject/backendteam_d/models/bookmark.js": {"path":"/Users/dena/GlintsBootcamp/miniProject/backendteam_d/models/bookmark.js","statementMap":{"0":{"start":{"line":2,"column":18},"end":{"line":2,"column":38}},"1":{"start":{"line":3,"column":0},"end":{"line":39,"column":2}},"2":{"start":{"line":12,"column":6},"end":{"line":14,"column":9}},"3":{"start":{"line":16,"column":6},"end":{"line":18,"column":9}},"4":{"start":{"line":20,"column":6},"end":{"line":22,"column":9}},"5":{"start":{"line":25,"column":2},"end":{"line":37,"column":4}},"6":{"start":{"line":38,"column":2},"end":{"line":38,"column":18}}},"fnMap":{"0":{"name":"(anonymous_0)","decl":{"start":{"line":3,"column":17},"end":{"line":3,"column":18}},"loc":{"start":{"line":3,"column":43},"end":{"line":39,"column":1}},"line":3},"1":{"name":"(anonymous_1)","decl":{"start":{"line":10,"column":4},"end":{"line":10,"column":5}},"loc":{"start":{"line":10,"column":29},"end":{"line":23,"column":5}},"line":10}},"branchMap":{},"s":{"0":3,"1":3,"2":3,"3":3,"4":3,"5":3,"6":3},"f":{"0":3,"1":3},"b":{},"_coverageSchema":"1a1c01bbd47fc00a2c39e90264f33305004495a9","hash":"a7537e9a11efe3c15327ca95d772f1dd900c0624"}
,"/Users/dena/GlintsBootcamp/miniProject/backendteam_d/models/category.js": {"path":"/Users/dena/GlintsBootcamp/miniProject/backendteam_d/models/category.js","statementMap":{"0":{"start":{"line":2,"column":18},"end":{"line":2,"column":38}},"1":{"start":{"line":3,"column":0},"end":{"line":35,"column":2}},"2":{"start":{"line":12,"column":6},"end":{"line":14,"column":9}},"3":{"start":{"line":15,"column":6},"end":{"line":17,"column":9}},"4":{"start":{"line":18,"column":6},"end":{"line":20,"column":9}},"5":{"start":{"line":23,"column":2},"end":{"line":33,"column":4}},"6":{"start":{"line":34,"column":2},"end":{"line":34,"column":18}}},"fnMap":{"0":{"name":"(anonymous_0)","decl":{"start":{"line":3,"column":17},"end":{"line":3,"column":18}},"loc":{"start":{"line":3,"column":43},"end":{"line":35,"column":1}},"line":3},"1":{"name":"(anonymous_1)","decl":{"start":{"line":10,"column":4},"end":{"line":10,"column":5}},"loc":{"start":{"line":10,"column":29},"end":{"line":21,"column":5}},"line":10}},"branchMap":{},"s":{"0":3,"1":3,"2":3,"3":3,"4":3,"5":3,"6":3},"f":{"0":3,"1":3},"b":{},"_coverageSchema":"1a1c01bbd47fc00a2c39e90264f33305004495a9","hash":"027410e6a867dd53bc2030307bef37c239d90bb2"}
,"/Users/dena/GlintsBootcamp/miniProject/backendteam_d/models/comment.js": {"path":"/Users/dena/GlintsBootcamp/miniProject/backendteam_d/models/comment.js","statementMap":{"0":{"start":{"line":2,"column":18},"end":{"line":2,"column":38}},"1":{"start":{"line":3,"column":15},"end":{"line":3,"column":32}},"2":{"start":{"line":4,"column":0},"end":{"line":53,"column":2}},"3":{"start":{"line":14,"column":6},"end":{"line":16,"column":9}},"4":{"start":{"line":18,"column":6},"end":{"line":20,"column":9}},"5":{"start":{"line":23,"column":2},"end":{"line":37,"column":4}},"6":{"start":{"line":39,"column":2},"end":{"line":50,"column":5}},"7":{"start":{"line":40,"column":4},"end":{"line":49,"column":7}},"8":{"start":{"line":41,"column":18},"end":{"line":43,"column":8}},"9":{"start":{"line":45,"column":6},"end":{"line":48,"column":18}},"10":{"start":{"line":52,"column":2},"end":{"line":52,"column":17}}},"fnMap":{"0":{"name":"(anonymous_0)","decl":{"start":{"line":4,"column":17},"end":{"line":4,"column":18}},"loc":{"start":{"line":4,"column":43},"end":{"line":53,"column":1}},"line":4},"1":{"name":"(anonymous_1)","decl":{"start":{"line":11,"column":4},"end":{"line":11,"column":5}},"loc":{"start":{"line":11,"column":29},"end":{"line":21,"column":5}},"line":11},"2":{"name":"(anonymous_2)","decl":{"start":{"line":39,"column":20},"end":{"line":39,"column":21}},"loc":{"start":{"line":39,"column":34},"end":{"line":50,"column":3}},"line":39},"3":{"name":"(anonymous_3)","decl":{"start":{"line":40,"column":21},"end":{"line":40,"column":22}},"loc":{"start":{"line":40,"column":29},"end":{"line":49,"column":5}},"line":40}},"branchMap":{},"s":{"0":3,"1":3,"2":3,"3":3,"4":3,"5":3,"6":3,"7":0,"8":0,"9":0,"10":3},"f":{"0":3,"1":3,"2":0,"3":0},"b":{},"_coverageSchema":"1a1c01bbd47fc00a2c39e90264f33305004495a9","hash":"ad83613038fa1571e64b7cef9637ef37f676e8c2"}
,"/Users/dena/GlintsBootcamp/miniProject/backendteam_d/models/event.js": {"path":"/Users/dena/GlintsBootcamp/miniProject/backendteam_d/models/event.js","statementMap":{"0":{"start":{"line":2,"column":18},"end":{"line":2,"column":38}},"1":{"start":{"line":3,"column":0},"end":{"line":51,"column":2}},"2":{"start":{"line":13,"column":6},"end":{"line":15,"column":9}},"3":{"start":{"line":16,"column":6},"end":{"line":18,"column":9}},"4":{"start":{"line":19,"column":6},"end":{"line":21,"column":9}},"5":{"start":{"line":22,"column":6},"end":{"line":24,"column":9}},"6":{"start":{"line":25,"column":6},"end":{"line":27,"column":9}},"7":{"start":{"line":30,"column":2},"end":{"line":49,"column":4}},"8":{"start":{"line":50,"column":2},"end":{"line":50,"column":15}}},"fnMap":{"0":{"name":"(anonymous_0)","decl":{"start":{"line":3,"column":17},"end":{"line":3,"column":18}},"loc":{"start":{"line":3,"column":43},"end":{"line":51,"column":1}},"line":3},"1":{"name":"(anonymous_1)","decl":{"start":{"line":10,"column":4},"end":{"line":10,"column":5}},"loc":{"start":{"line":10,"column":29},"end":{"line":28,"column":5}},"line":10}},"branchMap":{},"s":{"0":3,"1":3,"2":3,"3":3,"4":3,"5":3,"6":3,"7":3,"8":3},"f":{"0":3,"1":3},"b":{},"_coverageSchema":"1a1c01bbd47fc00a2c39e90264f33305004495a9","hash":"3ff44473dd90f0d4411c9677e9485d28103b8872"}
,"/Users/dena/GlintsBootcamp/miniProject/backendteam_d/models/index.js": {"path":"/Users/dena/GlintsBootcamp/miniProject/backendteam_d/models/index.js","statementMap":{"0":{"start":{"line":3,"column":11},"end":{"line":3,"column":24}},"1":{"start":{"line":4,"column":13},"end":{"line":4,"column":28}},"2":{"start":{"line":5,"column":18},"end":{"line":5,"column":38}},"3":{"start":{"line":6,"column":17},"end":{"line":6,"column":42}},"4":{"start":{"line":7,"column":12},"end":{"line":7,"column":49}},"5":{"start":{"line":8,"column":15},"end":{"line":8,"column":63}},"6":{"start":{"line":9,"column":11},"end":{"line":9,"column":13}},"7":{"start":{"line":12,"column":0},"end":{"line":16,"column":1}},"8":{"start":{"line":13,"column":2},"end":{"line":13,"column":74}},"9":{"start":{"line":15,"column":2},"end":{"line":15,"column":87}},"10":{"start":{"line":18,"column":0},"end":{"line":26,"column":5}},"11":{"start":{"line":21,"column":4},"end":{"line":21,"column":90}},"12":{"start":{"line":24,"column":18},"end":{"line":24,"column":85}},"13":{"start":{"line":25,"column":4},"end":{"line":25,"column":27}},"14":{"start":{"line":28,"column":0},"end":{"line":32,"column":3}},"15":{"start":{"line":29,"column":2},"end":{"line":31,"column":3}},"16":{"start":{"line":30,"column":4},"end":{"line":30,"column":32}},"17":{"start":{"line":34,"column":0},"end":{"line":34,"column":25}},"18":{"start":{"line":35,"column":0},"end":{"line":35,"column":25}},"19":{"start":{"line":37,"column":0},"end":{"line":37,"column":20}}},"fnMap":{"0":{"name":"(anonymous_0)","decl":{"start":{"line":20,"column":10},"end":{"line":20,"column":11}},"loc":{"start":{"line":20,"column":18},"end":{"line":22,"column":3}},"line":20},"1":{"name":"(anonymous_1)","decl":{"start":{"line":23,"column":11},"end":{"line":23,"column":12}},"loc":{"start":{"line":23,"column":19},"end":{"line":26,"column":3}},"line":23},"2":{"name":"(anonymous_2)","decl":{"start":{"line":28,"column":24},"end":{"line":28,"column":25}},"loc":{"start":{"line":28,"column":37},"end":{"line":32,"column":1}},"line":28}},"branchMap":{"0":{"loc":{"start":{"line":7,"column":12},"end":{"line":7,"column":49}},"type":"binary-expr","locations":[{"start":{"line":7,"column":12},"end":{"line":7,"column":32}},{"start":{"line":7,"column":36},"end":{"line":7,"column":49}}],"line":7},"1":{"loc":{"start":{"line":12,"column":0},"end":{"line":16,"column":1}},"type":"if","locations":[{"start":{"line":12,"column":0},"end":{"line":16,"column":1}},{"start":{"line":14,"column":7},"end":{"line":16,"column":1}}],"line":12},"2":{"loc":{"start":{"line":21,"column":11},"end":{"line":21,"column":89}},"type":"binary-expr","locations":[{"start":{"line":21,"column":12},"end":{"line":21,"column":35}},{"start":{"line":21,"column":41},"end":{"line":21,"column":58}},{"start":{"line":21,"column":64},"end":{"line":21,"column":88}}],"line":21},"3":{"loc":{"start":{"line":29,"column":2},"end":{"line":31,"column":3}},"type":"if","locations":[{"start":{"line":29,"column":2},"end":{"line":31,"column":3}},{"start":{},"end":{}}],"line":29}},"s":{"0":3,"1":3,"2":3,"3":3,"4":3,"5":3,"6":3,"7":3,"8":0,"9":3,"10":3,"11":21,"12":18,"13":18,"14":3,"15":18,"16":18,"17":3,"18":3,"19":3},"f":{"0":21,"1":18,"2":18},"b":{"0":[3,0],"1":[0,3],"2":[21,21,18],"3":[18,0]},"_coverageSchema":"1a1c01bbd47fc00a2c39e90264f33305004495a9","hash":"9f639a8e42a6607b500143464c0903865afec4f7"}
,"/Users/dena/GlintsBootcamp/miniProject/backendteam_d/models/rating.js": {"path":"/Users/dena/GlintsBootcamp/miniProject/backendteam_d/models/rating.js","statementMap":{"0":{"start":{"line":2,"column":18},"end":{"line":2,"column":38}},"1":{"start":{"line":3,"column":0},"end":{"line":38,"column":2}},"2":{"start":{"line":12,"column":6},"end":{"line":14,"column":9}},"3":{"start":{"line":16,"column":6},"end":{"line":18,"column":9}},"4":{"start":{"line":20,"column":6},"end":{"line":22,"column":9}},"5":{"start":{"line":25,"column":2},"end":{"line":36,"column":4}},"6":{"start":{"line":37,"column":2},"end":{"line":37,"column":16}}},"fnMap":{"0":{"name":"(anonymous_0)","decl":{"start":{"line":3,"column":17},"end":{"line":3,"column":18}},"loc":{"start":{"line":3,"column":43},"end":{"line":38,"column":1}},"line":3},"1":{"name":"(anonymous_1)","decl":{"start":{"line":10,"column":4},"end":{"line":10,"column":5}},"loc":{"start":{"line":10,"column":29},"end":{"line":23,"column":5}},"line":10}},"branchMap":{},"s":{"0":3,"1":3,"2":3,"3":3,"4":3,"5":3,"6":3},"f":{"0":3,"1":3},"b":{},"_coverageSchema":"1a1c01bbd47fc00a2c39e90264f33305004495a9","hash":"cd8080d5d78edb902e99f46f2e37087d6352dd8b"}
,"/Users/dena/GlintsBootcamp/miniProject/backendteam_d/models/user.js": {"path":"/Users/dena/GlintsBootcamp/miniProject/backendteam_d/models/user.js","statementMap":{"0":{"start":{"line":2,"column":18},"end":{"line":2,"column":38}},"1":{"start":{"line":3,"column":0},"end":{"line":42,"column":2}},"2":{"start":{"line":12,"column":6},"end":{"line":14,"column":9}},"3":{"start":{"line":15,"column":6},"end":{"line":17,"column":9}},"4":{"start":{"line":18,"column":6},"end":{"line":20,"column":9}},"5":{"start":{"line":21,"column":6},"end":{"line":23,"column":9}},"6":{"start":{"line":26,"column":2},"end":{"line":40,"column":4}},"7":{"start":{"line":41,"column":2},"end":{"line":41,"column":14}}},"fnMap":{"0":{"name":"(anonymous_0)","decl":{"start":{"line":3,"column":17},"end":{"line":3,"column":18}},"loc":{"start":{"line":3,"column":43},"end":{"line":42,"column":1}},"line":3},"1":{"name":"(anonymous_1)","decl":{"start":{"line":10,"column":4},"end":{"line":10,"column":5}},"loc":{"start":{"line":10,"column":29},"end":{"line":24,"column":5}},"line":10}},"branchMap":{},"s":{"0":3,"1":3,"2":3,"3":3,"4":3,"5":3,"6":3,"7":3},"f":{"0":3,"1":3},"b":{},"_coverageSchema":"1a1c01bbd47fc00a2c39e90264f33305004495a9","hash":"fb663689cef1d841201f2521538c9b1b16569c7e"}
,"/Users/dena/GlintsBootcamp/miniProject/backendteam_d/routes/bookmark.js": {"path":"/Users/dena/GlintsBootcamp/miniProject/backendteam_d/routes/bookmark.js","statementMap":{"0":{"start":{"line":2,"column":16},"end":{"line":2,"column":34}},"1":{"start":{"line":9,"column":4},"end":{"line":9,"column":38}},"2":{"start":{"line":14,"column":4},"end":{"line":14,"column":49}},"3":{"start":{"line":17,"column":15},"end":{"line":17,"column":31}},"4":{"start":{"line":20,"column":0},"end":{"line":20,"column":33}},"5":{"start":{"line":21,"column":0},"end":{"line":21,"column":61}},"6":{"start":{"line":24,"column":0},"end":{"line":24,"column":38}},"7":{"start":{"line":27,"column":0},"end":{"line":27,"column":24}}},"fnMap":{},"branchMap":{},"s":{"0":3,"1":3,"2":3,"3":3,"4":3,"5":3,"6":3,"7":3},"f":{},"b":{},"_coverageSchema":"1a1c01bbd47fc00a2c39e90264f33305004495a9","hash":"e994c4c10883cb0072ab52f379fd457fad20522a"}
,"/Users/dena/GlintsBootcamp/miniProject/backendteam_d/routes/commentsRouter.js": {"path":"/Users/dena/GlintsBootcamp/miniProject/backendteam_d/routes/commentsRouter.js","statementMap":{"0":{"start":{"line":1,"column":16},"end":{"line":1,"column":34}},"1":{"start":{"line":5,"column":4},"end":{"line":5,"column":58}},"2":{"start":{"line":11,"column":4},"end":{"line":11,"column":48}},"3":{"start":{"line":13,"column":15},"end":{"line":13,"column":31}},"4":{"start":{"line":16,"column":0},"end":{"line":16,"column":67}},"5":{"start":{"line":17,"column":0},"end":{"line":17,"column":66}},"6":{"start":{"line":18,"column":0},"end":{"line":18,"column":37}},"7":{"start":{"line":20,"column":0},"end":{"line":20,"column":24}}},"fnMap":{},"branchMap":{},"s":{"0":3,"1":3,"2":3,"3":3,"4":3,"5":3,"6":3,"7":3},"f":{},"b":{},"_coverageSchema":"1a1c01bbd47fc00a2c39e90264f33305004495a9","hash":"b818395b6d5f0f645a4a2ad660d334c845d77f81"}
,"/Users/dena/GlintsBootcamp/miniProject/backendteam_d/routes/events.js": {"path":"/Users/dena/GlintsBootcamp/miniProject/backendteam_d/routes/events.js","statementMap":{"0":{"start":{"line":1,"column":16},"end":{"line":1,"column":34}},"1":{"start":{"line":16,"column":4},"end":{"line":16,"column":36}},"2":{"start":{"line":19,"column":15},"end":{"line":19,"column":31}},"3":{"start":{"line":21,"column":0},"end":{"line":21,"column":30}},"4":{"start":{"line":23,"column":0},"end":{"line":23,"column":33}},"5":{"start":{"line":25,"column":0},"end":{"line":25,"column":43}},"6":{"start":{"line":27,"column":0},"end":{"line":27,"column":41}},"7":{"start":{"line":29,"column":0},"end":{"line":29,"column":48}},"8":{"start":{"line":31,"column":0},"end":{"line":31,"column":38}},"9":{"start":{"line":33,"column":0},"end":{"line":33,"column":42}},"10":{"start":{"line":35,"column":0},"end":{"line":35,"column":40}},"11":{"start":{"line":37,"column":0},"end":{"line":37,"column":44}},"12":{"start":{"line":39,"column":0},"end":{"line":39,"column":44}},"13":{"start":{"line":41,"column":0},"end":{"line":41,"column":35}},"14":{"start":{"line":44,"column":0},"end":{"line":44,"column":24}}},"fnMap":{},"branchMap":{},"s":{"0":3,"1":3,"2":3,"3":3,"4":3,"5":3,"6":3,"7":3,"8":3,"9":3,"10":3,"11":3,"12":3,"13":3,"14":3},"f":{},"b":{},"_coverageSchema":"1a1c01bbd47fc00a2c39e90264f33305004495a9","hash":"d91eb1562c7e0754953025dbab6136b672d4029b"}
,"/Users/dena/GlintsBootcamp/miniProject/backendteam_d/routes/index.js": {"path":"/Users/dena/GlintsBootcamp/miniProject/backendteam_d/routes/index.js","statementMap":{"0":{"start":{"line":1,"column":14},"end":{"line":1,"column":41}},"1":{"start":{"line":2,"column":30},"end":{"line":2,"column":61}},"2":{"start":{"line":8,"column":4},"end":{"line":8,"column":36}},"3":{"start":{"line":9,"column":14},"end":{"line":9,"column":32}},"4":{"start":{"line":10,"column":15},"end":{"line":10,"column":34}},"5":{"start":{"line":11,"column":17},"end":{"line":11,"column":38}},"6":{"start":{"line":12,"column":16},"end":{"line":12,"column":43}},"7":{"start":{"line":13,"column":15},"end":{"line":13,"column":41}},"8":{"start":{"line":14,"column":23},"end":{"line":14,"column":74}},"9":{"start":{"line":19,"column":4},"end":{"line":19,"column":46}},"10":{"start":{"line":23,"column":4},"end":{"line":23,"column":47}},"11":{"start":{"line":25,"column":0},"end":{"line":25,"column":32}},"12":{"start":{"line":26,"column":0},"end":{"line":26,"column":29}},"13":{"start":{"line":27,"column":0},"end":{"line":27,"column":29}},"14":{"start":{"line":28,"column":0},"end":{"line":28,"column":64}},"15":{"start":{"line":30,"column":0},"end":{"line":30,"column":26}},"16":{"start":{"line":32,"column":0},"end":{"line":32,"column":65}},"17":{"start":{"line":33,"column":0},"end":{"line":33,"column":68}},"18":{"start":{"line":34,"column":0},"end":{"line":34,"column":40}},"19":{"start":{"line":35,"column":0},"end":{"line":35,"column":26}},"20":{"start":{"line":36,"column":0},"end":{"line":36,"column":33}},"21":{"start":{"line":37,"column":0},"end":{"line":37,"column":31}},"22":{"start":{"line":38,"column":0},"end":{"line":38,"column":29}},"23":{"start":{"line":40,"column":0},"end":{"line":40,"column":23}}},"fnMap":{},"branchMap":{},"s":{"0":3,"1":3,"2":3,"3":3,"4":3,"5":3,"6":3,"7":3,"8":3,"9":3,"10":3,"11":3,"12":3,"13":3,"14":3,"15":3,"16":3,"17":3,"18":3,"19":3,"20":3,"21":3,"22":3,"23":3},"f":{},"b":{},"_coverageSchema":"1a1c01bbd47fc00a2c39e90264f33305004495a9","hash":"b731e8675129c95fd48d38f7d0a96fbe17f4a039"}
,"/Users/dena/GlintsBootcamp/miniProject/backendteam_d/routes/ratingsRouter.js": {"path":"/Users/dena/GlintsBootcamp/miniProject/backendteam_d/routes/ratingsRouter.js","statementMap":{"0":{"start":{"line":1,"column":16},"end":{"line":1,"column":34}},"1":{"start":{"line":5,"column":4},"end":{"line":5,"column":57}},"2":{"start":{"line":7,"column":25},"end":{"line":7,"column":68}},"3":{"start":{"line":9,"column":15},"end":{"line":9,"column":31}},"4":{"start":{"line":11,"column":0},"end":{"line":11,"column":57}},"5":{"start":{"line":13,"column":0},"end":{"line":13,"column":24}}},"fnMap":{},"branchMap":{},"s":{"0":3,"1":3,"2":3,"3":3,"4":3,"5":3},"f":{},"b":{},"_coverageSchema":"1a1c01bbd47fc00a2c39e90264f33305004495a9","hash":"c6d9be3dcdca8856b18748b3bc4714fc7bb2d313"}
,"/Users/dena/GlintsBootcamp/miniProject/backendteam_d/routes/users.js": {"path":"/Users/dena/GlintsBootcamp/miniProject/backendteam_d/routes/users.js","statementMap":{"0":{"start":{"line":1,"column":16},"end":{"line":1,"column":34}},"1":{"start":{"line":5,"column":4},"end":{"line":5,"column":46}},"2":{"start":{"line":12,"column":4},"end":{"line":12,"column":35}},"3":{"start":{"line":14,"column":15},"end":{"line":14,"column":31}},"4":{"start":{"line":16,"column":0},"end":{"line":16,"column":33}},"5":{"start":{"line":17,"column":0},"end":{"line":17,"column":34}},"6":{"start":{"line":18,"column":0},"end":{"line":18,"column":68}},"7":{"start":{"line":19,"column":0},"end":{"line":19,"column":34}},"8":{"start":{"line":21,"column":0},"end":{"line":21,"column":24}}},"fnMap":{},"branchMap":{},"s":{"0":3,"1":3,"2":3,"3":3,"4":3,"5":3,"6":3,"7":3,"8":3},"f":{},"b":{},"_coverageSchema":"1a1c01bbd47fc00a2c39e90264f33305004495a9","hash":"c7b7b3b85eadae1d40f6a0d3262ac2d2ebbc5c54"}
,"/Users/dena/GlintsBootcamp/miniProject/backendteam_d/utils/bcrypt.js": {"path":"/Users/dena/GlintsBootcamp/miniProject/backendteam_d/utils/bcrypt.js","statementMap":{"0":{"start":{"line":1,"column":15},"end":{"line":1,"column":34}},"1":{"start":{"line":3,"column":18},"end":{"line":12,"column":1}},"2":{"start":{"line":4,"column":2},"end":{"line":11,"column":3}},"3":{"start":{"line":5,"column":23},"end":{"line":5,"column":56}},"4":{"start":{"line":6,"column":17},"end":{"line":6,"column":47}},"5":{"start":{"line":7,"column":17},"end":{"line":7,"column":45}},"6":{"start":{"line":8,"column":4},"end":{"line":8,"column":16}},"7":{"start":{"line":10,"column":4},"end":{"line":10,"column":23}},"8":{"start":{"line":14,"column":16},"end":{"line":16,"column":1}},"9":{"start":{"line":15,"column":2},"end":{"line":15,"column":41}},"10":{"start":{"line":18,"column":0},"end":{"line":21,"column":2}}},"fnMap":{"0":{"name":"(anonymous_0)","decl":{"start":{"line":3,"column":18},"end":{"line":3,"column":19}},"loc":{"start":{"line":3,"column":29},"end":{"line":12,"column":1}},"line":3},"1":{"name":"(anonymous_1)","decl":{"start":{"line":14,"column":16},"end":{"line":14,"column":17}},"loc":{"start":{"line":14,"column":33},"end":{"line":16,"column":1}},"line":14}},"branchMap":{},"s":{"0":3,"1":3,"2":4,"3":4,"4":4,"5":4,"6":4,"7":0,"8":3,"9":2,"10":3},"f":{"0":4,"1":2},"b":{},"_coverageSchema":"1a1c01bbd47fc00a2c39e90264f33305004495a9","hash":"c6d9eec6d3ec6442441e22382a9f6c0f23709948"}
,"/Users/dena/GlintsBootcamp/miniProject/backendteam_d/utils/index.js": {"path":"/Users/dena/GlintsBootcamp/miniProject/backendteam_d/utils/index.js","statementMap":{"0":{"start":{"line":1,"column":39},"end":{"line":1,"column":55}},"1":{"start":{"line":2,"column":31},"end":{"line":2,"column":50}},"2":{"start":{"line":4,"column":0},"end":{"line":9,"column":2}}},"fnMap":{},"branchMap":{},"s":{"0":3,"1":3,"2":3},"f":{},"b":{},"_coverageSchema":"1a1c01bbd47fc00a2c39e90264f33305004495a9","hash":"881eb914db8c6fa1c835eb86e73e88a43d0a9d6a"}
,"/Users/dena/GlintsBootcamp/miniProject/backendteam_d/utils/jwt.js": {"path":"/Users/dena/GlintsBootcamp/miniProject/backendteam_d/utils/jwt.js","statementMap":{"0":{"start":{"line":2,"column":12},"end":{"line":2,"column":35}},"1":{"start":{"line":4,"column":0},"end":{"line":4,"column":27}},"2":{"start":{"line":8,"column":2},"end":{"line":8,"column":42}},"3":{"start":{"line":9,"column":2},"end":{"line":9,"column":55}},"4":{"start":{"line":14,"column":2},"end":{"line":14,"column":55}},"5":{"start":{"line":17,"column":0},"end":{"line":20,"column":2}}},"fnMap":{"0":{"name":"generateToken","decl":{"start":{"line":7,"column":9},"end":{"line":7,"column":22}},"loc":{"start":{"line":7,"column":32},"end":{"line":10,"column":1}},"line":7},"1":{"name":"decodeToken","decl":{"start":{"line":13,"column":9},"end":{"line":13,"column":20}},"loc":{"start":{"line":13,"column":28},"end":{"line":15,"column":1}},"line":13}},"branchMap":{},"s":{"0":4,"1":4,"2":3,"3":3,"4":2,"5":4},"f":{"0":3,"1":2},"b":{},"_coverageSchema":"1a1c01bbd47fc00a2c39e90264f33305004495a9","hash":"0492a089e30bcc6ca1447da16e07435300c6119b"}
}
