TN:
SF:app.js
FN:48,(anonymous_0)
FN:57,(anonymous_1)
FNF:2
FNH:0
FNDA:0,(anonymous_0)
FNDA:0,(anonymous_1)
DA:1,3
DA:2,3
DA:3,3
DA:6,3
DA:9,3
DA:11,3
DA:25,3
DA:28,3
DA:30,3
DA:33,3
DA:34,3
DA:37,3
DA:42,3
DA:45,3
DA:48,3
DA:49,0
DA:53,3
DA:55,3
DA:57,0
DA:60,3
LF:20
LH:18
BRDA:25,0,0,3
BRDA:25,0,1,3
BRDA:55,1,0,0
BRDA:55,1,1,3
BRF:4
BRH:3
end_of_record
TN:
SF:config/config.js
FNF:0
FNH:0
DA:1,3
DA:3,3
LF:2
LH:2
BRF:0
BRH:0
end_of_record
TN:
SF:controllers/bookmark.js
FN:5,(anonymous_0)
FN:8,(anonymous_1)
FN:16,(anonymous_2)
FN:61,(anonymous_3)
FN:79,(anonymous_4)
FNF:5
FNH:0
FNDA:0,(anonymous_0)
FNDA:0,(anonymous_1)
FNDA:0,(anonymous_2)
FNDA:0,(anonymous_3)
FNDA:0,(anonymous_4)
DA:1,3
DA:2,3
DA:6,0
DA:8,0
DA:9,0
DA:10,0
DA:12,0
DA:16,0
DA:17,0
DA:18,0
DA:19,0
DA:20,0
DA:21,0
DA:23,0
DA:33,0
DA:34,0
DA:36,0
DA:52,0
DA:53,0
DA:55,0
DA:57,0
DA:62,0
DA:63,0
DA:64,0
DA:65,0
DA:67,0
DA:73,0
DA:75,0
DA:80,0
DA:81,0
DA:87,0
DA:88,0
DA:91,0
DA:93,0
DA:98,3
LF:35
LH:3
BRDA:9,0,0,0
BRDA:9,0,1,0
BRDA:10,1,0,0
BRDA:10,1,1,0
BRDA:18,2,0,0
BRDA:18,2,1,0
BRDA:19,3,0,0
BRDA:19,3,1,0
BRDA:20,4,0,0
BRDA:20,4,1,0
BRDA:52,5,0,0
BRDA:52,5,1,0
BRDA:87,6,0,0
BRDA:87,6,1,0
BRF:14
BRH:0
end_of_record
TN:
SF:controllers/commentsController.js
FN:5,(anonymous_0)
FN:37,(anonymous_1)
FN:82,(anonymous_2)
FNF:3
FNH:0
FNDA:0,(anonymous_0)
FNDA:0,(anonymous_1)
FNDA:0,(anonymous_2)
DA:1,3
DA:6,0
DA:8,0
DA:15,0
DA:28,0
DA:32,0
DA:38,0
DA:41,0
DA:45,0
DA:46,0
DA:51,0
DA:58,0
DA:59,0
DA:62,0
DA:75,0
DA:77,0
DA:83,0
DA:85,0
DA:89,0
DA:90,0
DA:95,0
DA:97,0
DA:98,0
DA:101,0
DA:103,0
DA:108,3
LF:26
LH:2
BRDA:45,0,0,0
BRDA:45,0,1,0
BRDA:58,1,0,0
BRDA:58,1,1,0
BRDA:89,2,0,0
BRDA:89,2,1,0
BRDA:97,3,0,0
BRDA:97,3,1,0
BRF:8
BRH:0
end_of_record
TN:
SF:controllers/events.js
FN:18,(anonymous_0)
FN:26,(anonymous_1)
FN:37,(anonymous_2)
FN:81,(anonymous_3)
FN:107,(anonymous_4)
FN:155,(anonymous_5)
FN:182,(anonymous_6)
FN:218,(anonymous_7)
FN:255,(anonymous_8)
FN:290,(anonymous_9)
FN:323,(anonymous_10)
FN:356,(anonymous_11)
FN:374,(anonymous_12)
FN:375,(anonymous_13)
FN:409,(anonymous_14)
FN:436,(anonymous_15)
FN:463,(anonymous_16)
FN:492,(anonymous_17)
FN:531,(anonymous_18)
FN:577,(anonymous_19)
FN:614,(anonymous_20)
FNF:21
FNH:2
FNDA:2,(anonymous_0)
FNDA:0,(anonymous_1)
FNDA:0,(anonymous_2)
FNDA:2,(anonymous_3)
FNDA:0,(anonymous_4)
FNDA:0,(anonymous_5)
FNDA:0,(anonymous_6)
FNDA:0,(anonymous_7)
FNDA:0,(anonymous_8)
FNDA:0,(anonymous_9)
FNDA:0,(anonymous_10)
FNDA:0,(anonymous_11)
FNDA:0,(anonymous_12)
FNDA:0,(anonymous_13)
FNDA:0,(anonymous_14)
FNDA:0,(anonymous_15)
FNDA:0,(anonymous_16)
FNDA:0,(anonymous_17)
FNDA:0,(anonymous_18)
FNDA:0,(anonymous_19)
FNDA:0,(anonymous_20)
DA:2,3
DA:5,3
DA:8,3
DA:10,3
DA:11,3
DA:18,3
DA:19,2
DA:20,2
DA:22,2
DA:26,3
DA:27,0
DA:28,0
DA:29,0
DA:30,0
DA:31,0
DA:33,0
DA:38,0
DA:40,0
DA:55,0
DA:56,0
DA:59,0
DA:63,0
DA:74,0
DA:76,0
DA:82,2
DA:83,2
DA:84,2
DA:86,2
DA:97,2
DA:98,2
DA:100,0
DA:102,0
DA:108,0
DA:109,0
DA:110,0
DA:111,0
DA:113,0
DA:144,0
DA:145,0
DA:148,0
DA:150,0
DA:156,0
DA:157,0
DA:158,0
DA:160,0
DA:171,0
DA:172,0
DA:175,0
DA:177,0
DA:183,0
DA:184,0
DA:185,0
DA:188,0
DA:207,0
DA:208,0
DA:211,0
DA:213,0
DA:219,0
DA:220,0
DA:221,0
DA:223,0
DA:224,0
DA:225,0
DA:226,0
DA:228,0
DA:244,0
DA:245,0
DA:248,0
DA:250,0
DA:256,0
DA:257,0
DA:258,0
DA:261,0
DA:267,0
DA:279,0
DA:280,0
DA:283,0
DA:285,0
DA:291,0
DA:292,0
DA:293,0
DA:296,0
DA:312,0
DA:313,0
DA:316,0
DA:318,0
DA:324,0
DA:325,0
DA:326,0
DA:329,0
DA:345,0
DA:346,0
DA:349,0
DA:351,0
DA:357,0
DA:358,0
DA:362,0
DA:363,0
DA:367,0
DA:374,0
DA:375,0
DA:376,0
DA:383,0
DA:391,0
DA:395,0
DA:399,0
DA:402,0
DA:404,0
DA:410,0
DA:411,0
DA:412,0
DA:414,0
DA:425,0
DA:426,0
DA:429,0
DA:431,0
DA:437,0
DA:438,0
DA:439,0
DA:441,0
DA:452,0
DA:453,0
DA:456,0
DA:458,0
DA:464,0
DA:475,0
DA:476,0
DA:490,0
DA:493,0
DA:495,0
DA:498,0
DA:515,0
DA:520,0
DA:526,0
DA:532,0
DA:533,0
DA:537,0
DA:538,0
DA:541,0
DA:542,0
DA:557,0
DA:558,0
DA:575,0
DA:578,0
DA:581,0
DA:598,0
DA:603,0
DA:609,0
DA:615,0
DA:616,0
DA:620,0
DA:621,0
DA:624,0
DA:625,0
DA:630,0
DA:635,0
DA:637,0
DA:642,3
LF:158
LH:17
BRDA:19,0,0,0
BRDA:19,0,1,2
BRDA:20,1,0,2
BRDA:20,1,1,2
BRDA:28,2,0,0
BRDA:28,2,1,0
BRDA:29,3,0,0
BRDA:29,3,1,0
BRDA:30,4,0,0
BRDA:30,4,1,0
BRDA:55,5,0,0
BRDA:55,5,1,0
BRDA:97,6,0,2
BRDA:97,6,1,0
BRDA:144,7,0,0
BRDA:144,7,1,0
BRDA:171,8,0,0
BRDA:171,8,1,0
BRDA:207,9,0,0
BRDA:207,9,1,0
BRDA:244,10,0,0
BRDA:244,10,1,0
BRDA:279,11,0,0
BRDA:279,11,1,0
BRDA:312,12,0,0
BRDA:312,12,1,0
BRDA:345,13,0,0
BRDA:345,13,1,0
BRDA:362,14,0,0
BRDA:362,14,1,0
BRDA:425,15,0,0
BRDA:425,15,1,0
BRDA:452,16,0,0
BRDA:452,16,1,0
BRDA:537,17,0,0
BRDA:537,17,1,0
BRDA:541,18,0,0
BRDA:541,18,1,0
BRDA:620,19,0,0
BRDA:620,19,1,0
BRDA:624,20,0,0
BRDA:624,20,1,0
BRF:42
BRH:4
end_of_record
TN:
SF:controllers/ratingControllers.js
FN:4,(anonymous_0)
FNF:1
FNH:0
FNDA:0,(anonymous_0)
DA:1,3
DA:5,0
DA:7,0
DA:14,0
DA:23,0
DA:25,0
DA:30,3
LF:7
LH:2
BRF:0
BRH:0
end_of_record
TN:
SF:controllers/users.js
FN:13,(anonymous_0)
FN:55,(anonymous_1)
FN:74,(anonymous_2)
FN:120,(anonymous_3)
FN:138,(anonymous_4)
FN:173,(anonymous_5)
FN:202,(anonymous_6)
FN:205,(anonymous_7)
FN:213,(anonymous_8)
FNF:9
FNH:2
FNDA:2,(anonymous_0)
FNDA:0,(anonymous_1)
FNDA:4,(anonymous_2)
FNDA:0,(anonymous_3)
FNDA:0,(anonymous_4)
FNDA:0,(anonymous_5)
FNDA:0,(anonymous_6)
FNDA:0,(anonymous_7)
FNDA:0,(anonymous_8)
DA:1,3
DA:2,3
DA:3,3
DA:4,3
DA:5,3
DA:6,3
DA:14,2
DA:16,2
DA:17,2
DA:20,2
DA:24,2
DA:25,1
DA:31,1
DA:39,1
DA:45,1
DA:51,0
DA:56,0
DA:57,0
DA:58,0
DA:65,0
DA:70,0
DA:75,4
DA:76,4
DA:77,4
DA:78,4
DA:84,4
DA:85,1
DA:91,3
DA:92,1
DA:98,2
DA:99,2
DA:101,2
DA:102,1
DA:108,1
DA:109,1
DA:110,1
DA:115,0
DA:121,0
DA:122,0
DA:123,0
DA:124,0
DA:136,0
DA:139,0
DA:142,0
DA:154,0
DA:162,0
DA:168,0
DA:174,0
DA:175,0
DA:176,0
DA:183,0
DA:184,0
DA:190,0
DA:197,0
DA:203,0
DA:205,0
DA:206,0
DA:207,0
DA:209,0
DA:213,0
DA:214,0
DA:215,0
DA:216,0
DA:217,0
DA:218,0
DA:220,0
DA:230,0
DA:231,0
DA:233,0
DA:247,0
DA:248,0
DA:251,0
DA:253,0
DA:259,3
LF:74
LH:31
BRDA:24,0,0,1
BRDA:24,0,1,1
BRDA:84,1,0,1
BRDA:84,1,1,3
BRDA:91,2,0,1
BRDA:91,2,1,2
BRDA:101,3,0,1
BRDA:101,3,1,1
BRDA:101,4,0,2
BRDA:101,4,1,2
BRDA:183,5,0,0
BRDA:183,5,1,0
BRDA:206,6,0,0
BRDA:206,6,1,0
BRDA:207,7,0,0
BRDA:207,7,1,0
BRDA:215,8,0,0
BRDA:215,8,1,0
BRDA:216,9,0,0
BRDA:216,9,1,0
BRDA:217,10,0,0
BRDA:217,10,1,0
BRDA:247,11,0,0
BRDA:247,11,1,0
BRF:24
BRH:10
end_of_record
TN:
SF:middlewares/errorHandler/index.js
FN:1,(anonymous_0)
FNF:1
FNH:0
FNDA:0,(anonymous_0)
DA:1,3
DA:2,0
LF:2
LH:1
BRDA:3,0,0,0
BRDA:3,0,1,0
BRDA:4,1,0,0
BRDA:4,1,1,0
BRF:4
BRH:0
end_of_record
TN:
SF:middlewares/validators/authentication.js
FN:3,(anonymous_0)
FNF:1
FNH:0
FNDA:0,(anonymous_0)
DA:1,3
DA:3,3
DA:4,0
DA:5,0
DA:6,0
DA:12,0
DA:13,0
DA:14,0
DA:15,0
DA:17,0
DA:21,3
LF:11
LH:3
BRDA:5,0,0,0
BRDA:5,0,1,0
BRF:2
BRH:0
end_of_record
TN:
SF:middlewares/validators/bookmark.js
FN:4,(anonymous_0)
FNF:1
FNH:0
FNDA:0,(anonymous_0)
DA:1,3
DA:2,3
DA:4,3
DA:5,0
DA:6,0
DA:8,0
DA:14,0
DA:15,0
DA:19,0
DA:35,0
DA:36,0
DA:39,0
DA:40,0
DA:43,0
DA:45,0
LF:15
LH:3
BRDA:14,0,0,0
BRDA:14,0,1,0
BRDA:35,1,0,0
BRDA:35,1,1,0
BRDA:39,2,0,0
BRDA:39,2,1,0
BRF:6
BRH:0
end_of_record
TN:
SF:middlewares/validators/commentsValidator.js
FN:3,(anonymous_0)
FNF:1
FNH:0
FNDA:0,(anonymous_0)
DA:1,3
DA:3,3
DA:4,0
DA:5,0
DA:8,0
DA:9,0
DA:12,0
DA:13,0
DA:16,0
DA:18,0
LF:10
LH:2
BRDA:8,0,0,0
BRDA:8,0,1,0
BRDA:12,1,0,0
BRDA:12,1,1,0
BRF:4
BRH:0
end_of_record
TN:
SF:middlewares/validators/events.js
FN:8,(anonymous_0)
FNF:1
FNH:0
FNDA:0,(anonymous_0)
DA:1,3
DA:2,3
DA:3,3
DA:4,3
DA:5,3
DA:8,3
DA:9,0
DA:10,0
DA:13,0
DA:14,0
DA:19,0
DA:20,0
DA:21,0
DA:25,0
DA:28,0
DA:29,0
DA:33,0
DA:34,0
DA:38,0
DA:41,0
DA:44,0
DA:47,0
DA:50,0
DA:54,0
DA:55,0
DA:59,0
DA:60,0
DA:64,0
DA:70,0
DA:74,0
DA:75,0
DA:79,0
DA:80,0
DA:84,0
DA:87,0
DA:90,0
DA:91,0
DA:94,0
DA:96,0
LF:39
LH:6
BRDA:13,0,0,0
BRDA:13,0,1,0
BRDA:19,1,0,0
BRDA:19,1,1,0
BRDA:19,2,0,0
BRDA:19,2,1,0
BRDA:21,3,0,0
BRDA:21,3,1,0
BRDA:28,4,0,0
BRDA:28,4,1,0
BRDA:33,5,0,0
BRDA:33,5,1,0
BRDA:54,6,0,0
BRDA:54,6,1,0
BRDA:59,7,0,0
BRDA:59,7,1,0
BRDA:64,8,0,0
BRDA:64,8,1,0
BRDA:74,9,0,0
BRDA:74,9,1,0
BRDA:79,10,0,0
BRDA:79,10,1,0
BRDA:84,11,0,0
BRDA:84,11,1,0
BRDA:90,12,0,0
BRDA:90,12,1,0
BRF:26
BRH:0
end_of_record
TN:
SF:middlewares/validators/ratingsValidator.js
FN:5,(anonymous_0)
FNF:1
FNH:0
FNDA:0,(anonymous_0)
DA:1,3
DA:2,3
DA:3,3
DA:5,3
DA:6,0
DA:7,0
DA:9,0
DA:15,0
DA:16,0
DA:20,0
DA:36,0
DA:37,0
DA:40,0
DA:41,0
DA:44,0
DA:45,0
DA:48,0
DA:49,0
DA:52,0
DA:54,0
LF:20
LH:4
BRDA:15,0,0,0
BRDA:15,0,1,0
BRDA:36,1,0,0
BRDA:36,1,1,0
BRDA:40,2,0,0
BRDA:40,2,1,0
BRDA:44,3,0,0
BRDA:44,3,1,0
BRDA:44,4,0,0
BRDA:44,4,1,0
BRDA:48,5,0,0
BRDA:48,5,1,0
BRF:12
BRH:0
end_of_record
TN:
SF:middlewares/validators/users.js
FN:8,(anonymous_0)
FN:53,(anonymous_1)
FNF:2
FNH:1
FNDA:2,(anonymous_0)
FNDA:0,(anonymous_1)
DA:1,3
DA:2,3
DA:3,3
DA:4,3
DA:5,3
DA:8,3
DA:9,2
DA:10,2
DA:13,2
DA:14,0
DA:18,2
DA:19,0
DA:22,2
DA:23,0
DA:26,2
DA:27,0
DA:30,2
DA:42,0
DA:47,2
DA:49,0
DA:53,3
DA:54,0
DA:55,0
DA:57,0
DA:58,0
DA:59,0
DA:61,0
DA:64,0
DA:65,0
DA:69,0
DA:70,0
DA:74,0
DA:77,0
DA:80,0
DA:83,0
DA:86,0
DA:89,0
DA:90,0
DA:93,0
DA:95,0
LF:40
LH:15
BRDA:13,0,0,0
BRDA:13,0,1,2
BRDA:18,1,0,0
BRDA:18,1,1,2
BRDA:22,2,0,0
BRDA:22,2,1,2
BRDA:26,3,0,0
BRDA:26,3,1,2
BRDA:30,4,0,0
BRDA:30,4,1,2
BRDA:57,5,0,0
BRDA:57,5,1,0
BRDA:57,6,0,0
BRDA:57,6,1,0
BRDA:59,7,0,0
BRDA:59,7,1,0
BRDA:64,8,0,0
BRDA:64,8,1,0
BRDA:69,9,0,0
BRDA:69,9,1,0
BRDA:89,10,0,0
BRDA:89,10,1,0
BRF:22
BRH:5
end_of_record
TN:
SF:models/bookmark.js
FN:3,(anonymous_0)
FN:10,(anonymous_1)
FNF:2
FNH:2
FNDA:3,(anonymous_0)
FNDA:3,(anonymous_1)
DA:2,3
DA:3,3
DA:12,3
DA:16,3
DA:20,3
DA:25,3
DA:38,3
LF:7
LH:7
BRF:0
BRH:0
end_of_record
TN:
SF:models/category.js
FN:3,(anonymous_0)
FN:10,(anonymous_1)
FNF:2
FNH:2
FNDA:3,(anonymous_0)
FNDA:3,(anonymous_1)
DA:2,3
DA:3,3
DA:12,3
DA:15,3
DA:18,3
DA:23,3
DA:34,3
LF:7
LH:7
BRF:0
BRH:0
end_of_record
TN:
SF:models/comment.js
FN:4,(anonymous_0)
FN:11,(anonymous_1)
FNF:2
FNH:2
FNDA:3,(anonymous_0)
FNDA:3,(anonymous_1)
DA:2,3
DA:3,3
DA:4,3
DA:14,3
DA:18,3
DA:23,3
DA:39,3
LF:7
LH:7
BRF:0
BRH:0
end_of_record
TN:
SF:models/event.js
FN:3,(anonymous_0)
FN:10,(anonymous_1)
FNF:2
FNH:2
FNDA:3,(anonymous_0)
FNDA:3,(anonymous_1)
DA:2,3
DA:3,3
DA:13,3
DA:16,3
DA:19,3
DA:22,3
DA:25,3
DA:30,3
DA:50,3
LF:9
LH:9
BRF:0
BRH:0
end_of_record
TN:
SF:models/index.js
FN:20,(anonymous_0)
FN:23,(anonymous_1)
FN:28,(anonymous_2)
FNF:3
FNH:3
FNDA:21,(anonymous_0)
FNDA:18,(anonymous_1)
FNDA:18,(anonymous_2)
DA:3,3
DA:4,3
DA:5,3
DA:6,3
DA:7,3
DA:8,3
DA:9,3
DA:12,3
DA:13,0
DA:15,3
DA:18,3
DA:21,21
DA:24,18
DA:25,18
DA:28,3
DA:29,18
DA:30,18
DA:34,3
DA:35,3
DA:37,3
LF:20
LH:19
BRDA:7,0,0,3
BRDA:7,0,1,0
BRDA:12,1,0,0
BRDA:12,1,1,3
BRDA:21,2,0,21
BRDA:21,2,1,21
BRDA:21,2,2,18
BRDA:29,3,0,18
BRDA:29,3,1,0
BRF:9
BRH:6
end_of_record
TN:
SF:models/rating.js
FN:3,(anonymous_0)
FN:10,(anonymous_1)
FNF:2
FNH:2
FNDA:3,(anonymous_0)
FNDA:3,(anonymous_1)
DA:2,3
DA:3,3
DA:12,3
DA:16,3
DA:20,3
DA:25,3
DA:37,3
LF:7
LH:7
BRF:0
BRH:0
end_of_record
TN:
SF:models/user.js
FN:3,(anonymous_0)
FN:10,(anonymous_1)
FNF:2
FNH:2
FNDA:3,(anonymous_0)
FNDA:3,(anonymous_1)
DA:2,3
DA:3,3
DA:12,3
DA:15,3
DA:18,3
DA:21,3
DA:26,3
DA:41,3
LF:8
LH:8
BRF:0
BRH:0
end_of_record
TN:
SF:routes/bookmark.js
FNF:0
FNH:0
DA:2,3
DA:9,3
DA:14,3
DA:17,3
DA:20,3
DA:21,3
DA:24,3
DA:27,3
LF:8
LH:8
BRF:0
BRH:0
end_of_record
TN:
SF:routes/commentsRouter.js
FNF:0
FNH:0
DA:1,3
DA:5,3
DA:11,3
DA:13,3
DA:16,3
DA:17,3
DA:18,3
DA:20,3
LF:8
LH:8
BRF:0
BRH:0
end_of_record
TN:
SF:routes/events.js
FNF:0
FNH:0
DA:1,3
DA:16,3
DA:19,3
DA:21,3
DA:23,3
DA:25,3
DA:27,3
DA:29,3
DA:31,3
DA:33,3
DA:35,3
DA:37,3
DA:39,3
DA:41,3
DA:44,3
LF:15
LH:15
BRF:0
BRH:0
end_of_record
TN:
SF:routes/index.js
FNF:0
FNH:0
DA:1,3
DA:2,3
DA:8,3
DA:9,3
DA:10,3
DA:11,3
DA:12,3
DA:13,3
DA:14,3
DA:19,3
DA:23,3
DA:25,3
DA:26,3
DA:27,3
DA:28,3
DA:30,3
DA:32,3
DA:33,3
DA:34,3
DA:35,3
DA:36,3
DA:37,3
DA:38,3
DA:40,3
LF:24
LH:24
BRF:0
BRH:0
end_of_record
TN:
SF:routes/ratingsRouter.js
FNF:0
FNH:0
DA:1,3
DA:5,3
DA:7,3
DA:9,3
DA:11,3
DA:13,3
LF:6
LH:6
BRF:0
BRH:0
end_of_record
TN:
SF:routes/users.js
FNF:0
FNH:0
DA:1,3
DA:6,3
DA:13,3
DA:15,3
DA:17,3
DA:18,3
DA:19,3
DA:25,3
DA:27,3
LF:9
LH:9
BRF:0
BRH:0
end_of_record
TN:
SF:utils/bcrypt.js
FN:3,(anonymous_0)
FN:14,(anonymous_1)
FNF:2
FNH:2
FNDA:4,(anonymous_0)
FNDA:2,(anonymous_1)
DA:1,3
DA:3,3
DA:4,4
DA:5,4
DA:6,4
DA:7,4
DA:8,4
DA:10,0
DA:14,3
DA:15,2
DA:18,3
LF:11
LH:10
BRF:0
BRH:0
end_of_record
TN:
SF:utils/index.js
FNF:0
FNH:0
DA:1,3
DA:2,3
DA:4,3
LF:3
LH:3
BRF:0
BRH:0
end_of_record
TN:
SF:utils/jwt.js
FN:7,generateToken
FN:12,decodeToken
FNF:2
FNH:2
FNDA:3,generateToken
FNDA:2,decodeToken
DA:2,4
DA:4,4
DA:8,3
DA:13,2
DA:16,4
LF:5
LH:5
BRF:0
BRH:0
end_of_record
