TN:
SF:app.js
FN:48,(anonymous_0)
FN:57,(anonymous_1)
FNF:2
FNH:0
FNDA:0,(anonymous_0)
FNDA:0,(anonymous_1)
DA:1,3
DA:2,3
DA:3,3
DA:6,3
DA:9,3
DA:11,3
DA:25,3
DA:28,3
DA:30,3
DA:33,3
DA:34,3
DA:37,3
DA:42,3
DA:45,3
DA:48,3
DA:49,0
DA:53,3
DA:55,3
DA:57,0
DA:60,3
LF:20
LH:18
BRDA:25,0,0,3
BRDA:25,0,1,3
BRDA:55,1,0,0
BRDA:55,1,1,3
BRF:4
BRH:3
end_of_record
TN:
SF:config/config.js
FNF:0
FNH:0
DA:1,3
DA:3,3
LF:2
LH:2
BRF:0
BRH:0
end_of_record
TN:
SF:controllers/bookmark.js
FN:5,(anonymous_0)
FN:13,(anonymous_1)
FN:22,(anonymous_2)
FN:52,(anonymous_3)
FN:70,(anonymous_4)
FNF:5
FNH:0
FNDA:0,(anonymous_0)
FNDA:0,(anonymous_1)
FNDA:0,(anonymous_2)
FNDA:0,(anonymous_3)
FNDA:0,(anonymous_4)
DA:1,3
DA:2,3
DA:5,3
DA:6,0
DA:7,0
DA:9,0
DA:13,3
DA:14,0
DA:15,0
DA:16,0
DA:18,0
DA:23,0
DA:24,0
DA:25,0
DA:27,0
DA:43,0
DA:44,0
DA:46,0
DA:48,0
DA:53,0
DA:54,0
DA:55,0
DA:56,0
DA:58,0
DA:64,0
DA:66,0
DA:71,0
DA:72,0
DA:78,0
DA:79,0
DA:82,0
DA:84,0
DA:85,0
DA:90,3
LF:34
LH:5
BRDA:6,0,0,0
BRDA:6,0,1,0
BRDA:7,1,0,0
BRDA:7,1,1,0
BRDA:15,2,0,0
BRDA:15,2,1,0
BRDA:43,3,0,0
BRDA:43,3,1,0
BRDA:78,4,0,0
BRDA:78,4,1,0
BRF:10
BRH:0
end_of_record
TN:
SF:controllers/commentsController.js
FN:5,(anonymous_0)
FN:35,(anonymous_1)
FN:80,(anonymous_2)
FNF:3
FNH:0
FNDA:0,(anonymous_0)
FNDA:0,(anonymous_1)
FNDA:0,(anonymous_2)
DA:1,3
DA:6,0
DA:8,0
DA:15,0
DA:28,0
DA:30,0
DA:36,0
DA:39,0
DA:43,0
DA:44,0
DA:49,0
DA:56,0
DA:57,0
DA:60,0
DA:73,0
DA:75,0
DA:81,0
DA:83,0
DA:87,0
DA:88,0
DA:93,0
DA:95,0
DA:96,0
DA:99,0
DA:101,0
DA:106,3
LF:26
LH:2
BRDA:43,0,0,0
BRDA:43,0,1,0
BRDA:56,1,0,0
BRDA:56,1,1,0
BRDA:87,2,0,0
BRDA:87,2,1,0
BRDA:95,3,0,0
BRDA:95,3,1,0
BRF:8
BRH:0
end_of_record
TN:
SF:controllers/events.js
FN:20,(anonymous_0)
FN:28,(anonymous_1)
FN:39,(anonymous_2)
FN:83,(anonymous_3)
FN:109,(anonymous_4)
FN:157,(anonymous_5)
FN:184,(anonymous_6)
FN:220,(anonymous_7)
FN:257,(anonymous_8)
FN:292,(anonymous_9)
FN:325,(anonymous_10)
FN:358,(anonymous_11)
FN:391,(anonymous_12)
FN:418,(anonymous_13)
FN:445,(anonymous_14)
FN:474,(anonymous_15)
FN:513,(anonymous_16)
FN:559,(anonymous_17)
FN:596,(anonymous_18)
FNF:19
FNH:3
FNDA:2,(anonymous_0)
FNDA:1,(anonymous_1)
FNDA:0,(anonymous_2)
FNDA:2,(anonymous_3)
FNDA:0,(anonymous_4)
FNDA:0,(anonymous_5)
FNDA:0,(anonymous_6)
FNDA:0,(anonymous_7)
FNDA:0,(anonymous_8)
FNDA:0,(anonymous_9)
FNDA:0,(anonymous_10)
FNDA:0,(anonymous_11)
FNDA:0,(anonymous_12)
FNDA:0,(anonymous_13)
FNDA:0,(anonymous_14)
FNDA:0,(anonymous_15)
FNDA:0,(anonymous_16)
FNDA:0,(anonymous_17)
FNDA:0,(anonymous_18)
DA:2,3
DA:5,3
DA:7,3
DA:10,3
DA:12,3
DA:13,3
DA:20,3
DA:21,2
DA:22,2
DA:24,2
DA:28,3
DA:29,1
DA:30,1
DA:31,1
DA:32,1
DA:33,1
DA:35,1
DA:40,0
DA:42,0
DA:57,0
DA:58,0
DA:61,0
DA:65,0
DA:76,0
DA:78,0
DA:84,2
DA:85,2
DA:86,2
DA:88,2
DA:99,2
DA:100,1
DA:102,1
DA:104,0
DA:110,0
DA:111,0
DA:112,0
DA:113,0
DA:115,0
DA:146,0
DA:147,0
DA:150,0
DA:152,0
DA:158,0
DA:159,0
DA:160,0
DA:162,0
DA:173,0
DA:174,0
DA:177,0
DA:179,0
DA:185,0
DA:186,0
DA:187,0
DA:190,0
DA:209,0
DA:210,0
DA:213,0
DA:215,0
DA:221,0
DA:222,0
DA:223,0
DA:225,0
DA:226,0
DA:227,0
DA:228,0
DA:230,0
DA:246,0
DA:247,0
DA:250,0
DA:252,0
DA:258,0
DA:259,0
DA:260,0
DA:263,0
DA:269,0
DA:281,0
DA:282,0
DA:285,0
DA:287,0
DA:293,0
DA:294,0
DA:295,0
DA:298,0
DA:314,0
DA:315,0
DA:318,0
DA:320,0
DA:326,0
DA:327,0
DA:328,0
DA:331,0
DA:347,0
DA:348,0
DA:351,0
DA:353,0
DA:359,0
DA:360,0
DA:364,0
DA:365,0
DA:368,0
DA:374,0
DA:378,0
DA:382,0
DA:384,0
DA:386,0
DA:392,0
DA:393,0
DA:394,0
DA:396,0
DA:407,0
DA:408,0
DA:411,0
DA:413,0
DA:419,0
DA:420,0
DA:421,0
DA:423,0
DA:434,0
DA:435,0
DA:438,0
DA:440,0
DA:446,0
DA:457,0
DA:458,0
DA:472,0
DA:475,0
DA:477,0
DA:480,0
DA:497,0
DA:502,0
DA:508,0
DA:514,0
DA:515,0
DA:519,0
DA:520,0
DA:523,0
DA:524,0
DA:539,0
DA:540,0
DA:557,0
DA:560,0
DA:563,0
DA:580,0
DA:585,0
DA:591,0
DA:597,0
DA:598,0
DA:602,0
DA:603,0
DA:606,0
DA:607,0
DA:612,0
DA:617,0
DA:619,0
DA:624,3
LF:155
LH:25
BRDA:21,0,0,0
BRDA:21,0,1,2
BRDA:22,1,0,2
BRDA:22,1,1,2
BRDA:30,2,0,0
BRDA:30,2,1,1
BRDA:31,3,0,0
BRDA:31,3,1,1
BRDA:32,4,0,0
BRDA:32,4,1,1
BRDA:57,5,0,0
BRDA:57,5,1,0
BRDA:99,6,0,1
BRDA:99,6,1,1
BRDA:146,7,0,0
BRDA:146,7,1,0
BRDA:173,8,0,0
BRDA:173,8,1,0
BRDA:209,9,0,0
BRDA:209,9,1,0
BRDA:246,10,0,0
BRDA:246,10,1,0
BRDA:281,11,0,0
BRDA:281,11,1,0
BRDA:314,12,0,0
BRDA:314,12,1,0
BRDA:347,13,0,0
BRDA:347,13,1,0
BRDA:364,14,0,0
BRDA:364,14,1,0
BRDA:407,15,0,0
BRDA:407,15,1,0
BRDA:434,16,0,0
BRDA:434,16,1,0
BRDA:519,17,0,0
BRDA:519,17,1,0
BRDA:523,18,0,0
BRDA:523,18,1,0
BRDA:602,19,0,0
BRDA:602,19,1,0
BRDA:606,20,0,0
BRDA:606,20,1,0
BRF:42
BRH:8
end_of_record
TN:
SF:controllers/ratingControllers.js
FN:4,(anonymous_0)
FNF:1
FNH:0
FNDA:0,(anonymous_0)
DA:1,3
DA:5,0
DA:7,0
DA:14,0
DA:23,0
DA:25,0
DA:30,3
LF:7
LH:2
BRF:0
BRH:0
end_of_record
TN:
SF:controllers/users.js
FN:6,(anonymous_0)
FN:45,(anonymous_1)
FN:65,(anonymous_2)
FN:111,(anonymous_3)
FN:142,(anonymous_4)
FN:171,(anonymous_5)
FN:174,(anonymous_6)
FN:182,(anonymous_7)
FNF:8
FNH:2
FNDA:2,(anonymous_0)
FNDA:0,(anonymous_1)
FNDA:4,(anonymous_2)
FNDA:0,(anonymous_3)
FNDA:0,(anonymous_4)
FNDA:0,(anonymous_5)
FNDA:0,(anonymous_6)
FNDA:0,(anonymous_7)
DA:1,3
DA:2,3
DA:3,3
DA:7,2
DA:8,2
DA:9,2
DA:12,2
DA:16,2
DA:17,1
DA:23,1
DA:30,1
DA:36,1
DA:41,0
DA:46,0
DA:47,0
DA:48,0
DA:55,0
DA:61,0
DA:66,4
DA:67,4
DA:68,4
DA:69,4
DA:75,4
DA:76,1
DA:82,3
DA:83,1
DA:89,2
DA:90,2
DA:92,2
DA:93,1
DA:99,1
DA:100,1
DA:101,1
DA:106,0
DA:112,0
DA:113,0
DA:114,0
DA:115,0
DA:125,0
DA:131,0
DA:137,0
DA:143,0
DA:144,0
DA:145,0
DA:152,0
DA:153,0
DA:159,0
DA:166,0
DA:172,0
DA:174,0
DA:175,0
DA:176,0
DA:178,0
DA:182,0
DA:183,0
DA:184,0
DA:185,0
DA:187,0
DA:189,0
DA:190,0
DA:192,0
DA:206,0
DA:207,0
DA:210,0
DA:212,0
DA:218,3
LF:66
LH:28
BRDA:16,0,0,1
BRDA:16,0,1,1
BRDA:75,1,0,1
BRDA:75,1,1,3
BRDA:82,2,0,1
BRDA:82,2,1,2
BRDA:92,3,0,1
BRDA:92,3,1,1
BRDA:92,4,0,2
BRDA:92,4,1,2
BRDA:152,5,0,0
BRDA:152,5,1,0
BRDA:175,6,0,0
BRDA:175,6,1,0
BRDA:176,7,0,0
BRDA:176,7,1,0
BRDA:184,8,0,0
BRDA:184,8,1,0
BRDA:206,9,0,0
BRDA:206,9,1,0
BRF:20
BRH:10
end_of_record
TN:
SF:middlewares/errorHandler/index.js
FN:1,(anonymous_0)
FNF:1
FNH:0
FNDA:0,(anonymous_0)
DA:1,3
DA:2,0
LF:2
LH:1
BRDA:3,0,0,0
BRDA:3,0,1,0
BRDA:4,1,0,0
BRDA:4,1,1,0
BRF:4
BRH:0
end_of_record
TN:
SF:middlewares/validators/authentication.js
FN:3,(anonymous_0)
FNF:1
FNH:0
FNDA:0,(anonymous_0)
DA:1,3
DA:3,3
DA:4,0
DA:5,0
DA:6,0
DA:12,0
DA:13,0
DA:14,0
DA:15,0
DA:17,0
DA:18,0
DA:22,3
LF:12
LH:3
BRDA:5,0,0,0
BRDA:5,0,1,0
BRF:2
BRH:0
end_of_record
TN:
SF:middlewares/validators/bookmark.js
FN:4,(anonymous_0)
FNF:1
FNH:0
FNDA:0,(anonymous_0)
DA:1,3
DA:2,3
DA:4,3
DA:5,0
DA:6,0
DA:8,0
DA:14,0
DA:15,0
DA:19,0
DA:35,0
DA:36,0
DA:39,0
DA:40,0
DA:43,0
DA:45,0
LF:15
LH:3
BRDA:14,0,0,0
BRDA:14,0,1,0
BRDA:35,1,0,0
BRDA:35,1,1,0
BRDA:39,2,0,0
BRDA:39,2,1,0
BRF:6
BRH:0
end_of_record
TN:
SF:middlewares/validators/commentsValidator.js
FN:3,(anonymous_0)
FNF:1
FNH:0
FNDA:0,(anonymous_0)
DA:1,3
DA:3,3
DA:4,0
DA:5,0
DA:8,0
DA:9,0
DA:12,0
DA:13,0
DA:16,0
DA:18,0
LF:10
LH:2
BRDA:8,0,0,0
BRDA:8,0,1,0
BRDA:12,1,0,0
BRDA:12,1,1,0
BRF:4
BRH:0
end_of_record
TN:
SF:middlewares/validators/events.js
FN:8,(anonymous_0)
FNF:1
FNH:0
FNDA:0,(anonymous_0)
DA:1,3
DA:2,3
DA:3,3
DA:4,3
DA:5,3
DA:8,3
DA:9,0
DA:10,0
DA:13,0
DA:14,0
DA:19,0
DA:20,0
DA:21,0
DA:25,0
DA:28,0
DA:29,0
DA:33,0
DA:34,0
DA:38,0
DA:41,0
DA:44,0
DA:47,0
DA:50,0
DA:54,0
DA:55,0
DA:59,0
DA:60,0
DA:64,0
DA:70,0
DA:74,0
DA:75,0
DA:79,0
DA:80,0
DA:84,0
DA:87,0
DA:90,0
DA:91,0
DA:94,0
DA:96,0
LF:39
LH:6
BRDA:13,0,0,0
BRDA:13,0,1,0
BRDA:19,1,0,0
BRDA:19,1,1,0
BRDA:19,2,0,0
BRDA:19,2,1,0
BRDA:21,3,0,0
BRDA:21,3,1,0
BRDA:28,4,0,0
BRDA:28,4,1,0
BRDA:33,5,0,0
BRDA:33,5,1,0
BRDA:54,6,0,0
BRDA:54,6,1,0
BRDA:59,7,0,0
BRDA:59,7,1,0
BRDA:64,8,0,0
BRDA:64,8,1,0
BRDA:74,9,0,0
BRDA:74,9,1,0
BRDA:79,10,0,0
BRDA:79,10,1,0
BRDA:84,11,0,0
BRDA:84,11,1,0
BRDA:90,12,0,0
BRDA:90,12,1,0
BRF:26
BRH:0
end_of_record
TN:
SF:middlewares/validators/ratingsValidator.js
FN:5,(anonymous_0)
FNF:1
FNH:0
FNDA:0,(anonymous_0)
DA:1,3
DA:2,3
DA:3,3
DA:5,3
DA:6,0
DA:7,0
DA:9,0
DA:15,0
DA:16,0
DA:20,0
DA:36,0
DA:37,0
DA:40,0
DA:41,0
DA:44,0
DA:45,0
DA:48,0
DA:49,0
DA:52,0
DA:54,0
LF:20
LH:4
BRDA:15,0,0,0
BRDA:15,0,1,0
BRDA:36,1,0,0
BRDA:36,1,1,0
BRDA:40,2,0,0
BRDA:40,2,1,0
BRDA:44,3,0,0
BRDA:44,3,1,0
BRDA:44,4,0,0
BRDA:44,4,1,0
BRDA:48,5,0,0
BRDA:48,5,1,0
BRF:12
BRH:0
end_of_record
TN:
SF:middlewares/validators/users.js
FN:8,(anonymous_0)
FNF:1
FNH:1
FNDA:2,(anonymous_0)
DA:1,3
DA:2,3
DA:3,3
DA:4,3
DA:5,3
DA:8,3
DA:9,2
DA:10,2
DA:13,2
DA:14,0
DA:18,2
DA:19,0
DA:22,2
DA:23,0
DA:26,2
DA:27,0
DA:30,2
DA:42,0
DA:82,2
DA:83,0
DA:86,2
DA:88,0
DA:89,0
LF:23
LH:15
BRDA:13,0,0,0
BRDA:13,0,1,2
BRDA:18,1,0,0
BRDA:18,1,1,2
BRDA:22,2,0,0
BRDA:22,2,1,2
BRDA:26,3,0,0
BRDA:26,3,1,2
BRDA:30,4,0,0
BRDA:30,4,1,2
BRDA:82,5,0,0
BRDA:82,5,1,2
BRF:12
BRH:6
end_of_record
TN:
SF:models/bookmark.js
FN:3,(anonymous_0)
FN:10,(anonymous_1)
FNF:2
FNH:2
FNDA:3,(anonymous_0)
FNDA:3,(anonymous_1)
DA:2,3
DA:3,3
DA:12,3
DA:16,3
DA:20,3
DA:25,3
DA:38,3
LF:7
LH:7
BRF:0
BRH:0
end_of_record
TN:
SF:models/category.js
FN:3,(anonymous_0)
FN:10,(anonymous_1)
FNF:2
FNH:2
FNDA:3,(anonymous_0)
FNDA:3,(anonymous_1)
DA:2,3
DA:3,3
DA:12,3
DA:15,3
DA:18,3
DA:23,3
DA:34,3
LF:7
LH:7
BRF:0
BRH:0
end_of_record
TN:
SF:models/comment.js
FN:4,(anonymous_0)
FN:11,(anonymous_1)
FN:39,(anonymous_2)
FN:40,(anonymous_3)
FNF:4
FNH:2
FNDA:3,(anonymous_0)
FNDA:3,(anonymous_1)
FNDA:0,(anonymous_2)
FNDA:0,(anonymous_3)
DA:2,3
DA:3,3
DA:4,3
DA:14,3
DA:18,3
DA:23,3
DA:39,3
DA:40,0
DA:41,0
DA:45,0
DA:52,3
LF:11
LH:8
BRF:0
BRH:0
end_of_record
TN:
SF:models/event.js
FN:3,(anonymous_0)
FN:10,(anonymous_1)
FNF:2
FNH:2
FNDA:3,(anonymous_0)
FNDA:3,(anonymous_1)
DA:2,3
DA:3,3
DA:13,3
DA:16,3
DA:19,3
DA:22,3
DA:25,3
DA:30,3
DA:50,3
LF:9
LH:9
BRF:0
BRH:0
end_of_record
TN:
SF:models/index.js
FN:20,(anonymous_0)
FN:23,(anonymous_1)
FN:28,(anonymous_2)
FNF:3
FNH:3
FNDA:21,(anonymous_0)
FNDA:18,(anonymous_1)
FNDA:18,(anonymous_2)
DA:3,3
DA:4,3
DA:5,3
DA:6,3
DA:7,3
DA:8,3
DA:9,3
DA:12,3
DA:13,0
DA:15,3
DA:18,3
DA:21,21
DA:24,18
DA:25,18
DA:28,3
DA:29,18
DA:30,18
DA:34,3
DA:35,3
DA:37,3
LF:20
LH:19
BRDA:7,0,0,3
BRDA:7,0,1,0
BRDA:12,1,0,0
BRDA:12,1,1,3
BRDA:21,2,0,21
BRDA:21,2,1,21
BRDA:21,2,2,18
BRDA:29,3,0,18
BRDA:29,3,1,0
BRF:9
BRH:6
end_of_record
TN:
SF:models/rating.js
FN:3,(anonymous_0)
FN:10,(anonymous_1)
FNF:2
FNH:2
FNDA:3,(anonymous_0)
FNDA:3,(anonymous_1)
DA:2,3
DA:3,3
DA:12,3
DA:16,3
DA:20,3
DA:25,3
DA:37,3
LF:7
LH:7
BRF:0
BRH:0
end_of_record
TN:
SF:models/user.js
FN:3,(anonymous_0)
FN:10,(anonymous_1)
FNF:2
FNH:2
FNDA:3,(anonymous_0)
FNDA:3,(anonymous_1)
DA:2,3
DA:3,3
DA:12,3
DA:15,3
DA:18,3
DA:21,3
DA:26,3
DA:41,3
LF:8
LH:8
BRF:0
BRH:0
end_of_record
TN:
SF:routes/bookmark.js
FNF:0
FNH:0
DA:2,3
DA:9,3
DA:14,3
DA:17,3
DA:20,3
DA:21,3
DA:24,3
DA:27,3
LF:8
LH:8
BRF:0
BRH:0
end_of_record
TN:
SF:routes/commentsRouter.js
FNF:0
FNH:0
DA:1,3
DA:5,3
DA:11,3
DA:13,3
DA:16,3
DA:17,3
DA:18,3
DA:20,3
LF:8
LH:8
BRF:0
BRH:0
end_of_record
TN:
SF:routes/events.js
FNF:0
FNH:0
DA:1,3
DA:16,3
DA:19,3
DA:21,3
DA:23,3
DA:25,3
DA:27,3
DA:29,3
DA:31,3
DA:33,3
DA:35,3
DA:37,3
DA:39,3
DA:41,3
DA:44,3
LF:15
LH:15
BRF:0
BRH:0
end_of_record
TN:
SF:routes/index.js
FNF:0
FNH:0
DA:1,3
DA:2,3
DA:8,3
DA:9,3
DA:10,3
DA:11,3
DA:12,3
DA:13,3
DA:14,3
DA:19,3
DA:23,3
DA:25,3
DA:26,3
DA:27,3
DA:28,3
DA:30,3
DA:32,3
DA:33,3
DA:34,3
DA:35,3
DA:36,3
DA:37,3
DA:38,3
DA:40,3
LF:24
LH:24
BRF:0
BRH:0
end_of_record
TN:
SF:routes/ratingsRouter.js
FNF:0
FNH:0
DA:1,3
DA:5,3
DA:7,3
DA:9,3
DA:11,3
DA:13,3
LF:6
LH:6
BRF:0
BRH:0
end_of_record
TN:
SF:routes/users.js
FNF:0
FNH:0
DA:1,3
DA:5,3
DA:12,3
DA:14,3
DA:16,3
DA:17,3
DA:18,3
DA:19,3
DA:21,3
LF:9
LH:9
BRF:0
BRH:0
end_of_record
TN:
SF:utils/bcrypt.js
FN:3,(anonymous_0)
FN:14,(anonymous_1)
FNF:2
FNH:2
FNDA:4,(anonymous_0)
FNDA:2,(anonymous_1)
DA:1,3
DA:3,3
DA:4,4
DA:5,4
DA:6,4
DA:7,4
DA:8,4
DA:10,0
DA:14,3
DA:15,2
DA:18,3
LF:11
LH:10
BRF:0
BRH:0
end_of_record
TN:
SF:utils/index.js
FNF:0
FNH:0
DA:1,3
DA:2,3
DA:4,3
LF:3
LH:3
BRF:0
BRH:0
end_of_record
TN:
SF:utils/jwt.js
FN:7,generateToken
FN:13,decodeToken
FNF:2
FNH:2
FNDA:3,generateToken
FNDA:2,decodeToken
DA:2,4
DA:4,4
DA:8,3
DA:9,3
DA:14,2
DA:17,4
LF:6
LH:6
BRF:0
BRH:0
end_of_record
